[INFO] Scanning for projects...
[INFO] 
[INFO] --------------------------< com.test:Gateway >--------------------------
[INFO] Building Gateway 0.0.1-SNAPSHOT
[INFO] --------------------------------[ jar ]---------------------------------
[INFO] 
[INFO] >>> spring-boot-maven-plugin:2.0.1.RELEASE:run (default-cli) > test-compile @ Gateway >>>
[INFO] 
[INFO] --- maven-resources-plugin:3.0.1:resources (default-resources) @ Gateway ---
[INFO] Using 'UTF-8' encoding to copy filtered resources.
[INFO] Copying 1 resource
[INFO] Copying 0 resource
[INFO] 
[INFO] --- maven-compiler-plugin:3.7.0:compile (default-compile) @ Gateway ---
[INFO] Nothing to compile - all classes are up to date
[INFO] 
[INFO] --- maven-resources-plugin:3.0.1:testResources (default-testResources) @ Gateway ---
[INFO] Using 'UTF-8' encoding to copy filtered resources.
[INFO] skip non existing resourceDirectory /Users/rinkugirdhar/Desktop/workspace/Gateway/src/test/resources
[INFO] 
[INFO] --- maven-compiler-plugin:3.7.0:testCompile (default-testCompile) @ Gateway ---
[INFO] Nothing to compile - all classes are up to date
[INFO] 
[INFO] <<< spring-boot-maven-plugin:2.0.1.RELEASE:run (default-cli) < test-compile @ Gateway <<<
[INFO] 
[INFO] 
[INFO] --- spring-boot-maven-plugin:2.0.1.RELEASE:run (default-cli) @ Gateway ---
2018-04-20 14:48:22.380  INFO 10475 --- [           main] s.c.a.AnnotationConfigApplicationContext : Refreshing org.springframework.context.annotation.AnnotationConfigApplicationContext@5566fed8: startup date [Fri Apr 20 14:48:22 IST 2018]; root of context hierarchy
2018-04-20 14:48:22.746  INFO 10475 --- [           main] f.a.AutowiredAnnotationBeanPostProcessor : JSR-330 'javax.inject.Inject' annotation found and supported for autowiring
2018-04-20 14:48:22.805  INFO 10475 --- [           main] trationDelegate$BeanPostProcessorChecker : Bean 'configurationPropertiesRebinderAutoConfiguration' of type [org.springframework.cloud.autoconfigure.ConfigurationPropertiesRebinderAutoConfiguration$$EnhancerBySpringCGLIB$$60d26f59] is not eligible for getting processed by all BeanPostProcessors (for example: not eligible for auto-proxying)

  .   ____          _            __ _ _
 /\\ / ___'_ __ _ _(_)_ __  __ _ \ \ \ \
( ( )\___ | '_ | '_| | '_ \/ _` | \ \ \ \
 \\/  ___)| |_)| | | | | || (_| |  ) ) ) )
  '  |____| .__|_| |_|_| |_\__, | / / / /
 =========|_|==============|___/=/_/_/_/
 :: Spring Boot ::        (v2.0.1.RELEASE)

2018-04-20 14:48:23.068  INFO 10475 --- [           main] com.test.Gateway.GatewayApplication      : No active profile set, falling back to default profiles: default
2018-04-20 14:48:23.086  INFO 10475 --- [           main] ConfigServletWebServerApplicationContext : Refreshing org.springframework.boot.web.servlet.context.AnnotationConfigServletWebServerApplicationContext@28c78df9: startup date [Fri Apr 20 14:48:23 IST 2018]; parent: org.springframework.context.annotation.AnnotationConfigApplicationContext@5566fed8
2018-04-20 14:48:23.720  INFO 10475 --- [           main] o.s.b.f.s.DefaultListableBeanFactory     : Overriding bean definition for bean 'environmentWebEndpointExtension' with a different definition: replacing [Root bean: class [null]; scope=; abstract=false; lazyInit=false; autowireMode=3; dependencyCheck=0; autowireCandidate=true; primary=false; factoryBeanName=org.springframework.boot.actuate.autoconfigure.env.EnvironmentEndpointAutoConfiguration; factoryMethodName=environmentWebEndpointExtension; initMethodName=null; destroyMethodName=(inferred); defined in class path resource [org/springframework/boot/actuate/autoconfigure/env/EnvironmentEndpointAutoConfiguration.class]] with [Root bean: class [null]; scope=; abstract=false; lazyInit=false; autowireMode=3; dependencyCheck=0; autowireCandidate=true; primary=false; factoryBeanName=org.springframework.cloud.autoconfigure.LifecycleMvcEndpointAutoConfiguration$EndpointConfiguration; factoryMethodName=environmentWebEndpointExtension; initMethodName=null; destroyMethodName=(inferred); defined in class path resource [org/springframework/cloud/autoconfigure/LifecycleMvcEndpointAutoConfiguration$EndpointConfiguration.class]]
2018-04-20 14:48:23.805  INFO 10475 --- [           main] o.s.b.f.s.DefaultListableBeanFactory     : Overriding bean definition for bean 'proxyRequestHelper' with a different definition: replacing [Root bean: class [null]; scope=; abstract=false; lazyInit=false; autowireMode=3; dependencyCheck=0; autowireCandidate=true; primary=false; factoryBeanName=org.springframework.cloud.netflix.zuul.ZuulProxyAutoConfiguration$EndpointConfiguration; factoryMethodName=proxyRequestHelper; initMethodName=null; destroyMethodName=(inferred); defined in class path resource [org/springframework/cloud/netflix/zuul/ZuulProxyAutoConfiguration$EndpointConfiguration.class]] with [Root bean: class [null]; scope=; abstract=false; lazyInit=false; autowireMode=3; dependencyCheck=0; autowireCandidate=true; primary=false; factoryBeanName=org.springframework.cloud.netflix.zuul.ZuulProxyAutoConfiguration$NoActuatorConfiguration; factoryMethodName=proxyRequestHelper; initMethodName=null; destroyMethodName=(inferred); defined in class path resource [org/springframework/cloud/netflix/zuul/ZuulProxyAutoConfiguration$NoActuatorConfiguration.class]]
2018-04-20 14:48:23.813  INFO 10475 --- [           main] o.s.b.f.s.DefaultListableBeanFactory     : Overriding bean definition for bean 'counterFactory' with a different definition: replacing [Root bean: class [null]; scope=; abstract=false; lazyInit=false; autowireMode=3; dependencyCheck=0; autowireCandidate=true; primary=false; factoryBeanName=org.springframework.cloud.netflix.zuul.ZuulServerAutoConfiguration$ZuulMetricsConfiguration; factoryMethodName=counterFactory; initMethodName=null; destroyMethodName=(inferred); defined in class path resource [org/springframework/cloud/netflix/zuul/ZuulServerAutoConfiguration$ZuulMetricsConfiguration.class]] with [Root bean: class [null]; scope=; abstract=false; lazyInit=false; autowireMode=3; dependencyCheck=0; autowireCandidate=true; primary=false; factoryBeanName=org.springframework.cloud.netflix.zuul.ZuulServerAutoConfiguration$ZuulCounterFactoryConfiguration; factoryMethodName=counterFactory; initMethodName=null; destroyMethodName=(inferred); defined in class path resource [org/springframework/cloud/netflix/zuul/ZuulServerAutoConfiguration$ZuulCounterFactoryConfiguration.class]]
2018-04-20 14:48:24.235  INFO 10475 --- [           main] o.s.cloud.context.scope.GenericScope     : BeanFactory id=8df42af2-07e3-392c-9f22-d98b9f78a234
2018-04-20 14:48:24.281  INFO 10475 --- [           main] f.a.AutowiredAnnotationBeanPostProcessor : JSR-330 'javax.inject.Inject' annotation found and supported for autowiring
2018-04-20 14:48:24.600  INFO 10475 --- [           main] trationDelegate$BeanPostProcessorChecker : Bean 'org.springframework.cloud.autoconfigure.ConfigurationPropertiesRebinderAutoConfiguration' of type [org.springframework.cloud.autoconfigure.ConfigurationPropertiesRebinderAutoConfiguration$$EnhancerBySpringCGLIB$$60d26f59] is not eligible for getting processed by all BeanPostProcessors (for example: not eligible for auto-proxying)
2018-04-20 14:48:24.926  INFO 10475 --- [           main] o.s.b.w.embedded.tomcat.TomcatWebServer  : Tomcat initialized with port(s): 9000 (http)
2018-04-20 14:48:24.958  INFO 10475 --- [           main] o.apache.catalina.core.StandardService   : Starting service [Tomcat]
2018-04-20 14:48:24.958  INFO 10475 --- [           main] org.apache.catalina.core.StandardEngine  : Starting Servlet Engine: Apache Tomcat/8.5.29
2018-04-20 14:48:24.972  INFO 10475 --- [ost-startStop-1] o.a.catalina.core.AprLifecycleListener   : The APR based Apache Tomcat Native library which allows optimal performance in production environments was not found on the java.library.path: [/Users/rinkugirdhar/Library/Java/Extensions:/Library/Java/Extensions:/Network/Library/Java/Extensions:/System/Library/Java/Extensions:/usr/lib/java:.]
2018-04-20 14:48:25.076  INFO 10475 --- [ost-startStop-1] o.a.c.c.C.[Tomcat].[localhost].[/]       : Initializing Spring embedded WebApplicationContext
2018-04-20 14:48:25.077  INFO 10475 --- [ost-startStop-1] o.s.web.context.ContextLoader            : Root WebApplicationContext: initialization completed in 1991 ms
2018-04-20 14:48:26.180  WARN 10475 --- [ost-startStop-1] c.n.c.sources.URLConfigurationSource     : No URLs will be polled as dynamic configuration sources.
2018-04-20 14:48:26.181  INFO 10475 --- [ost-startStop-1] c.n.c.sources.URLConfigurationSource     : To enable URLs as dynamic configuration sources, define System property archaius.configurationSource.additionalUrls or make config.properties available on classpath.
2018-04-20 14:48:26.189  INFO 10475 --- [ost-startStop-1] c.netflix.config.DynamicPropertyFactory  : DynamicPropertyFactory is initialized with configuration sources: com.netflix.config.ConcurrentCompositeConfiguration@1720f8d
2018-04-20 14:48:26.324  INFO 10475 --- [ost-startStop-1] o.s.b.w.servlet.ServletRegistrationBean  : Servlet dispatcherServlet mapped to [/]
2018-04-20 14:48:26.326  INFO 10475 --- [ost-startStop-1] o.s.b.w.servlet.ServletRegistrationBean  : Servlet zuulServlet mapped to [/zuul/*]
2018-04-20 14:48:26.329  INFO 10475 --- [ost-startStop-1] o.s.b.w.servlet.FilterRegistrationBean   : Mapping filter: 'characterEncodingFilter' to: [/*]
2018-04-20 14:48:26.329  INFO 10475 --- [ost-startStop-1] o.s.b.w.servlet.FilterRegistrationBean   : Mapping filter: 'hiddenHttpMethodFilter' to: [/*]
2018-04-20 14:48:26.329  INFO 10475 --- [ost-startStop-1] o.s.b.w.servlet.FilterRegistrationBean   : Mapping filter: 'httpPutFormContentFilter' to: [/*]
2018-04-20 14:48:26.329  INFO 10475 --- [ost-startStop-1] o.s.b.w.servlet.FilterRegistrationBean   : Mapping filter: 'requestContextFilter' to: [/*]
2018-04-20 14:48:26.330  INFO 10475 --- [ost-startStop-1] o.s.b.w.servlet.FilterRegistrationBean   : Mapping filter: 'httpTraceFilter' to: [/*]
2018-04-20 14:48:26.330  INFO 10475 --- [ost-startStop-1] o.s.b.w.servlet.FilterRegistrationBean   : Mapping filter: 'webMvcMetricsFilter' to: [/*]
2018-04-20 14:48:26.417  WARN 10475 --- [           main] c.n.c.sources.URLConfigurationSource     : No URLs will be polled as dynamic configuration sources.
2018-04-20 14:48:26.417  INFO 10475 --- [           main] c.n.c.sources.URLConfigurationSource     : To enable URLs as dynamic configuration sources, define System property archaius.configurationSource.additionalUrls or make config.properties available on classpath.
2018-04-20 14:48:26.507  INFO 10475 --- [           main] o.s.w.s.handler.SimpleUrlHandlerMapping  : Mapped URL path [/**/favicon.ico] onto handler of type [class org.springframework.web.servlet.resource.ResourceHttpRequestHandler]
2018-04-20 14:48:26.719  INFO 10475 --- [           main] s.w.s.m.m.a.RequestMappingHandlerAdapter : Looking for @ControllerAdvice: org.springframework.boot.web.servlet.context.AnnotationConfigServletWebServerApplicationContext@28c78df9: startup date [Fri Apr 20 14:48:23 IST 2018]; parent: org.springframework.context.annotation.AnnotationConfigApplicationContext@5566fed8
2018-04-20 14:48:26.821  INFO 10475 --- [           main] s.w.s.m.m.a.RequestMappingHandlerMapping : Mapped "{[/error]}" onto public org.springframework.http.ResponseEntity<java.util.Map<java.lang.String, java.lang.Object>> org.springframework.boot.autoconfigure.web.servlet.error.BasicErrorController.error(javax.servlet.http.HttpServletRequest)
2018-04-20 14:48:26.823  INFO 10475 --- [           main] s.w.s.m.m.a.RequestMappingHandlerMapping : Mapped "{[/error],produces=[text/html]}" onto public org.springframework.web.servlet.ModelAndView org.springframework.boot.autoconfigure.web.servlet.error.BasicErrorController.errorHtml(javax.servlet.http.HttpServletRequest,javax.servlet.http.HttpServletResponse)
2018-04-20 14:48:26.868  INFO 10475 --- [           main] o.s.w.s.handler.SimpleUrlHandlerMapping  : Mapped URL path [/webjars/**] onto handler of type [class org.springframework.web.servlet.resource.ResourceHttpRequestHandler]
2018-04-20 14:48:26.868  INFO 10475 --- [           main] o.s.w.s.handler.SimpleUrlHandlerMapping  : Mapped URL path [/**] onto handler of type [class org.springframework.web.servlet.resource.ResourceHttpRequestHandler]
2018-04-20 14:48:28.026  INFO 10475 --- [           main] o.s.c.n.zuul.ZuulFilterInitializer       : Starting filter initializer
2018-04-20 14:48:28.094  INFO 10475 --- [           main] o.s.b.a.e.web.EndpointLinksResolver      : Exposing 2 endpoint(s) beneath base path '/actuator'
2018-04-20 14:48:28.106  INFO 10475 --- [           main] s.b.a.e.w.s.WebMvcEndpointHandlerMapping : Mapped "{[/actuator/health],methods=[GET],produces=[application/vnd.spring-boot.actuator.v2+json || application/json]}" onto public java.lang.Object org.springframework.boot.actuate.endpoint.web.servlet.AbstractWebMvcEndpointHandlerMapping$OperationHandler.handle(javax.servlet.http.HttpServletRequest,java.util.Map<java.lang.String, java.lang.String>)
2018-04-20 14:48:28.108  INFO 10475 --- [           main] s.b.a.e.w.s.WebMvcEndpointHandlerMapping : Mapped "{[/actuator/info],methods=[GET],produces=[application/vnd.spring-boot.actuator.v2+json || application/json]}" onto public java.lang.Object org.springframework.boot.actuate.endpoint.web.servlet.AbstractWebMvcEndpointHandlerMapping$OperationHandler.handle(javax.servlet.http.HttpServletRequest,java.util.Map<java.lang.String, java.lang.String>)
2018-04-20 14:48:28.110  INFO 10475 --- [           main] s.b.a.e.w.s.WebMvcEndpointHandlerMapping : Mapped "{[/actuator],methods=[GET],produces=[application/vnd.spring-boot.actuator.v2+json || application/json]}" onto protected java.util.Map<java.lang.String, java.util.Map<java.lang.String, org.springframework.boot.actuate.endpoint.web.Link>> org.springframework.boot.actuate.endpoint.web.servlet.WebMvcEndpointHandlerMapping.links(javax.servlet.http.HttpServletRequest,javax.servlet.http.HttpServletResponse)
2018-04-20 14:48:28.176  INFO 10475 --- [           main] o.s.j.e.a.AnnotationMBeanExporter        : Registering beans for JMX exposure on startup
2018-04-20 14:48:28.190  INFO 10475 --- [           main] o.s.j.e.a.AnnotationMBeanExporter        : Bean with name 'configurationPropertiesRebinder' has been autodetected for JMX exposure
2018-04-20 14:48:28.191  INFO 10475 --- [           main] o.s.j.e.a.AnnotationMBeanExporter        : Bean with name 'environmentManager' has been autodetected for JMX exposure
2018-04-20 14:48:28.193  INFO 10475 --- [           main] o.s.j.e.a.AnnotationMBeanExporter        : Bean with name 'refreshScope' has been autodetected for JMX exposure
2018-04-20 14:48:28.195  INFO 10475 --- [           main] o.s.j.e.a.AnnotationMBeanExporter        : Located managed bean 'environmentManager': registering with JMX server as MBean [org.springframework.cloud.context.environment:name=environmentManager,type=EnvironmentManager]
2018-04-20 14:48:28.203  INFO 10475 --- [           main] o.s.j.e.a.AnnotationMBeanExporter        : Located managed bean 'refreshScope': registering with JMX server as MBean [org.springframework.cloud.context.scope.refresh:name=refreshScope,type=RefreshScope]
2018-04-20 14:48:28.217  INFO 10475 --- [           main] o.s.j.e.a.AnnotationMBeanExporter        : Located managed bean 'configurationPropertiesRebinder': registering with JMX server as MBean [org.springframework.cloud.context.properties:name=configurationPropertiesRebinder,context=28c78df9,type=ConfigurationPropertiesRebinder]
2018-04-20 14:48:28.231  INFO 10475 --- [           main] o.s.c.support.DefaultLifecycleProcessor  : Starting beans in phase 0
2018-04-20 14:48:28.250  INFO 10475 --- [           main] o.s.c.n.eureka.InstanceInfoFactory       : Setting initial instance status as: STARTING
2018-04-20 14:48:28.310  INFO 10475 --- [           main] com.netflix.discovery.DiscoveryClient    : Initializing Eureka in region us-east-1
2018-04-20 14:48:28.408  INFO 10475 --- [           main] c.n.d.provider.DiscoveryJerseyProvider   : Using JSON encoding codec LegacyJacksonJson
2018-04-20 14:48:28.409  INFO 10475 --- [           main] c.n.d.provider.DiscoveryJerseyProvider   : Using JSON decoding codec LegacyJacksonJson
2018-04-20 14:48:28.583  INFO 10475 --- [           main] c.n.d.provider.DiscoveryJerseyProvider   : Using XML encoding codec XStreamXml
2018-04-20 14:48:28.583  INFO 10475 --- [           main] c.n.d.provider.DiscoveryJerseyProvider   : Using XML decoding codec XStreamXml
2018-04-20 14:48:28.765  INFO 10475 --- [           main] c.n.d.s.r.aws.ConfigClusterResolver      : Resolving eureka endpoints via configuration
2018-04-20 14:48:28.791  INFO 10475 --- [           main] com.netflix.discovery.DiscoveryClient    : Disable delta property : false
2018-04-20 14:48:28.791  INFO 10475 --- [           main] com.netflix.discovery.DiscoveryClient    : Single vip registry refresh property : null
2018-04-20 14:48:28.791  INFO 10475 --- [           main] com.netflix.discovery.DiscoveryClient    : Force full registry fetch : false
2018-04-20 14:48:28.791  INFO 10475 --- [           main] com.netflix.discovery.DiscoveryClient    : Application is null : false
2018-04-20 14:48:28.791  INFO 10475 --- [           main] com.netflix.discovery.DiscoveryClient    : Registered Applications size is zero : true
2018-04-20 14:48:28.791  INFO 10475 --- [           main] com.netflix.discovery.DiscoveryClient    : Application version is -1: true
2018-04-20 14:48:28.791  INFO 10475 --- [           main] com.netflix.discovery.DiscoveryClient    : Getting all instance registry info from the eureka server
2018-04-20 14:48:29.002  INFO 10475 --- [           main] com.netflix.discovery.DiscoveryClient    : The response status is 200
2018-04-20 14:48:29.006  INFO 10475 --- [           main] com.netflix.discovery.DiscoveryClient    : Starting heartbeat executor: renew interval is: 30
2018-04-20 14:48:29.010  INFO 10475 --- [           main] c.n.discovery.InstanceInfoReplicator     : InstanceInfoReplicator onDemand update allowed rate per min is 4
2018-04-20 14:48:29.013  INFO 10475 --- [           main] com.netflix.discovery.DiscoveryClient    : Discovery Client initialized at timestamp 1524215909012 with initial instances count: 2
2018-04-20 14:48:29.017  INFO 10475 --- [           main] o.s.c.n.e.s.EurekaServiceRegistry        : Registering application gateway with eureka with status UP
2018-04-20 14:48:29.018  INFO 10475 --- [           main] com.netflix.discovery.DiscoveryClient    : Saw local status change event StatusChangeEvent [timestamp=1524215909018, current=UP, previous=STARTING]
2018-04-20 14:48:29.020  INFO 10475 --- [nfoReplicator-0] com.netflix.discovery.DiscoveryClient    : DiscoveryClient_GATEWAY/192.168.12.68:gateway:9000: registering service...
2018-04-20 14:48:29.061  INFO 10475 --- [nfoReplicator-0] com.netflix.discovery.DiscoveryClient    : DiscoveryClient_GATEWAY/192.168.12.68:gateway:9000 - registration status: 204
2018-04-20 14:48:29.116  INFO 10475 --- [           main] o.s.b.w.embedded.tomcat.TomcatWebServer  : Tomcat started on port(s): 9000 (http) with context path ''
2018-04-20 14:48:29.117  INFO 10475 --- [           main] .s.c.n.e.s.EurekaAutoServiceRegistration : Updating port to 9000
2018-04-20 14:48:29.121  INFO 10475 --- [           main] com.test.Gateway.GatewayApplication      : Started GatewayApplication in 7.226 seconds (JVM running for 11.036)
2018-04-20 14:48:34.550  INFO 10475 --- [nio-9000-exec-1] o.a.c.c.C.[Tomcat].[localhost].[/]       : Initializing Spring FrameworkServlet 'dispatcherServlet'
2018-04-20 14:48:34.550  INFO 10475 --- [nio-9000-exec-1] o.s.web.servlet.DispatcherServlet        : FrameworkServlet 'dispatcherServlet': initialization started
2018-04-20 14:48:34.575  INFO 10475 --- [nio-9000-exec-1] o.s.web.servlet.DispatcherServlet        : FrameworkServlet 'dispatcherServlet': initialization completed in 25 ms
2018-04-20 14:48:34.614  INFO 10475 --- [nio-9000-exec-1] o.s.c.n.zuul.web.ZuulHandlerMapping      : Mapped URL path [/ms1/**] onto handler of type [class org.springframework.cloud.netflix.zuul.web.ZuulController]
2018-04-20 14:48:34.615  INFO 10475 --- [nio-9000-exec-1] o.s.c.n.zuul.web.ZuulHandlerMapping      : Mapped URL path [/ms2/**] onto handler of type [class org.springframework.cloud.netflix.zuul.web.ZuulController]
2018-04-20 14:53:28.811  INFO 10475 --- [trap-executor-0] c.n.d.s.r.aws.ConfigClusterResolver      : Resolving eureka endpoints via configuration
2018-04-20 14:58:28.823  INFO 10475 --- [trap-executor-0] c.n.d.s.r.aws.ConfigClusterResolver      : Resolving eureka endpoints via configuration
2018-04-20 15:08:47.675  INFO 10475 --- [trap-executor-0] c.n.d.s.r.aws.ConfigClusterResolver      : Resolving eureka endpoints via configuration
2018-04-20 15:13:47.681  INFO 10475 --- [trap-executor-0] c.n.d.s.r.aws.ConfigClusterResolver      : Resolving eureka endpoints via configuration
2018-04-20 15:18:47.694  INFO 10475 --- [trap-executor-0] c.n.d.s.r.aws.ConfigClusterResolver      : Resolving eureka endpoints via configuration
2018-04-20 15:23:47.828  INFO 10475 --- [trap-executor-0] c.n.d.s.r.aws.ConfigClusterResolver      : Resolving eureka endpoints via configuration
2018-04-20 15:28:47.833  INFO 10475 --- [trap-executor-0] c.n.d.s.r.aws.ConfigClusterResolver      : Resolving eureka endpoints via configuration
2018-04-20 15:33:47.840  INFO 10475 --- [trap-executor-0] c.n.d.s.r.aws.ConfigClusterResolver      : Resolving eureka endpoints via configuration
2018-04-20 15:38:47.883  INFO 10475 --- [trap-executor-0] c.n.d.s.r.aws.ConfigClusterResolver      : Resolving eureka endpoints via configuration
2018-04-20 15:43:47.900  INFO 10475 --- [trap-executor-0] c.n.d.s.r.aws.ConfigClusterResolver      : Resolving eureka endpoints via configuration
