[INFO] Scanning for projects...
[INFO] 
[INFO] ----------------------------< com.test:MS1 >----------------------------
[INFO] Building MS1 0.0.1-SNAPSHOT
[INFO] --------------------------------[ jar ]---------------------------------
[INFO] 
[INFO] >>> spring-boot-maven-plugin:2.0.1.RELEASE:run (default-cli) > test-compile @ MS1 >>>
[INFO] 
[INFO] --- maven-resources-plugin:3.0.1:resources (default-resources) @ MS1 ---
[INFO] Using 'UTF-8' encoding to copy filtered resources.
[INFO] Copying 1 resource
[INFO] Copying 1 resource
[INFO] 
[INFO] --- maven-compiler-plugin:3.7.0:compile (default-compile) @ MS1 ---
[INFO] Nothing to compile - all classes are up to date
[INFO] 
[INFO] --- maven-resources-plugin:3.0.1:testResources (default-testResources) @ MS1 ---
[INFO] Using 'UTF-8' encoding to copy filtered resources.
[INFO] skip non existing resourceDirectory /Users/rinkugirdhar/Desktop/workspace/MS1/src/test/resources
[INFO] 
[INFO] --- maven-compiler-plugin:3.7.0:testCompile (default-testCompile) @ MS1 ---
[INFO] Nothing to compile - all classes are up to date
[INFO] 
[INFO] <<< spring-boot-maven-plugin:2.0.1.RELEASE:run (default-cli) < test-compile @ MS1 <<<
[INFO] 
[INFO] 
[INFO] --- spring-boot-maven-plugin:2.0.1.RELEASE:run (default-cli) @ MS1 ---
2018-04-20 15:22:02.852  INFO [-,,,] 10874 --- [           main] s.c.a.AnnotationConfigApplicationContext : Refreshing org.springframework.context.annotation.AnnotationConfigApplicationContext@6ad30e12: startup date [Fri Apr 20 15:22:02 IST 2018]; root of context hierarchy
2018-04-20 15:22:03.308  INFO [-,,,] 10874 --- [           main] f.a.AutowiredAnnotationBeanPostProcessor : JSR-330 'javax.inject.Inject' annotation found and supported for autowiring
2018-04-20 15:22:03.352  INFO [-,,,] 10874 --- [           main] trationDelegate$BeanPostProcessorChecker : Bean 'configurationPropertiesRebinderAutoConfiguration' of type [org.springframework.cloud.autoconfigure.ConfigurationPropertiesRebinderAutoConfiguration$$EnhancerBySpringCGLIB$$9622bdbc] is not eligible for getting processed by all BeanPostProcessors (for example: not eligible for auto-proxying)

  .   ____          _            __ _ _
 /\\ / ___'_ __ _ _(_)_ __  __ _ \ \ \ \
( ( )\___ | '_ | '_| | '_ \/ _` | \ \ \ \
 \\/  ___)| |_)| | | | | || (_| |  ) ) ) )
  '  |____| .__|_| |_|_| |_\__, | / / / /
 =========|_|==============|___/=/_/_/_/
 :: Spring Boot ::        (v2.0.1.RELEASE)

2018-04-20 15:22:03.614  INFO [-,,,] 10874 --- [           main] c.c.c.ConfigServicePropertySourceLocator : Fetching config from server at: http://localhost:8888
2018-04-20 15:22:03.733  WARN [-,,,] 10874 --- [           main] c.c.c.ConfigServicePropertySourceLocator : Could not locate PropertySource: I/O error on GET request for "http://localhost:8888/MS1/default": Connection refused (Connection refused); nested exception is java.net.ConnectException: Connection refused (Connection refused)
2018-04-20 15:22:03.734  INFO [-,,,] 10874 --- [           main] com.test.MS1.Ms1Application              : No active profile set, falling back to default profiles: default
2018-04-20 15:22:03.750  INFO [-,,,] 10874 --- [           main] ConfigServletWebServerApplicationContext : Refreshing org.springframework.boot.web.servlet.context.AnnotationConfigServletWebServerApplicationContext@5ab241f7: startup date [Fri Apr 20 15:22:03 IST 2018]; parent: org.springframework.context.annotation.AnnotationConfigApplicationContext@6ad30e12
2018-04-20 15:22:04.501  INFO [-,,,] 10874 --- [           main] o.s.b.f.s.DefaultListableBeanFactory     : Overriding bean definition for bean 'environmentWebEndpointExtension' with a different definition: replacing [Root bean: class [null]; scope=; abstract=false; lazyInit=false; autowireMode=3; dependencyCheck=0; autowireCandidate=true; primary=false; factoryBeanName=org.springframework.boot.actuate.autoconfigure.env.EnvironmentEndpointAutoConfiguration; factoryMethodName=environmentWebEndpointExtension; initMethodName=null; destroyMethodName=(inferred); defined in class path resource [org/springframework/boot/actuate/autoconfigure/env/EnvironmentEndpointAutoConfiguration.class]] with [Root bean: class [null]; scope=; abstract=false; lazyInit=false; autowireMode=3; dependencyCheck=0; autowireCandidate=true; primary=false; factoryBeanName=org.springframework.cloud.autoconfigure.LifecycleMvcEndpointAutoConfiguration$EndpointConfiguration; factoryMethodName=environmentWebEndpointExtension; initMethodName=null; destroyMethodName=(inferred); defined in class path resource [org/springframework/cloud/autoconfigure/LifecycleMvcEndpointAutoConfiguration$EndpointConfiguration.class]]
2018-04-20 15:22:05.099  INFO [-,,,] 10874 --- [           main] o.s.cloud.context.scope.GenericScope     : BeanFactory id=296532a0-d9dd-35ac-a91d-d4fe2ef120a8
2018-04-20 15:22:05.120  INFO [-,,,] 10874 --- [           main] f.a.AutowiredAnnotationBeanPostProcessor : JSR-330 'javax.inject.Inject' annotation found and supported for autowiring
2018-04-20 15:22:05.517  INFO [-,,,] 10874 --- [           main] trationDelegate$BeanPostProcessorChecker : Bean 'org.springframework.cloud.autoconfigure.ConfigurationPropertiesRebinderAutoConfiguration' of type [org.springframework.cloud.autoconfigure.ConfigurationPropertiesRebinderAutoConfiguration$$EnhancerBySpringCGLIB$$9622bdbc] is not eligible for getting processed by all BeanPostProcessors (for example: not eligible for auto-proxying)
2018-04-20 15:22:05.896  INFO [-,,,] 10874 --- [           main] o.s.b.w.embedded.tomcat.TomcatWebServer  : Tomcat initialized with port(s): 9001 (http)
2018-04-20 15:22:05.924  INFO [-,,,] 10874 --- [           main] o.apache.catalina.core.StandardService   : Starting service [Tomcat]
2018-04-20 15:22:05.925  INFO [-,,,] 10874 --- [           main] org.apache.catalina.core.StandardEngine  : Starting Servlet Engine: Apache Tomcat/8.5.29
2018-04-20 15:22:05.938  INFO [-,,,] 10874 --- [ost-startStop-1] o.a.catalina.core.AprLifecycleListener   : The APR based Apache Tomcat Native library which allows optimal performance in production environments was not found on the java.library.path: [/Users/rinkugirdhar/Library/Java/Extensions:/Library/Java/Extensions:/Network/Library/Java/Extensions:/System/Library/Java/Extensions:/usr/lib/java:.]
2018-04-20 15:22:06.038  INFO [-,,,] 10874 --- [ost-startStop-1] o.a.c.c.C.[Tomcat].[localhost].[/]       : Initializing Spring embedded WebApplicationContext
2018-04-20 15:22:06.039  INFO [-,,,] 10874 --- [ost-startStop-1] o.s.web.context.ContextLoader            : Root WebApplicationContext: initialization completed in 2289 ms
2018-04-20 15:22:07.614  INFO [-,,,] 10874 --- [ost-startStop-1] o.s.b.w.servlet.FilterRegistrationBean   : Mapping filter: 'characterEncodingFilter' to: [/*]
2018-04-20 15:22:07.615  INFO [-,,,] 10874 --- [ost-startStop-1] o.s.b.w.servlet.FilterRegistrationBean   : Mapping filter: 'tracingFilter' to: [/*]
2018-04-20 15:22:07.615  INFO [-,,,] 10874 --- [ost-startStop-1] o.s.b.w.servlet.FilterRegistrationBean   : Mapping filter: 'exceptionLoggingFilter' to: [/*]
2018-04-20 15:22:07.615  INFO [-,,,] 10874 --- [ost-startStop-1] o.s.b.w.servlet.FilterRegistrationBean   : Mapping filter: 'hiddenHttpMethodFilter' to: [/*]
2018-04-20 15:22:07.615  INFO [-,,,] 10874 --- [ost-startStop-1] o.s.b.w.servlet.FilterRegistrationBean   : Mapping filter: 'httpPutFormContentFilter' to: [/*]
2018-04-20 15:22:07.615  INFO [-,,,] 10874 --- [ost-startStop-1] o.s.b.w.servlet.FilterRegistrationBean   : Mapping filter: 'requestContextFilter' to: [/*]
2018-04-20 15:22:07.615  INFO [-,,,] 10874 --- [ost-startStop-1] o.s.b.w.servlet.FilterRegistrationBean   : Mapping filter: 'httpTraceFilter' to: [/*]
2018-04-20 15:22:07.616  INFO [-,,,] 10874 --- [ost-startStop-1] o.s.b.w.servlet.FilterRegistrationBean   : Mapping filter: 'webMvcMetricsFilter' to: [/*]
2018-04-20 15:22:07.616  INFO [-,,,] 10874 --- [ost-startStop-1] o.s.b.w.servlet.ServletRegistrationBean  : Servlet dispatcherServlet mapped to [/]
2018-04-20 15:22:07.716  WARN [-,,,] 10874 --- [           main] c.n.c.sources.URLConfigurationSource     : No URLs will be polled as dynamic configuration sources.
2018-04-20 15:22:07.716  INFO [-,,,] 10874 --- [           main] c.n.c.sources.URLConfigurationSource     : To enable URLs as dynamic configuration sources, define System property archaius.configurationSource.additionalUrls or make config.properties available on classpath.
2018-04-20 15:22:07.723  WARN [-,,,] 10874 --- [           main] c.n.c.sources.URLConfigurationSource     : No URLs will be polled as dynamic configuration sources.
2018-04-20 15:22:07.723  INFO [-,,,] 10874 --- [           main] c.n.c.sources.URLConfigurationSource     : To enable URLs as dynamic configuration sources, define System property archaius.configurationSource.additionalUrls or make config.properties available on classpath.
2018-04-20 15:22:07.855  INFO [-,,,] 10874 --- [           main] o.s.w.s.handler.SimpleUrlHandlerMapping  : Mapped URL path [/**/favicon.ico] onto handler of type [class org.springframework.web.servlet.resource.ResourceHttpRequestHandler]
2018-04-20 15:22:08.147  INFO [-,,,] 10874 --- [           main] s.w.s.m.m.a.RequestMappingHandlerAdapter : Looking for @ControllerAdvice: org.springframework.boot.web.servlet.context.AnnotationConfigServletWebServerApplicationContext@5ab241f7: startup date [Fri Apr 20 15:22:03 IST 2018]; parent: org.springframework.context.annotation.AnnotationConfigApplicationContext@6ad30e12
2018-04-20 15:22:08.312  INFO [-,,,] 10874 --- [           main] s.w.s.m.m.a.RequestMappingHandlerMapping : Mapped "{[/message]}" onto java.lang.String com.test.MS1.ApiController.getMessage()
2018-04-20 15:22:08.313  INFO [-,,,] 10874 --- [           main] s.w.s.m.m.a.RequestMappingHandlerMapping : Mapped "{[/v1],methods=[GET]}" onto public java.lang.String com.test.MS1.ApiController.test()
2018-04-20 15:22:08.315  INFO [-,,,] 10874 --- [           main] s.w.s.m.m.a.RequestMappingHandlerMapping : Mapped "{[/error]}" onto public org.springframework.http.ResponseEntity<java.util.Map<java.lang.String, java.lang.Object>> org.springframework.boot.autoconfigure.web.servlet.error.BasicErrorController.error(javax.servlet.http.HttpServletRequest)
2018-04-20 15:22:08.316  INFO [-,,,] 10874 --- [           main] s.w.s.m.m.a.RequestMappingHandlerMapping : Mapped "{[/error],produces=[text/html]}" onto public org.springframework.web.servlet.ModelAndView org.springframework.boot.autoconfigure.web.servlet.error.BasicErrorController.errorHtml(javax.servlet.http.HttpServletRequest,javax.servlet.http.HttpServletResponse)
2018-04-20 15:22:08.384  INFO [-,,,] 10874 --- [           main] o.s.w.s.handler.SimpleUrlHandlerMapping  : Mapped URL path [/webjars/**] onto handler of type [class org.springframework.web.servlet.resource.ResourceHttpRequestHandler]
2018-04-20 15:22:08.384  INFO [-,,,] 10874 --- [           main] o.s.w.s.handler.SimpleUrlHandlerMapping  : Mapped URL path [/**] onto handler of type [class org.springframework.web.servlet.resource.ResourceHttpRequestHandler]
2018-04-20 15:22:09.540  INFO [-,,,] 10874 --- [           main] o.s.b.a.e.web.EndpointLinksResolver      : Exposing 18 endpoint(s) beneath base path '/actuator'
2018-04-20 15:22:09.552  INFO [-,,,] 10874 --- [           main] s.b.a.e.w.s.WebMvcEndpointHandlerMapping : Mapped "{[/actuator/archaius],methods=[GET],produces=[application/vnd.spring-boot.actuator.v2+json || application/json]}" onto public java.lang.Object org.springframework.boot.actuate.endpoint.web.servlet.AbstractWebMvcEndpointHandlerMapping$OperationHandler.handle(javax.servlet.http.HttpServletRequest,java.util.Map<java.lang.String, java.lang.String>)
2018-04-20 15:22:09.553  INFO [-,,,] 10874 --- [           main] s.b.a.e.w.s.WebMvcEndpointHandlerMapping : Mapped "{[/actuator/auditevents],methods=[GET],produces=[application/vnd.spring-boot.actuator.v2+json || application/json]}" onto public java.lang.Object org.springframework.boot.actuate.endpoint.web.servlet.AbstractWebMvcEndpointHandlerMapping$OperationHandler.handle(javax.servlet.http.HttpServletRequest,java.util.Map<java.lang.String, java.lang.String>)
2018-04-20 15:22:09.554  INFO [-,,,] 10874 --- [           main] s.b.a.e.w.s.WebMvcEndpointHandlerMapping : Mapped "{[/actuator/beans],methods=[GET],produces=[application/vnd.spring-boot.actuator.v2+json || application/json]}" onto public java.lang.Object org.springframework.boot.actuate.endpoint.web.servlet.AbstractWebMvcEndpointHandlerMapping$OperationHandler.handle(javax.servlet.http.HttpServletRequest,java.util.Map<java.lang.String, java.lang.String>)
2018-04-20 15:22:09.554  INFO [-,,,] 10874 --- [           main] s.b.a.e.w.s.WebMvcEndpointHandlerMapping : Mapped "{[/actuator/health],methods=[GET],produces=[application/vnd.spring-boot.actuator.v2+json || application/json]}" onto public java.lang.Object org.springframework.boot.actuate.endpoint.web.servlet.AbstractWebMvcEndpointHandlerMapping$OperationHandler.handle(javax.servlet.http.HttpServletRequest,java.util.Map<java.lang.String, java.lang.String>)
2018-04-20 15:22:09.555  INFO [-,,,] 10874 --- [           main] s.b.a.e.w.s.WebMvcEndpointHandlerMapping : Mapped "{[/actuator/conditions],methods=[GET],produces=[application/vnd.spring-boot.actuator.v2+json || application/json]}" onto public java.lang.Object org.springframework.boot.actuate.endpoint.web.servlet.AbstractWebMvcEndpointHandlerMapping$OperationHandler.handle(javax.servlet.http.HttpServletRequest,java.util.Map<java.lang.String, java.lang.String>)
2018-04-20 15:22:09.555  INFO [-,,,] 10874 --- [           main] s.b.a.e.w.s.WebMvcEndpointHandlerMapping : Mapped "{[/actuator/configprops],methods=[GET],produces=[application/vnd.spring-boot.actuator.v2+json || application/json]}" onto public java.lang.Object org.springframework.boot.actuate.endpoint.web.servlet.AbstractWebMvcEndpointHandlerMapping$OperationHandler.handle(javax.servlet.http.HttpServletRequest,java.util.Map<java.lang.String, java.lang.String>)
2018-04-20 15:22:09.555  INFO [-,,,] 10874 --- [           main] s.b.a.e.w.s.WebMvcEndpointHandlerMapping : Mapped "{[/actuator/env],methods=[GET],produces=[application/vnd.spring-boot.actuator.v2+json || application/json]}" onto public java.lang.Object org.springframework.boot.actuate.endpoint.web.servlet.AbstractWebMvcEndpointHandlerMapping$OperationHandler.handle(javax.servlet.http.HttpServletRequest,java.util.Map<java.lang.String, java.lang.String>)
2018-04-20 15:22:09.556  INFO [-,,,] 10874 --- [           main] s.b.a.e.w.s.WebMvcEndpointHandlerMapping : Mapped "{[/actuator/env/{toMatch}],methods=[GET],produces=[application/vnd.spring-boot.actuator.v2+json || application/json]}" onto public java.lang.Object org.springframework.boot.actuate.endpoint.web.servlet.AbstractWebMvcEndpointHandlerMapping$OperationHandler.handle(javax.servlet.http.HttpServletRequest,java.util.Map<java.lang.String, java.lang.String>)
2018-04-20 15:22:09.557  INFO [-,,,] 10874 --- [           main] s.b.a.e.w.s.WebMvcEndpointHandlerMapping : Mapped "{[/actuator/env],methods=[POST],consumes=[application/vnd.spring-boot.actuator.v2+json || application/json],produces=[application/vnd.spring-boot.actuator.v2+json || application/json]}" onto public java.lang.Object org.springframework.boot.actuate.endpoint.web.servlet.AbstractWebMvcEndpointHandlerMapping$OperationHandler.handle(javax.servlet.http.HttpServletRequest,java.util.Map<java.lang.String, java.lang.String>)
2018-04-20 15:22:09.557  INFO [-,,,] 10874 --- [           main] s.b.a.e.w.s.WebMvcEndpointHandlerMapping : Mapped "{[/actuator/env],methods=[DELETE],produces=[application/vnd.spring-boot.actuator.v2+json || application/json]}" onto public java.lang.Object org.springframework.boot.actuate.endpoint.web.servlet.AbstractWebMvcEndpointHandlerMapping$OperationHandler.handle(javax.servlet.http.HttpServletRequest,java.util.Map<java.lang.String, java.lang.String>)
2018-04-20 15:22:09.557  INFO [-,,,] 10874 --- [           main] s.b.a.e.w.s.WebMvcEndpointHandlerMapping : Mapped "{[/actuator/info],methods=[GET],produces=[application/vnd.spring-boot.actuator.v2+json || application/json]}" onto public java.lang.Object org.springframework.boot.actuate.endpoint.web.servlet.AbstractWebMvcEndpointHandlerMapping$OperationHandler.handle(javax.servlet.http.HttpServletRequest,java.util.Map<java.lang.String, java.lang.String>)
2018-04-20 15:22:09.558  INFO [-,,,] 10874 --- [           main] s.b.a.e.w.s.WebMvcEndpointHandlerMapping : Mapped "{[/actuator/loggers],methods=[GET],produces=[application/vnd.spring-boot.actuator.v2+json || application/json]}" onto public java.lang.Object org.springframework.boot.actuate.endpoint.web.servlet.AbstractWebMvcEndpointHandlerMapping$OperationHandler.handle(javax.servlet.http.HttpServletRequest,java.util.Map<java.lang.String, java.lang.String>)
2018-04-20 15:22:09.558  INFO [-,,,] 10874 --- [           main] s.b.a.e.w.s.WebMvcEndpointHandlerMapping : Mapped "{[/actuator/loggers/{name}],methods=[GET],produces=[application/vnd.spring-boot.actuator.v2+json || application/json]}" onto public java.lang.Object org.springframework.boot.actuate.endpoint.web.servlet.AbstractWebMvcEndpointHandlerMapping$OperationHandler.handle(javax.servlet.http.HttpServletRequest,java.util.Map<java.lang.String, java.lang.String>)
2018-04-20 15:22:09.558  INFO [-,,,] 10874 --- [           main] s.b.a.e.w.s.WebMvcEndpointHandlerMapping : Mapped "{[/actuator/loggers/{name}],methods=[POST],consumes=[application/vnd.spring-boot.actuator.v2+json || application/json]}" onto public java.lang.Object org.springframework.boot.actuate.endpoint.web.servlet.AbstractWebMvcEndpointHandlerMapping$OperationHandler.handle(javax.servlet.http.HttpServletRequest,java.util.Map<java.lang.String, java.lang.String>)
2018-04-20 15:22:09.559  INFO [-,,,] 10874 --- [           main] s.b.a.e.w.s.WebMvcEndpointHandlerMapping : Mapped "{[/actuator/heapdump],methods=[GET],produces=[application/octet-stream]}" onto public java.lang.Object org.springframework.boot.actuate.endpoint.web.servlet.AbstractWebMvcEndpointHandlerMapping$OperationHandler.handle(javax.servlet.http.HttpServletRequest,java.util.Map<java.lang.String, java.lang.String>)
2018-04-20 15:22:09.559  INFO [-,,,] 10874 --- [           main] s.b.a.e.w.s.WebMvcEndpointHandlerMapping : Mapped "{[/actuator/threaddump],methods=[GET],produces=[application/vnd.spring-boot.actuator.v2+json || application/json]}" onto public java.lang.Object org.springframework.boot.actuate.endpoint.web.servlet.AbstractWebMvcEndpointHandlerMapping$OperationHandler.handle(javax.servlet.http.HttpServletRequest,java.util.Map<java.lang.String, java.lang.String>)
2018-04-20 15:22:09.560  INFO [-,,,] 10874 --- [           main] s.b.a.e.w.s.WebMvcEndpointHandlerMapping : Mapped "{[/actuator/metrics/{requiredMetricName}],methods=[GET],produces=[application/vnd.spring-boot.actuator.v2+json || application/json]}" onto public java.lang.Object org.springframework.boot.actuate.endpoint.web.servlet.AbstractWebMvcEndpointHandlerMapping$OperationHandler.handle(javax.servlet.http.HttpServletRequest,java.util.Map<java.lang.String, java.lang.String>)
2018-04-20 15:22:09.560  INFO [-,,,] 10874 --- [           main] s.b.a.e.w.s.WebMvcEndpointHandlerMapping : Mapped "{[/actuator/metrics],methods=[GET],produces=[application/vnd.spring-boot.actuator.v2+json || application/json]}" onto public java.lang.Object org.springframework.boot.actuate.endpoint.web.servlet.AbstractWebMvcEndpointHandlerMapping$OperationHandler.handle(javax.servlet.http.HttpServletRequest,java.util.Map<java.lang.String, java.lang.String>)
2018-04-20 15:22:09.561  INFO [-,,,] 10874 --- [           main] s.b.a.e.w.s.WebMvcEndpointHandlerMapping : Mapped "{[/actuator/scheduledtasks],methods=[GET],produces=[application/vnd.spring-boot.actuator.v2+json || application/json]}" onto public java.lang.Object org.springframework.boot.actuate.endpoint.web.servlet.AbstractWebMvcEndpointHandlerMapping$OperationHandler.handle(javax.servlet.http.HttpServletRequest,java.util.Map<java.lang.String, java.lang.String>)
2018-04-20 15:22:09.561  INFO [-,,,] 10874 --- [           main] s.b.a.e.w.s.WebMvcEndpointHandlerMapping : Mapped "{[/actuator/httptrace],methods=[GET],produces=[application/vnd.spring-boot.actuator.v2+json || application/json]}" onto public java.lang.Object org.springframework.boot.actuate.endpoint.web.servlet.AbstractWebMvcEndpointHandlerMapping$OperationHandler.handle(javax.servlet.http.HttpServletRequest,java.util.Map<java.lang.String, java.lang.String>)
2018-04-20 15:22:09.562  INFO [-,,,] 10874 --- [           main] s.b.a.e.w.s.WebMvcEndpointHandlerMapping : Mapped "{[/actuator/mappings],methods=[GET],produces=[application/vnd.spring-boot.actuator.v2+json || application/json]}" onto public java.lang.Object org.springframework.boot.actuate.endpoint.web.servlet.AbstractWebMvcEndpointHandlerMapping$OperationHandler.handle(javax.servlet.http.HttpServletRequest,java.util.Map<java.lang.String, java.lang.String>)
2018-04-20 15:22:09.562  INFO [-,,,] 10874 --- [           main] s.b.a.e.w.s.WebMvcEndpointHandlerMapping : Mapped "{[/actuator/refresh],methods=[POST],produces=[application/vnd.spring-boot.actuator.v2+json || application/json]}" onto public java.lang.Object org.springframework.boot.actuate.endpoint.web.servlet.AbstractWebMvcEndpointHandlerMapping$OperationHandler.handle(javax.servlet.http.HttpServletRequest,java.util.Map<java.lang.String, java.lang.String>)
2018-04-20 15:22:09.563  INFO [-,,,] 10874 --- [           main] s.b.a.e.w.s.WebMvcEndpointHandlerMapping : Mapped "{[/actuator/features],methods=[GET],produces=[application/vnd.spring-boot.actuator.v2+json || application/json]}" onto public java.lang.Object org.springframework.boot.actuate.endpoint.web.servlet.AbstractWebMvcEndpointHandlerMapping$OperationHandler.handle(javax.servlet.http.HttpServletRequest,java.util.Map<java.lang.String, java.lang.String>)
2018-04-20 15:22:09.563  INFO [-,,,] 10874 --- [           main] s.b.a.e.w.s.WebMvcEndpointHandlerMapping : Mapped "{[/actuator/service-registry],methods=[GET],produces=[application/vnd.spring-boot.actuator.v2+json || application/json]}" onto public java.lang.Object org.springframework.boot.actuate.endpoint.web.servlet.AbstractWebMvcEndpointHandlerMapping$OperationHandler.handle(javax.servlet.http.HttpServletRequest,java.util.Map<java.lang.String, java.lang.String>)
2018-04-20 15:22:09.563  INFO [-,,,] 10874 --- [           main] s.b.a.e.w.s.WebMvcEndpointHandlerMapping : Mapped "{[/actuator/service-registry],methods=[POST],consumes=[application/vnd.spring-boot.actuator.v2+json || application/json],produces=[application/vnd.spring-boot.actuator.v2+json || application/json]}" onto public java.lang.Object org.springframework.boot.actuate.endpoint.web.servlet.AbstractWebMvcEndpointHandlerMapping$OperationHandler.handle(javax.servlet.http.HttpServletRequest,java.util.Map<java.lang.String, java.lang.String>)
2018-04-20 15:22:09.564  INFO [-,,,] 10874 --- [           main] s.b.a.e.w.s.WebMvcEndpointHandlerMapping : Mapped "{[/actuator],methods=[GET],produces=[application/vnd.spring-boot.actuator.v2+json || application/json]}" onto protected java.util.Map<java.lang.String, java.util.Map<java.lang.String, org.springframework.boot.actuate.endpoint.web.Link>> org.springframework.boot.actuate.endpoint.web.servlet.WebMvcEndpointHandlerMapping.links(javax.servlet.http.HttpServletRequest,javax.servlet.http.HttpServletResponse)
2018-04-20 15:22:09.650  INFO [-,,,] 10874 --- [           main] o.s.j.e.a.AnnotationMBeanExporter        : Registering beans for JMX exposure on startup
2018-04-20 15:22:09.659  INFO [-,,,] 10874 --- [           main] o.s.j.e.a.AnnotationMBeanExporter        : Bean with name 'configurationPropertiesRebinder' has been autodetected for JMX exposure
2018-04-20 15:22:09.660  INFO [-,,,] 10874 --- [           main] o.s.j.e.a.AnnotationMBeanExporter        : Bean with name 'environmentManager' has been autodetected for JMX exposure
2018-04-20 15:22:09.661  INFO [-,,,] 10874 --- [           main] o.s.j.e.a.AnnotationMBeanExporter        : Bean with name 'refreshScope' has been autodetected for JMX exposure
2018-04-20 15:22:09.664  INFO [-,,,] 10874 --- [           main] o.s.j.e.a.AnnotationMBeanExporter        : Located managed bean 'environmentManager': registering with JMX server as MBean [org.springframework.cloud.context.environment:name=environmentManager,type=EnvironmentManager]
2018-04-20 15:22:09.673  INFO [-,,,] 10874 --- [           main] o.s.j.e.a.AnnotationMBeanExporter        : Located managed bean 'refreshScope': registering with JMX server as MBean [org.springframework.cloud.context.scope.refresh:name=refreshScope,type=RefreshScope]
2018-04-20 15:22:09.682  INFO [-,,,] 10874 --- [           main] o.s.j.e.a.AnnotationMBeanExporter        : Located managed bean 'configurationPropertiesRebinder': registering with JMX server as MBean [org.springframework.cloud.context.properties:name=configurationPropertiesRebinder,context=5ab241f7,type=ConfigurationPropertiesRebinder]
2018-04-20 15:22:09.700  INFO [-,,,] 10874 --- [           main] o.s.c.support.DefaultLifecycleProcessor  : Starting beans in phase 0
2018-04-20 15:22:09.714  INFO [-,,,] 10874 --- [           main] o.s.c.n.eureka.InstanceInfoFactory       : Setting initial instance status as: STARTING
2018-04-20 15:22:09.775  INFO [-,,,] 10874 --- [           main] com.netflix.discovery.DiscoveryClient    : Initializing Eureka in region us-east-1
2018-04-20 15:22:10.017  INFO [-,,,] 10874 --- [           main] c.n.d.provider.DiscoveryJerseyProvider   : Using JSON encoding codec LegacyJacksonJson
2018-04-20 15:22:10.018  INFO [-,,,] 10874 --- [           main] c.n.d.provider.DiscoveryJerseyProvider   : Using JSON decoding codec LegacyJacksonJson
2018-04-20 15:22:10.147  INFO [-,,,] 10874 --- [           main] c.n.d.provider.DiscoveryJerseyProvider   : Using XML encoding codec XStreamXml
2018-04-20 15:22:10.147  INFO [-,,,] 10874 --- [           main] c.n.d.provider.DiscoveryJerseyProvider   : Using XML decoding codec XStreamXml
2018-04-20 15:22:10.329  INFO [-,,,] 10874 --- [           main] c.n.d.s.r.aws.ConfigClusterResolver      : Resolving eureka endpoints via configuration
2018-04-20 15:22:10.353  INFO [-,,,] 10874 --- [           main] com.netflix.discovery.DiscoveryClient    : Disable delta property : false
2018-04-20 15:22:10.353  INFO [-,,,] 10874 --- [           main] com.netflix.discovery.DiscoveryClient    : Single vip registry refresh property : null
2018-04-20 15:22:10.353  INFO [-,,,] 10874 --- [           main] com.netflix.discovery.DiscoveryClient    : Force full registry fetch : false
2018-04-20 15:22:10.353  INFO [-,,,] 10874 --- [           main] com.netflix.discovery.DiscoveryClient    : Application is null : false
2018-04-20 15:22:10.353  INFO [-,,,] 10874 --- [           main] com.netflix.discovery.DiscoveryClient    : Registered Applications size is zero : true
2018-04-20 15:22:10.353  INFO [-,,,] 10874 --- [           main] com.netflix.discovery.DiscoveryClient    : Application version is -1: true
2018-04-20 15:22:10.353  INFO [-,,,] 10874 --- [           main] com.netflix.discovery.DiscoveryClient    : Getting all instance registry info from the eureka server
2018-04-20 15:22:10.550  INFO [-,,,] 10874 --- [           main] com.netflix.discovery.DiscoveryClient    : The response status is 200
2018-04-20 15:22:10.554  INFO [-,,,] 10874 --- [           main] com.netflix.discovery.DiscoveryClient    : Starting heartbeat executor: renew interval is: 30
2018-04-20 15:22:10.557  INFO [-,,,] 10874 --- [           main] c.n.discovery.InstanceInfoReplicator     : InstanceInfoReplicator onDemand update allowed rate per min is 4
2018-04-20 15:22:10.561  INFO [-,,,] 10874 --- [           main] com.netflix.discovery.DiscoveryClient    : Discovery Client initialized at timestamp 1524217930560 with initial instances count: 2
2018-04-20 15:22:10.571  INFO [-,,,] 10874 --- [           main] o.s.c.n.e.s.EurekaServiceRegistry        : Registering application MS1 with eureka with status UP
2018-04-20 15:22:10.571  INFO [-,,,] 10874 --- [           main] com.netflix.discovery.DiscoveryClient    : Saw local status change event StatusChangeEvent [timestamp=1524217930571, current=UP, previous=STARTING]
2018-04-20 15:22:10.573  INFO [-,,,] 10874 --- [nfoReplicator-0] com.netflix.discovery.DiscoveryClient    : DiscoveryClient_MS1/192.168.12.68:MS1:9001: registering service...
2018-04-20 15:22:10.612  INFO [-,,,] 10874 --- [nfoReplicator-0] com.netflix.discovery.DiscoveryClient    : DiscoveryClient_MS1/192.168.12.68:MS1:9001 - registration status: 204
2018-04-20 15:22:10.679  INFO [-,,,] 10874 --- [           main] o.s.b.w.embedded.tomcat.TomcatWebServer  : Tomcat started on port(s): 9001 (http) with context path ''
2018-04-20 15:22:10.680  INFO [-,,,] 10874 --- [           main] .s.c.n.e.s.EurekaAutoServiceRegistration : Updating port to 9001
2018-04-20 15:22:10.684  INFO [-,,,] 10874 --- [           main] com.test.MS1.Ms1Application              : Started Ms1Application in 8.409 seconds (JVM running for 12.304)
2018-04-20 15:22:50.429  INFO [-,,,] 10874 --- [nio-9001-exec-1] o.a.c.c.C.[Tomcat].[localhost].[/]       : Initializing Spring FrameworkServlet 'dispatcherServlet'
2018-04-20 15:22:50.430  INFO [-,,,] 10874 --- [nio-9001-exec-1] o.s.web.servlet.DispatcherServlet        : FrameworkServlet 'dispatcherServlet': initialization started
2018-04-20 15:22:50.459  INFO [-,,,] 10874 --- [nio-9001-exec-1] o.s.web.servlet.DispatcherServlet        : FrameworkServlet 'dispatcherServlet': initialization completed in 29 ms
2018-04-20 15:22:50.521  INFO [-,bfd6ce263a9d6464,bfd6ce263a9d6464,false] 10874 --- [nio-9001-exec-1] com.test.MS1.ApiController               : test
2018-04-20 15:22:51.531  INFO [-,3a910fa3413e372e,3a910fa3413e372e,false] 10874 --- [nio-9001-exec-2] com.test.MS1.ApiController               : test
2018-04-20 15:23:39.428  INFO [-,e0008a9a541bfc13,e0008a9a541bfc13,false] 10874 --- [nio-9001-exec-3] com.test.MS1.ApiController               : test
2018-04-20 15:23:40.238  INFO [-,41450a936784fd94,41450a936784fd94,true] 10874 --- [nio-9001-exec-4] com.test.MS1.ApiController               : test
2018-04-20 15:23:41.107  INFO [-,,,] 10874 --- [ender@1cd9e555}] s.c.a.AnnotationConfigApplicationContext : Refreshing SpringClientFactory-localhost: startup date [Fri Apr 20 15:23:41 IST 2018]; parent: org.springframework.boot.web.servlet.context.AnnotationConfigServletWebServerApplicationContext@5ab241f7
2018-04-20 15:23:41.174  INFO [-,,,] 10874 --- [ender@1cd9e555}] f.a.AutowiredAnnotationBeanPostProcessor : JSR-330 'javax.inject.Inject' annotation found and supported for autowiring
2018-04-20 15:23:41.396  INFO [-,,,] 10874 --- [ender@1cd9e555}] c.netflix.config.ChainedDynamicProperty  : Flipping property: localhost.ribbon.ActiveConnectionsLimit to use NEXT property: niws.loadbalancer.availabilityFilteringRule.activeConnectionsLimit = 2147483647
2018-04-20 15:23:41.413  INFO [-,,,] 10874 --- [ender@1cd9e555}] c.n.u.concurrent.ShutdownEnabledTimer    : Shutdown hook installed for: NFLoadBalancer-PingTimer-localhost
2018-04-20 15:23:41.435  INFO [-,,,] 10874 --- [ender@1cd9e555}] c.netflix.loadbalancer.BaseLoadBalancer  : Client: localhost instantiated a LoadBalancer: DynamicServerListLoadBalancer:{NFLoadBalancer:name=localhost,current list of Servers=[],Load balancer stats=Zone stats: {},Server stats: []}ServerList:null
2018-04-20 15:23:41.442  INFO [-,,,] 10874 --- [ender@1cd9e555}] c.n.l.DynamicServerListLoadBalancer      : Using serverListUpdater PollingServerListUpdater
2018-04-20 15:23:41.446  INFO [-,,,] 10874 --- [ender@1cd9e555}] c.n.l.DynamicServerListLoadBalancer      : DynamicServerListLoadBalancer for client localhost initialized: DynamicServerListLoadBalancer:{NFLoadBalancer:name=localhost,current list of Servers=[],Load balancer stats=Zone stats: {},Server stats: []}ServerList:org.springframework.cloud.netflix.ribbon.eureka.DomainExtractingServerList@58dfe82d
2018-04-20 15:23:42.433  WARN [-,0c8cc8b895e6bc4d,0c8cc8b895e6bc4d,false] 10874 --- [nio-9001-exec-5] o.s.web.servlet.PageNotFound             : Request method 'GET' not supported
2018-04-20 15:23:42.988  WARN [-,ebdcec8665c15c25,ebdcec8665c15c25,true] 10874 --- [nio-9001-exec-6] o.s.web.servlet.PageNotFound             : Request method 'GET' not supported
2018-04-20 15:23:49.199  INFO [-,7c52d8b2fe3f8771,7c52d8b2fe3f8771,false] 10874 --- [nio-9001-exec-7] s.c.a.AnnotationConfigApplicationContext : Refreshing org.springframework.context.annotation.AnnotationConfigApplicationContext@6a98ab99: startup date [Fri Apr 20 15:23:49 IST 2018]; root of context hierarchy
2018-04-20 15:23:49.220  INFO [-,7c52d8b2fe3f8771,7c52d8b2fe3f8771,false] 10874 --- [nio-9001-exec-7] f.a.AutowiredAnnotationBeanPostProcessor : JSR-330 'javax.inject.Inject' annotation found and supported for autowiring
2018-04-20 15:23:49.227  INFO [-,7c52d8b2fe3f8771,7c52d8b2fe3f8771,false] 10874 --- [nio-9001-exec-7] trationDelegate$BeanPostProcessorChecker : Bean 'configurationPropertiesRebinderAutoConfiguration' of type [org.springframework.cloud.autoconfigure.ConfigurationPropertiesRebinderAutoConfiguration$$EnhancerBySpringCGLIB$$9622bdbc] is not eligible for getting processed by all BeanPostProcessors (for example: not eligible for auto-proxying)
2018-04-20 15:23:49.286  INFO [-,7c52d8b2fe3f8771,7c52d8b2fe3f8771,false] 10874 --- [nio-9001-exec-7] c.c.c.ConfigServicePropertySourceLocator : Fetching config from server at: http://localhost:8888
2018-04-20 15:23:49.291  WARN [-,7c52d8b2fe3f8771,7c52d8b2fe3f8771,false] 10874 --- [nio-9001-exec-7] c.c.c.ConfigServicePropertySourceLocator : Could not locate PropertySource: I/O error on GET request for "http://localhost:8888/MS1/default": Connection refused (Connection refused); nested exception is java.net.ConnectException: Connection refused (Connection refused)
2018-04-20 15:23:49.292  INFO [-,7c52d8b2fe3f8771,7c52d8b2fe3f8771,false] 10874 --- [nio-9001-exec-7] o.s.boot.SpringApplication               : No active profile set, falling back to default profiles: default
2018-04-20 15:23:49.294  INFO [-,7c52d8b2fe3f8771,7c52d8b2fe3f8771,false] 10874 --- [nio-9001-exec-7] s.c.a.AnnotationConfigApplicationContext : Refreshing org.springframework.context.annotation.AnnotationConfigApplicationContext@3b865966: startup date [Fri Apr 20 15:23:49 IST 2018]; parent: org.springframework.context.annotation.AnnotationConfigApplicationContext@6a98ab99
2018-04-20 15:23:49.296  INFO [-,7c52d8b2fe3f8771,7c52d8b2fe3f8771,false] 10874 --- [nio-9001-exec-7] f.a.AutowiredAnnotationBeanPostProcessor : JSR-330 'javax.inject.Inject' annotation found and supported for autowiring
2018-04-20 15:23:49.304  INFO [-,7c52d8b2fe3f8771,7c52d8b2fe3f8771,false] 10874 --- [nio-9001-exec-7] o.s.boot.SpringApplication               : Started application in 0.159 seconds (JVM running for 110.795)
2018-04-20 15:23:49.304  INFO [-,7c52d8b2fe3f8771,7c52d8b2fe3f8771,false] 10874 --- [nio-9001-exec-7] s.c.a.AnnotationConfigApplicationContext : Closing org.springframework.context.annotation.AnnotationConfigApplicationContext@3b865966: startup date [Fri Apr 20 15:23:49 IST 2018]; parent: org.springframework.context.annotation.AnnotationConfigApplicationContext@6a98ab99
2018-04-20 15:23:49.305  INFO [-,7c52d8b2fe3f8771,7c52d8b2fe3f8771,false] 10874 --- [nio-9001-exec-7] s.c.a.AnnotationConfigApplicationContext : Closing org.springframework.context.annotation.AnnotationConfigApplicationContext@6a98ab99: startup date [Fri Apr 20 15:23:49 IST 2018]; root of context hierarchy
2018-04-20 15:23:49.391  INFO [-,7c52d8b2fe3f8771,7c52d8b2fe3f8771,false] 10874 --- [nio-9001-exec-7] com.netflix.discovery.DiscoveryClient    : Shutting down DiscoveryClient ...
2018-04-20 15:23:49.392  INFO [-,7c52d8b2fe3f8771,7c52d8b2fe3f8771,false] 10874 --- [nio-9001-exec-7] o.s.c.n.eureka.InstanceInfoFactory       : Setting initial instance status as: STARTING
2018-04-20 15:23:52.395  INFO [-,7c52d8b2fe3f8771,7c52d8b2fe3f8771,false] 10874 --- [nio-9001-exec-7] com.netflix.discovery.DiscoveryClient    : Unregistering ...
2018-04-20 15:23:52.410  INFO [-,7c52d8b2fe3f8771,7c52d8b2fe3f8771,false] 10874 --- [nio-9001-exec-7] com.netflix.discovery.DiscoveryClient    : DiscoveryClient_MS1/192.168.12.68:MS1:9001 - deregister  status: 200
2018-04-20 15:23:52.422  INFO [-,7c52d8b2fe3f8771,7c52d8b2fe3f8771,false] 10874 --- [nio-9001-exec-7] com.netflix.discovery.DiscoveryClient    : Completed shut down of DiscoveryClient
2018-04-20 15:23:52.425  INFO [-,7c52d8b2fe3f8771,7c52d8b2fe3f8771,false] 10874 --- [nio-9001-exec-7] com.netflix.discovery.DiscoveryClient    : Initializing Eureka in region us-east-1
2018-04-20 15:23:52.429  INFO [-,7c52d8b2fe3f8771,7c52d8b2fe3f8771,false] 10874 --- [nio-9001-exec-7] c.n.d.provider.DiscoveryJerseyProvider   : Using JSON encoding codec LegacyJacksonJson
2018-04-20 15:23:52.429  INFO [-,7c52d8b2fe3f8771,7c52d8b2fe3f8771,false] 10874 --- [nio-9001-exec-7] c.n.d.provider.DiscoveryJerseyProvider   : Using JSON decoding codec LegacyJacksonJson
2018-04-20 15:23:52.429  INFO [-,7c52d8b2fe3f8771,7c52d8b2fe3f8771,false] 10874 --- [nio-9001-exec-7] c.n.d.provider.DiscoveryJerseyProvider   : Using XML encoding codec XStreamXml
2018-04-20 15:23:52.429  INFO [-,7c52d8b2fe3f8771,7c52d8b2fe3f8771,false] 10874 --- [nio-9001-exec-7] c.n.d.provider.DiscoveryJerseyProvider   : Using XML decoding codec XStreamXml
2018-04-20 15:23:52.531  INFO [-,7c52d8b2fe3f8771,7c52d8b2fe3f8771,false] 10874 --- [nio-9001-exec-7] c.n.d.s.r.aws.ConfigClusterResolver      : Resolving eureka endpoints via configuration
2018-04-20 15:23:52.533  INFO [-,7c52d8b2fe3f8771,7c52d8b2fe3f8771,false] 10874 --- [nio-9001-exec-7] com.netflix.discovery.DiscoveryClient    : Disable delta property : false
2018-04-20 15:23:52.533  INFO [-,7c52d8b2fe3f8771,7c52d8b2fe3f8771,false] 10874 --- [nio-9001-exec-7] com.netflix.discovery.DiscoveryClient    : Single vip registry refresh property : null
2018-04-20 15:23:52.533  INFO [-,7c52d8b2fe3f8771,7c52d8b2fe3f8771,false] 10874 --- [nio-9001-exec-7] com.netflix.discovery.DiscoveryClient    : Force full registry fetch : false
2018-04-20 15:23:52.533  INFO [-,7c52d8b2fe3f8771,7c52d8b2fe3f8771,false] 10874 --- [nio-9001-exec-7] com.netflix.discovery.DiscoveryClient    : Application is null : false
2018-04-20 15:23:52.533  INFO [-,7c52d8b2fe3f8771,7c52d8b2fe3f8771,false] 10874 --- [nio-9001-exec-7] com.netflix.discovery.DiscoveryClient    : Registered Applications size is zero : true
2018-04-20 15:23:52.533  INFO [-,7c52d8b2fe3f8771,7c52d8b2fe3f8771,false] 10874 --- [nio-9001-exec-7] com.netflix.discovery.DiscoveryClient    : Application version is -1: true
2018-04-20 15:23:52.534  INFO [-,7c52d8b2fe3f8771,7c52d8b2fe3f8771,false] 10874 --- [nio-9001-exec-7] com.netflix.discovery.DiscoveryClient    : Getting all instance registry info from the eureka server
2018-04-20 15:23:52.541  INFO [-,7c52d8b2fe3f8771,7c52d8b2fe3f8771,false] 10874 --- [nio-9001-exec-7] com.netflix.discovery.DiscoveryClient    : The response status is 200
2018-04-20 15:23:52.542  INFO [-,7c52d8b2fe3f8771,7c52d8b2fe3f8771,false] 10874 --- [nio-9001-exec-7] com.netflix.discovery.DiscoveryClient    : Starting heartbeat executor: renew interval is: 30
2018-04-20 15:23:52.543  INFO [-,7c52d8b2fe3f8771,7c52d8b2fe3f8771,false] 10874 --- [nio-9001-exec-7] c.n.discovery.InstanceInfoReplicator     : InstanceInfoReplicator onDemand update allowed rate per min is 4
2018-04-20 15:23:52.544  INFO [-,7c52d8b2fe3f8771,7c52d8b2fe3f8771,false] 10874 --- [nio-9001-exec-7] com.netflix.discovery.DiscoveryClient    : Discovery Client initialized at timestamp 1524218032544 with initial instances count: 2
2018-04-20 15:23:52.545  INFO [-,7c52d8b2fe3f8771,7c52d8b2fe3f8771,false] 10874 --- [nio-9001-exec-7] o.s.c.n.e.s.EurekaServiceRegistry        : Unregistering application MS1 with eureka with status DOWN
2018-04-20 15:23:52.545  INFO [-,7c52d8b2fe3f8771,7c52d8b2fe3f8771,false] 10874 --- [nio-9001-exec-7] o.s.c.n.e.s.EurekaServiceRegistry        : Registering application MS1 with eureka with status UP
2018-04-20 15:23:52.545  WARN [-,7c52d8b2fe3f8771,7c52d8b2fe3f8771,false] 10874 --- [nio-9001-exec-7] com.netflix.discovery.DiscoveryClient    : Saw local status change event StatusChangeEvent [timestamp=1524218032545, current=UP, previous=DOWN]
2018-04-20 15:23:52.554  INFO [-,,,] 10874 --- [nfoReplicator-0] com.netflix.discovery.DiscoveryClient    : DiscoveryClient_MS1/192.168.12.68:MS1:9001: registering service...
2018-04-20 15:23:52.564  INFO [-,,,] 10874 --- [nfoReplicator-0] com.netflix.discovery.DiscoveryClient    : DiscoveryClient_MS1/192.168.12.68:MS1:9001 - registration status: 204
2018-04-20 15:23:54.120  INFO [-,09ea1b4b0ed39bf9,09ea1b4b0ed39bf9,false] 10874 --- [nio-9001-exec-8] s.c.a.AnnotationConfigApplicationContext : Refreshing org.springframework.context.annotation.AnnotationConfigApplicationContext@3405e447: startup date [Fri Apr 20 15:23:54 IST 2018]; root of context hierarchy
2018-04-20 15:23:54.135  INFO [-,09ea1b4b0ed39bf9,09ea1b4b0ed39bf9,false] 10874 --- [nio-9001-exec-8] f.a.AutowiredAnnotationBeanPostProcessor : JSR-330 'javax.inject.Inject' annotation found and supported for autowiring
2018-04-20 15:23:54.136  INFO [-,09ea1b4b0ed39bf9,09ea1b4b0ed39bf9,false] 10874 --- [nio-9001-exec-8] trationDelegate$BeanPostProcessorChecker : Bean 'configurationPropertiesRebinderAutoConfiguration' of type [org.springframework.cloud.autoconfigure.ConfigurationPropertiesRebinderAutoConfiguration$$EnhancerBySpringCGLIB$$9622bdbc] is not eligible for getting processed by all BeanPostProcessors (for example: not eligible for auto-proxying)
2018-04-20 15:23:54.173  INFO [-,09ea1b4b0ed39bf9,09ea1b4b0ed39bf9,false] 10874 --- [nio-9001-exec-8] c.c.c.ConfigServicePropertySourceLocator : Fetching config from server at: http://localhost:8888
2018-04-20 15:23:54.177  WARN [-,09ea1b4b0ed39bf9,09ea1b4b0ed39bf9,false] 10874 --- [nio-9001-exec-8] c.c.c.ConfigServicePropertySourceLocator : Could not locate PropertySource: I/O error on GET request for "http://localhost:8888/MS1/default": Connection refused (Connection refused); nested exception is java.net.ConnectException: Connection refused (Connection refused)
2018-04-20 15:23:54.178  INFO [-,09ea1b4b0ed39bf9,09ea1b4b0ed39bf9,false] 10874 --- [nio-9001-exec-8] o.s.boot.SpringApplication               : No active profile set, falling back to default profiles: default
2018-04-20 15:23:54.181  INFO [-,09ea1b4b0ed39bf9,09ea1b4b0ed39bf9,false] 10874 --- [nio-9001-exec-8] s.c.a.AnnotationConfigApplicationContext : Refreshing org.springframework.context.annotation.AnnotationConfigApplicationContext@16d788e8: startup date [Fri Apr 20 15:23:54 IST 2018]; parent: org.springframework.context.annotation.AnnotationConfigApplicationContext@3405e447
2018-04-20 15:23:54.185  INFO [-,09ea1b4b0ed39bf9,09ea1b4b0ed39bf9,false] 10874 --- [nio-9001-exec-8] f.a.AutowiredAnnotationBeanPostProcessor : JSR-330 'javax.inject.Inject' annotation found and supported for autowiring
2018-04-20 15:23:54.190  INFO [-,09ea1b4b0ed39bf9,09ea1b4b0ed39bf9,false] 10874 --- [nio-9001-exec-8] o.s.boot.SpringApplication               : Started application in 0.105 seconds (JVM running for 115.682)
2018-04-20 15:23:54.191  INFO [-,09ea1b4b0ed39bf9,09ea1b4b0ed39bf9,false] 10874 --- [nio-9001-exec-8] s.c.a.AnnotationConfigApplicationContext : Closing org.springframework.context.annotation.AnnotationConfigApplicationContext@16d788e8: startup date [Fri Apr 20 15:23:54 IST 2018]; parent: org.springframework.context.annotation.AnnotationConfigApplicationContext@3405e447
2018-04-20 15:23:54.191  INFO [-,09ea1b4b0ed39bf9,09ea1b4b0ed39bf9,false] 10874 --- [nio-9001-exec-8] s.c.a.AnnotationConfigApplicationContext : Closing org.springframework.context.annotation.AnnotationConfigApplicationContext@3405e447: startup date [Fri Apr 20 15:23:54 IST 2018]; root of context hierarchy
2018-04-20 15:23:54.252  INFO [-,09ea1b4b0ed39bf9,09ea1b4b0ed39bf9,false] 10874 --- [nio-9001-exec-8] com.netflix.discovery.DiscoveryClient    : Shutting down DiscoveryClient ...
2018-04-20 15:23:54.252  INFO [-,09ea1b4b0ed39bf9,09ea1b4b0ed39bf9,false] 10874 --- [nio-9001-exec-8] o.s.c.n.eureka.InstanceInfoFactory       : Setting initial instance status as: STARTING
2018-04-20 15:23:57.256  INFO [-,09ea1b4b0ed39bf9,09ea1b4b0ed39bf9,false] 10874 --- [nio-9001-exec-8] com.netflix.discovery.DiscoveryClient    : Unregistering ...
2018-04-20 15:23:57.269  INFO [-,09ea1b4b0ed39bf9,09ea1b4b0ed39bf9,false] 10874 --- [nio-9001-exec-8] com.netflix.discovery.DiscoveryClient    : DiscoveryClient_MS1/192.168.12.68:MS1:9001 - deregister  status: 200
2018-04-20 15:23:57.277  INFO [-,09ea1b4b0ed39bf9,09ea1b4b0ed39bf9,false] 10874 --- [nio-9001-exec-8] com.netflix.discovery.DiscoveryClient    : Completed shut down of DiscoveryClient
2018-04-20 15:23:57.279  INFO [-,09ea1b4b0ed39bf9,09ea1b4b0ed39bf9,false] 10874 --- [nio-9001-exec-8] com.netflix.discovery.DiscoveryClient    : Initializing Eureka in region us-east-1
2018-04-20 15:23:57.285  INFO [-,09ea1b4b0ed39bf9,09ea1b4b0ed39bf9,false] 10874 --- [nio-9001-exec-8] c.n.d.provider.DiscoveryJerseyProvider   : Using JSON encoding codec LegacyJacksonJson
2018-04-20 15:23:57.285  INFO [-,09ea1b4b0ed39bf9,09ea1b4b0ed39bf9,false] 10874 --- [nio-9001-exec-8] c.n.d.provider.DiscoveryJerseyProvider   : Using JSON decoding codec LegacyJacksonJson
2018-04-20 15:23:57.285  INFO [-,09ea1b4b0ed39bf9,09ea1b4b0ed39bf9,false] 10874 --- [nio-9001-exec-8] c.n.d.provider.DiscoveryJerseyProvider   : Using XML encoding codec XStreamXml
2018-04-20 15:23:57.285  INFO [-,09ea1b4b0ed39bf9,09ea1b4b0ed39bf9,false] 10874 --- [nio-9001-exec-8] c.n.d.provider.DiscoveryJerseyProvider   : Using XML decoding codec XStreamXml
2018-04-20 15:23:57.379  INFO [-,09ea1b4b0ed39bf9,09ea1b4b0ed39bf9,false] 10874 --- [nio-9001-exec-8] c.n.d.s.r.aws.ConfigClusterResolver      : Resolving eureka endpoints via configuration
2018-04-20 15:23:57.381  INFO [-,09ea1b4b0ed39bf9,09ea1b4b0ed39bf9,false] 10874 --- [nio-9001-exec-8] com.netflix.discovery.DiscoveryClient    : Disable delta property : false
2018-04-20 15:23:57.381  INFO [-,09ea1b4b0ed39bf9,09ea1b4b0ed39bf9,false] 10874 --- [nio-9001-exec-8] com.netflix.discovery.DiscoveryClient    : Single vip registry refresh property : null
2018-04-20 15:23:57.381  INFO [-,09ea1b4b0ed39bf9,09ea1b4b0ed39bf9,false] 10874 --- [nio-9001-exec-8] com.netflix.discovery.DiscoveryClient    : Force full registry fetch : false
2018-04-20 15:23:57.381  INFO [-,09ea1b4b0ed39bf9,09ea1b4b0ed39bf9,false] 10874 --- [nio-9001-exec-8] com.netflix.discovery.DiscoveryClient    : Application is null : false
2018-04-20 15:23:57.381  INFO [-,09ea1b4b0ed39bf9,09ea1b4b0ed39bf9,false] 10874 --- [nio-9001-exec-8] com.netflix.discovery.DiscoveryClient    : Registered Applications size is zero : true
2018-04-20 15:23:57.381  INFO [-,09ea1b4b0ed39bf9,09ea1b4b0ed39bf9,false] 10874 --- [nio-9001-exec-8] com.netflix.discovery.DiscoveryClient    : Application version is -1: true
2018-04-20 15:23:57.381  INFO [-,09ea1b4b0ed39bf9,09ea1b4b0ed39bf9,false] 10874 --- [nio-9001-exec-8] com.netflix.discovery.DiscoveryClient    : Getting all instance registry info from the eureka server
2018-04-20 15:23:57.387  INFO [-,09ea1b4b0ed39bf9,09ea1b4b0ed39bf9,false] 10874 --- [nio-9001-exec-8] com.netflix.discovery.DiscoveryClient    : The response status is 200
2018-04-20 15:23:57.389  INFO [-,09ea1b4b0ed39bf9,09ea1b4b0ed39bf9,false] 10874 --- [nio-9001-exec-8] com.netflix.discovery.DiscoveryClient    : Starting heartbeat executor: renew interval is: 30
2018-04-20 15:23:57.390  INFO [-,09ea1b4b0ed39bf9,09ea1b4b0ed39bf9,false] 10874 --- [nio-9001-exec-8] c.n.discovery.InstanceInfoReplicator     : InstanceInfoReplicator onDemand update allowed rate per min is 4
2018-04-20 15:23:57.391  INFO [-,09ea1b4b0ed39bf9,09ea1b4b0ed39bf9,false] 10874 --- [nio-9001-exec-8] com.netflix.discovery.DiscoveryClient    : Discovery Client initialized at timestamp 1524218037391 with initial instances count: 2
2018-04-20 15:23:57.392  INFO [-,09ea1b4b0ed39bf9,09ea1b4b0ed39bf9,false] 10874 --- [nio-9001-exec-8] o.s.c.n.e.s.EurekaServiceRegistry        : Unregistering application MS1 with eureka with status DOWN
2018-04-20 15:23:57.392  INFO [-,09ea1b4b0ed39bf9,09ea1b4b0ed39bf9,false] 10874 --- [nio-9001-exec-8] o.s.c.n.e.s.EurekaServiceRegistry        : Registering application MS1 with eureka with status UP
2018-04-20 15:23:57.392  WARN [-,09ea1b4b0ed39bf9,09ea1b4b0ed39bf9,false] 10874 --- [nio-9001-exec-8] com.netflix.discovery.DiscoveryClient    : Saw local status change event StatusChangeEvent [timestamp=1524218037392, current=UP, previous=DOWN]
2018-04-20 15:23:57.392  INFO [-,,,] 10874 --- [nfoReplicator-0] com.netflix.discovery.DiscoveryClient    : DiscoveryClient_MS1/192.168.12.68:MS1:9001: registering service...
2018-04-20 15:23:57.399  INFO [-,,,] 10874 --- [nfoReplicator-0] com.netflix.discovery.DiscoveryClient    : DiscoveryClient_MS1/192.168.12.68:MS1:9001 - registration status: 204
2018-04-20 15:24:24.836  INFO [-,0739b944c4e170d0,0739b944c4e170d0,false] 10874 --- [io-9001-exec-10] s.c.a.AnnotationConfigApplicationContext : Refreshing org.springframework.context.annotation.AnnotationConfigApplicationContext@e1c6c0f: startup date [Fri Apr 20 15:24:24 IST 2018]; root of context hierarchy
2018-04-20 15:24:24.855  INFO [-,0739b944c4e170d0,0739b944c4e170d0,false] 10874 --- [io-9001-exec-10] f.a.AutowiredAnnotationBeanPostProcessor : JSR-330 'javax.inject.Inject' annotation found and supported for autowiring
2018-04-20 15:24:24.856  INFO [-,0739b944c4e170d0,0739b944c4e170d0,false] 10874 --- [io-9001-exec-10] trationDelegate$BeanPostProcessorChecker : Bean 'configurationPropertiesRebinderAutoConfiguration' of type [org.springframework.cloud.autoconfigure.ConfigurationPropertiesRebinderAutoConfiguration$$EnhancerBySpringCGLIB$$9622bdbc] is not eligible for getting processed by all BeanPostProcessors (for example: not eligible for auto-proxying)
2018-04-20 15:24:24.906  INFO [-,0739b944c4e170d0,0739b944c4e170d0,false] 10874 --- [io-9001-exec-10] c.c.c.ConfigServicePropertySourceLocator : Fetching config from server at: http://localhost:8888
2018-04-20 15:24:24.912  WARN [-,0739b944c4e170d0,0739b944c4e170d0,false] 10874 --- [io-9001-exec-10] c.c.c.ConfigServicePropertySourceLocator : Could not locate PropertySource: I/O error on GET request for "http://localhost:8888/MS1/default": Connection refused (Connection refused); nested exception is java.net.ConnectException: Connection refused (Connection refused)
2018-04-20 15:24:24.913  INFO [-,0739b944c4e170d0,0739b944c4e170d0,false] 10874 --- [io-9001-exec-10] o.s.boot.SpringApplication               : No active profile set, falling back to default profiles: default
2018-04-20 15:24:24.915  INFO [-,0739b944c4e170d0,0739b944c4e170d0,false] 10874 --- [io-9001-exec-10] s.c.a.AnnotationConfigApplicationContext : Refreshing org.springframework.context.annotation.AnnotationConfigApplicationContext@6b6cf902: startup date [Fri Apr 20 15:24:24 IST 2018]; parent: org.springframework.context.annotation.AnnotationConfigApplicationContext@e1c6c0f
2018-04-20 15:24:24.917  INFO [-,0739b944c4e170d0,0739b944c4e170d0,false] 10874 --- [io-9001-exec-10] f.a.AutowiredAnnotationBeanPostProcessor : JSR-330 'javax.inject.Inject' annotation found and supported for autowiring
2018-04-20 15:24:24.922  INFO [-,0739b944c4e170d0,0739b944c4e170d0,false] 10874 --- [io-9001-exec-10] o.s.boot.SpringApplication               : Started application in 0.126 seconds (JVM running for 146.414)
2018-04-20 15:24:24.923  INFO [-,0739b944c4e170d0,0739b944c4e170d0,false] 10874 --- [io-9001-exec-10] s.c.a.AnnotationConfigApplicationContext : Closing org.springframework.context.annotation.AnnotationConfigApplicationContext@6b6cf902: startup date [Fri Apr 20 15:24:24 IST 2018]; parent: org.springframework.context.annotation.AnnotationConfigApplicationContext@e1c6c0f
2018-04-20 15:24:24.924  INFO [-,0739b944c4e170d0,0739b944c4e170d0,false] 10874 --- [io-9001-exec-10] s.c.a.AnnotationConfigApplicationContext : Closing org.springframework.context.annotation.AnnotationConfigApplicationContext@e1c6c0f: startup date [Fri Apr 20 15:24:24 IST 2018]; root of context hierarchy
2018-04-20 15:24:25.004  INFO [-,0739b944c4e170d0,0739b944c4e170d0,false] 10874 --- [io-9001-exec-10] com.netflix.discovery.DiscoveryClient    : Shutting down DiscoveryClient ...
2018-04-20 15:24:25.004  INFO [-,0739b944c4e170d0,0739b944c4e170d0,false] 10874 --- [io-9001-exec-10] o.s.c.n.eureka.InstanceInfoFactory       : Setting initial instance status as: STARTING
2018-04-20 15:24:27.405  WARN [-,,,] 10874 --- [scoveryClient-0] c.netflix.discovery.TimedSupervisorTask  : task supervisor shutting down, can't accept the task
2018-04-20 15:24:27.406  INFO [-,0739b944c4e170d0,0739b944c4e170d0,false] 10874 --- [io-9001-exec-10] com.netflix.discovery.DiscoveryClient    : Unregistering ...
2018-04-20 15:24:27.414  INFO [-,0739b944c4e170d0,0739b944c4e170d0,false] 10874 --- [io-9001-exec-10] com.netflix.discovery.DiscoveryClient    : DiscoveryClient_MS1/192.168.12.68:MS1:9001 - deregister  status: 200
2018-04-20 15:24:27.425  INFO [-,0739b944c4e170d0,0739b944c4e170d0,false] 10874 --- [io-9001-exec-10] com.netflix.discovery.DiscoveryClient    : Completed shut down of DiscoveryClient
2018-04-20 15:24:27.427  INFO [-,0739b944c4e170d0,0739b944c4e170d0,false] 10874 --- [io-9001-exec-10] com.netflix.discovery.DiscoveryClient    : Initializing Eureka in region us-east-1
2018-04-20 15:24:27.433  INFO [-,0739b944c4e170d0,0739b944c4e170d0,false] 10874 --- [io-9001-exec-10] c.n.d.provider.DiscoveryJerseyProvider   : Using JSON encoding codec LegacyJacksonJson
2018-04-20 15:24:27.434  INFO [-,0739b944c4e170d0,0739b944c4e170d0,false] 10874 --- [io-9001-exec-10] c.n.d.provider.DiscoveryJerseyProvider   : Using JSON decoding codec LegacyJacksonJson
2018-04-20 15:24:27.434  INFO [-,0739b944c4e170d0,0739b944c4e170d0,false] 10874 --- [io-9001-exec-10] c.n.d.provider.DiscoveryJerseyProvider   : Using XML encoding codec XStreamXml
2018-04-20 15:24:27.434  INFO [-,0739b944c4e170d0,0739b944c4e170d0,false] 10874 --- [io-9001-exec-10] c.n.d.provider.DiscoveryJerseyProvider   : Using XML decoding codec XStreamXml
2018-04-20 15:24:27.531  INFO [-,0739b944c4e170d0,0739b944c4e170d0,false] 10874 --- [io-9001-exec-10] c.n.d.s.r.aws.ConfigClusterResolver      : Resolving eureka endpoints via configuration
2018-04-20 15:24:27.533  INFO [-,0739b944c4e170d0,0739b944c4e170d0,false] 10874 --- [io-9001-exec-10] com.netflix.discovery.DiscoveryClient    : Disable delta property : false
2018-04-20 15:24:27.533  INFO [-,0739b944c4e170d0,0739b944c4e170d0,false] 10874 --- [io-9001-exec-10] com.netflix.discovery.DiscoveryClient    : Single vip registry refresh property : null
2018-04-20 15:24:27.533  INFO [-,0739b944c4e170d0,0739b944c4e170d0,false] 10874 --- [io-9001-exec-10] com.netflix.discovery.DiscoveryClient    : Force full registry fetch : false
2018-04-20 15:24:27.533  INFO [-,0739b944c4e170d0,0739b944c4e170d0,false] 10874 --- [io-9001-exec-10] com.netflix.discovery.DiscoveryClient    : Application is null : false
2018-04-20 15:24:27.533  INFO [-,0739b944c4e170d0,0739b944c4e170d0,false] 10874 --- [io-9001-exec-10] com.netflix.discovery.DiscoveryClient    : Registered Applications size is zero : true
2018-04-20 15:24:27.533  INFO [-,0739b944c4e170d0,0739b944c4e170d0,false] 10874 --- [io-9001-exec-10] com.netflix.discovery.DiscoveryClient    : Application version is -1: true
2018-04-20 15:24:27.533  INFO [-,0739b944c4e170d0,0739b944c4e170d0,false] 10874 --- [io-9001-exec-10] com.netflix.discovery.DiscoveryClient    : Getting all instance registry info from the eureka server
2018-04-20 15:24:27.544  INFO [-,0739b944c4e170d0,0739b944c4e170d0,false] 10874 --- [io-9001-exec-10] com.netflix.discovery.DiscoveryClient    : The response status is 200
2018-04-20 15:24:27.545  INFO [-,0739b944c4e170d0,0739b944c4e170d0,false] 10874 --- [io-9001-exec-10] com.netflix.discovery.DiscoveryClient    : Starting heartbeat executor: renew interval is: 30
2018-04-20 15:24:27.546  INFO [-,0739b944c4e170d0,0739b944c4e170d0,false] 10874 --- [io-9001-exec-10] c.n.discovery.InstanceInfoReplicator     : InstanceInfoReplicator onDemand update allowed rate per min is 4
2018-04-20 15:24:27.547  INFO [-,0739b944c4e170d0,0739b944c4e170d0,false] 10874 --- [io-9001-exec-10] com.netflix.discovery.DiscoveryClient    : Discovery Client initialized at timestamp 1524218067547 with initial instances count: 2
2018-04-20 15:24:27.547  INFO [-,0739b944c4e170d0,0739b944c4e170d0,false] 10874 --- [io-9001-exec-10] o.s.c.n.e.s.EurekaServiceRegistry        : Unregistering application MS1 with eureka with status DOWN
2018-04-20 15:24:27.548  INFO [-,0739b944c4e170d0,0739b944c4e170d0,false] 10874 --- [io-9001-exec-10] o.s.c.n.e.s.EurekaServiceRegistry        : Registering application MS1 with eureka with status UP
2018-04-20 15:24:27.548  WARN [-,0739b944c4e170d0,0739b944c4e170d0,false] 10874 --- [io-9001-exec-10] com.netflix.discovery.DiscoveryClient    : Saw local status change event StatusChangeEvent [timestamp=1524218067548, current=UP, previous=DOWN]
2018-04-20 15:24:27.548  INFO [-,,,] 10874 --- [nfoReplicator-0] com.netflix.discovery.DiscoveryClient    : DiscoveryClient_MS1/192.168.12.68:MS1:9001: registering service...
2018-04-20 15:24:27.565  INFO [-,,,] 10874 --- [nfoReplicator-0] com.netflix.discovery.DiscoveryClient    : DiscoveryClient_MS1/192.168.12.68:MS1:9001 - registration status: 204
2018-04-20 15:24:30.473  WARN [-,9a1bf2cc6e31ab89,9a1bf2cc6e31ab89,false] 10874 --- [nio-9001-exec-1] o.s.web.servlet.PageNotFound             : Request method 'GET' not supported
2018-04-20 15:24:31.944  WARN [-,223ac2ccb89c03d2,223ac2ccb89c03d2,false] 10874 --- [nio-9001-exec-2] o.s.web.servlet.PageNotFound             : Request method 'GET' not supported
2018-04-20 15:24:33.945  WARN [-,bb7f1e490d1a98ab,bb7f1e490d1a98ab,false] 10874 --- [nio-9001-exec-3] o.s.web.servlet.PageNotFound             : Request method 'GET' not supported
2018-04-20 15:25:14.421  INFO [-,cb2a7e5f47e245e5,cb2a7e5f47e245e5,false] 10874 --- [nio-9001-exec-6] com.test.MS1.ApiController               : test
2018-04-20 15:25:15.567  INFO [-,fdfa1c2047911e92,fdfa1c2047911e92,false] 10874 --- [nio-9001-exec-7] com.test.MS1.ApiController               : test
2018-04-20 15:25:15.900  INFO [-,c3b3ae879652e0ce,c3b3ae879652e0ce,false] 10874 --- [nio-9001-exec-8] com.test.MS1.ApiController               : test
2018-04-20 15:25:16.120  INFO [-,5e4149f1e958c593,5e4149f1e958c593,false] 10874 --- [nio-9001-exec-9] com.test.MS1.ApiController               : test
2018-04-20 15:25:16.310  INFO [-,a4e89dfd9c99c1fc,a4e89dfd9c99c1fc,true] 10874 --- [io-9001-exec-10] com.test.MS1.ApiController               : test
2018-04-20 15:25:16.488  INFO [-,8814cd943b44b909,8814cd943b44b909,false] 10874 --- [nio-9001-exec-1] com.test.MS1.ApiController               : test
2018-04-20 15:25:16.661  INFO [-,5b154ef0482d3655,5b154ef0482d3655,false] 10874 --- [nio-9001-exec-2] com.test.MS1.ApiController               : test
2018-04-20 15:25:16.835  INFO [-,cecdbbdddd83e783,cecdbbdddd83e783,false] 10874 --- [nio-9001-exec-3] com.test.MS1.ApiController               : test
2018-04-20 15:25:16.991  INFO [-,e5594bada87ad018,e5594bada87ad018,false] 10874 --- [nio-9001-exec-4] com.test.MS1.ApiController               : test
2018-04-20 15:25:17.147  INFO [-,dbf926c423f6430f,dbf926c423f6430f,true] 10874 --- [nio-9001-exec-5] com.test.MS1.ApiController               : test
2018-04-20 15:25:17.289  INFO [-,7eb3d31d0af14565,7eb3d31d0af14565,false] 10874 --- [nio-9001-exec-6] com.test.MS1.ApiController               : test
2018-04-20 15:25:17.423  INFO [-,e3d486db16090149,e3d486db16090149,false] 10874 --- [nio-9001-exec-7] com.test.MS1.ApiController               : test
2018-04-20 15:29:27.535  INFO [-,,,] 10874 --- [trap-executor-0] c.n.d.s.r.aws.ConfigClusterResolver      : Resolving eureka endpoints via configuration
2018-04-20 15:32:55.066  WARN [-,c52348bde2713d18,c52348bde2713d18,true] 10874 --- [nio-9001-exec-1] o.s.web.servlet.PageNotFound             : Request method 'GET' not supported
2018-04-20 15:33:22.331  INFO [-,fc3c0e92eda7e0c6,fc3c0e92eda7e0c6,false] 10874 --- [nio-9001-exec-2] s.c.a.AnnotationConfigApplicationContext : Refreshing org.springframework.context.annotation.AnnotationConfigApplicationContext@46453368: startup date [Fri Apr 20 15:33:22 IST 2018]; root of context hierarchy
2018-04-20 15:33:22.394  INFO [-,fc3c0e92eda7e0c6,fc3c0e92eda7e0c6,false] 10874 --- [nio-9001-exec-2] f.a.AutowiredAnnotationBeanPostProcessor : JSR-330 'javax.inject.Inject' annotation found and supported for autowiring
2018-04-20 15:33:22.413  INFO [-,fc3c0e92eda7e0c6,fc3c0e92eda7e0c6,false] 10874 --- [nio-9001-exec-2] trationDelegate$BeanPostProcessorChecker : Bean 'configurationPropertiesRebinderAutoConfiguration' of type [org.springframework.cloud.autoconfigure.ConfigurationPropertiesRebinderAutoConfiguration$$EnhancerBySpringCGLIB$$9622bdbc] is not eligible for getting processed by all BeanPostProcessors (for example: not eligible for auto-proxying)
2018-04-20 15:33:22.535  INFO [-,fc3c0e92eda7e0c6,fc3c0e92eda7e0c6,false] 10874 --- [nio-9001-exec-2] c.c.c.ConfigServicePropertySourceLocator : Fetching config from server at: http://localhost:8888
2018-04-20 15:33:22.546  WARN [-,fc3c0e92eda7e0c6,fc3c0e92eda7e0c6,false] 10874 --- [nio-9001-exec-2] c.c.c.ConfigServicePropertySourceLocator : Could not locate PropertySource: I/O error on GET request for "http://localhost:8888/MS1/default": Connection refused (Connection refused); nested exception is java.net.ConnectException: Connection refused (Connection refused)
2018-04-20 15:33:22.547  INFO [-,fc3c0e92eda7e0c6,fc3c0e92eda7e0c6,false] 10874 --- [nio-9001-exec-2] o.s.boot.SpringApplication               : No active profile set, falling back to default profiles: default
2018-04-20 15:33:22.550  INFO [-,fc3c0e92eda7e0c6,fc3c0e92eda7e0c6,false] 10874 --- [nio-9001-exec-2] s.c.a.AnnotationConfigApplicationContext : Refreshing org.springframework.context.annotation.AnnotationConfigApplicationContext@1fc51944: startup date [Fri Apr 20 15:33:22 IST 2018]; parent: org.springframework.context.annotation.AnnotationConfigApplicationContext@46453368
2018-04-20 15:33:22.552  INFO [-,fc3c0e92eda7e0c6,fc3c0e92eda7e0c6,false] 10874 --- [nio-9001-exec-2] f.a.AutowiredAnnotationBeanPostProcessor : JSR-330 'javax.inject.Inject' annotation found and supported for autowiring
2018-04-20 15:33:22.559  INFO [-,fc3c0e92eda7e0c6,fc3c0e92eda7e0c6,false] 10874 --- [nio-9001-exec-2] o.s.boot.SpringApplication               : Started application in 0.453 seconds (JVM running for 684.05)
2018-04-20 15:33:22.560  INFO [-,fc3c0e92eda7e0c6,fc3c0e92eda7e0c6,false] 10874 --- [nio-9001-exec-2] s.c.a.AnnotationConfigApplicationContext : Closing org.springframework.context.annotation.AnnotationConfigApplicationContext@1fc51944: startup date [Fri Apr 20 15:33:22 IST 2018]; parent: org.springframework.context.annotation.AnnotationConfigApplicationContext@46453368
2018-04-20 15:33:22.560  INFO [-,fc3c0e92eda7e0c6,fc3c0e92eda7e0c6,false] 10874 --- [nio-9001-exec-2] s.c.a.AnnotationConfigApplicationContext : Closing org.springframework.context.annotation.AnnotationConfigApplicationContext@46453368: startup date [Fri Apr 20 15:33:22 IST 2018]; root of context hierarchy
2018-04-20 15:33:22.706  INFO [-,fc3c0e92eda7e0c6,fc3c0e92eda7e0c6,false] 10874 --- [nio-9001-exec-2] com.netflix.discovery.DiscoveryClient    : Shutting down DiscoveryClient ...
2018-04-20 15:33:22.708  INFO [-,fc3c0e92eda7e0c6,fc3c0e92eda7e0c6,false] 10874 --- [nio-9001-exec-2] o.s.c.n.eureka.InstanceInfoFactory       : Setting initial instance status as: STARTING
2018-04-20 15:33:25.714  INFO [-,fc3c0e92eda7e0c6,fc3c0e92eda7e0c6,false] 10874 --- [nio-9001-exec-2] com.netflix.discovery.DiscoveryClient    : Unregistering ...
2018-04-20 15:33:25.728  INFO [-,fc3c0e92eda7e0c6,fc3c0e92eda7e0c6,false] 10874 --- [nio-9001-exec-2] com.netflix.discovery.DiscoveryClient    : DiscoveryClient_MS1/192.168.12.68:MS1:9001 - deregister  status: 200
2018-04-20 15:33:25.778  INFO [-,fc3c0e92eda7e0c6,fc3c0e92eda7e0c6,false] 10874 --- [nio-9001-exec-2] com.netflix.discovery.DiscoveryClient    : Completed shut down of DiscoveryClient
2018-04-20 15:33:25.784  INFO [-,fc3c0e92eda7e0c6,fc3c0e92eda7e0c6,false] 10874 --- [nio-9001-exec-2] com.netflix.discovery.DiscoveryClient    : Initializing Eureka in region us-east-1
2018-04-20 15:33:25.798  INFO [-,fc3c0e92eda7e0c6,fc3c0e92eda7e0c6,false] 10874 --- [nio-9001-exec-2] c.n.d.provider.DiscoveryJerseyProvider   : Using JSON encoding codec LegacyJacksonJson
2018-04-20 15:33:25.798  INFO [-,fc3c0e92eda7e0c6,fc3c0e92eda7e0c6,false] 10874 --- [nio-9001-exec-2] c.n.d.provider.DiscoveryJerseyProvider   : Using JSON decoding codec LegacyJacksonJson
2018-04-20 15:33:25.798  INFO [-,fc3c0e92eda7e0c6,fc3c0e92eda7e0c6,false] 10874 --- [nio-9001-exec-2] c.n.d.provider.DiscoveryJerseyProvider   : Using XML encoding codec XStreamXml
2018-04-20 15:33:25.798  INFO [-,fc3c0e92eda7e0c6,fc3c0e92eda7e0c6,false] 10874 --- [nio-9001-exec-2] c.n.d.provider.DiscoveryJerseyProvider   : Using XML decoding codec XStreamXml
2018-04-20 15:33:25.892  INFO [-,fc3c0e92eda7e0c6,fc3c0e92eda7e0c6,false] 10874 --- [nio-9001-exec-2] c.n.d.s.r.aws.ConfigClusterResolver      : Resolving eureka endpoints via configuration
2018-04-20 15:33:25.893  INFO [-,fc3c0e92eda7e0c6,fc3c0e92eda7e0c6,false] 10874 --- [nio-9001-exec-2] com.netflix.discovery.DiscoveryClient    : Disable delta property : false
2018-04-20 15:33:25.894  INFO [-,fc3c0e92eda7e0c6,fc3c0e92eda7e0c6,false] 10874 --- [nio-9001-exec-2] com.netflix.discovery.DiscoveryClient    : Single vip registry refresh property : null
2018-04-20 15:33:25.894  INFO [-,fc3c0e92eda7e0c6,fc3c0e92eda7e0c6,false] 10874 --- [nio-9001-exec-2] com.netflix.discovery.DiscoveryClient    : Force full registry fetch : false
2018-04-20 15:33:25.894  INFO [-,fc3c0e92eda7e0c6,fc3c0e92eda7e0c6,false] 10874 --- [nio-9001-exec-2] com.netflix.discovery.DiscoveryClient    : Application is null : false
2018-04-20 15:33:25.894  INFO [-,fc3c0e92eda7e0c6,fc3c0e92eda7e0c6,false] 10874 --- [nio-9001-exec-2] com.netflix.discovery.DiscoveryClient    : Registered Applications size is zero : true
2018-04-20 15:33:25.894  INFO [-,fc3c0e92eda7e0c6,fc3c0e92eda7e0c6,false] 10874 --- [nio-9001-exec-2] com.netflix.discovery.DiscoveryClient    : Application version is -1: true
2018-04-20 15:33:25.894  INFO [-,fc3c0e92eda7e0c6,fc3c0e92eda7e0c6,false] 10874 --- [nio-9001-exec-2] com.netflix.discovery.DiscoveryClient    : Getting all instance registry info from the eureka server
2018-04-20 15:33:25.898  INFO [-,fc3c0e92eda7e0c6,fc3c0e92eda7e0c6,false] 10874 --- [nio-9001-exec-2] com.netflix.discovery.DiscoveryClient    : The response status is 200
2018-04-20 15:33:25.900  INFO [-,fc3c0e92eda7e0c6,fc3c0e92eda7e0c6,false] 10874 --- [nio-9001-exec-2] com.netflix.discovery.DiscoveryClient    : Starting heartbeat executor: renew interval is: 30
2018-04-20 15:33:25.901  INFO [-,fc3c0e92eda7e0c6,fc3c0e92eda7e0c6,false] 10874 --- [nio-9001-exec-2] c.n.discovery.InstanceInfoReplicator     : InstanceInfoReplicator onDemand update allowed rate per min is 4
2018-04-20 15:33:25.902  INFO [-,fc3c0e92eda7e0c6,fc3c0e92eda7e0c6,false] 10874 --- [nio-9001-exec-2] com.netflix.discovery.DiscoveryClient    : Discovery Client initialized at timestamp 1524218605902 with initial instances count: 3
2018-04-20 15:33:25.904  INFO [-,fc3c0e92eda7e0c6,fc3c0e92eda7e0c6,false] 10874 --- [nio-9001-exec-2] o.s.c.n.e.s.EurekaServiceRegistry        : Unregistering application MS1 with eureka with status DOWN
2018-04-20 15:33:25.904  INFO [-,fc3c0e92eda7e0c6,fc3c0e92eda7e0c6,false] 10874 --- [nio-9001-exec-2] o.s.c.n.e.s.EurekaServiceRegistry        : Registering application MS1 with eureka with status UP
2018-04-20 15:33:25.904  WARN [-,fc3c0e92eda7e0c6,fc3c0e92eda7e0c6,false] 10874 --- [nio-9001-exec-2] com.netflix.discovery.DiscoveryClient    : Saw local status change event StatusChangeEvent [timestamp=1524218605904, current=UP, previous=DOWN]
2018-04-20 15:33:25.906  INFO [-,,,] 10874 --- [nfoReplicator-0] com.netflix.discovery.DiscoveryClient    : DiscoveryClient_MS1/192.168.12.68:MS1:9001: registering service...
2018-04-20 15:33:25.918  INFO [-,,,] 10874 --- [nfoReplicator-0] com.netflix.discovery.DiscoveryClient    : DiscoveryClient_MS1/192.168.12.68:MS1:9001 - registration status: 204
2018-04-20 15:33:56.705  WARN [-,47a52826d26cfe7d,47a52826d26cfe7d,true] 10874 --- [nio-9001-exec-4] o.s.web.servlet.PageNotFound             : Request method 'GET' not supported
2018-04-20 15:33:57.412  WARN [-,c938a7afc7933d9b,c938a7afc7933d9b,false] 10874 --- [nio-9001-exec-5] o.s.web.servlet.PageNotFound             : Request method 'GET' not supported
2018-04-20 15:33:59.968  WARN [-,5e15f551281a70e7,5e15f551281a70e7,false] 10874 --- [nio-9001-exec-6] o.s.web.servlet.PageNotFound             : Request method 'GET' not supported
2018-04-20 15:34:22.900  WARN [-,435287c2389c4cb3,435287c2389c4cb3,false] 10874 --- [nio-9001-exec-8] o.s.web.servlet.PageNotFound             : Request method 'GET' not supported
2018-04-20 15:34:30.545  INFO [-,bb66b74963711f25,bb66b74963711f25,false] 10874 --- [nio-9001-exec-3] com.test.MS1.ApiController               : test
2018-04-20 15:34:30.750  INFO [-,13b4b8fdce00f188,13b4b8fdce00f188,false] 10874 --- [nio-9001-exec-4] com.test.MS1.ApiController               : test
2018-04-20 15:34:32.365  INFO [-,862b29321fb1cf79,862b29321fb1cf79,false] 10874 --- [nio-9001-exec-5] com.test.MS1.ApiController               : test
2018-04-20 15:34:33.321  INFO [-,2fb617280dfbc1ab,2fb617280dfbc1ab,false] 10874 --- [nio-9001-exec-6] com.test.MS1.ApiController               : test
