[INFO] Scanning for projects...
[INFO] 
[INFO] --------------------------< com.test:Config >---------------------------
[INFO] Building Config 0.0.1-SNAPSHOT
[INFO] --------------------------------[ jar ]---------------------------------
[INFO] 
[INFO] >>> spring-boot-maven-plugin:2.0.1.RELEASE:run (default-cli) > test-compile @ Config >>>
[INFO] 
[INFO] --- maven-resources-plugin:3.0.1:resources (default-resources) @ Config ---
[INFO] Using 'UTF-8' encoding to copy filtered resources.
[INFO] Copying 1 resource
[INFO] Copying 0 resource
[INFO] 
[INFO] --- maven-compiler-plugin:3.7.0:compile (default-compile) @ Config ---
[INFO] Nothing to compile - all classes are up to date
[INFO] 
[INFO] --- maven-resources-plugin:3.0.1:testResources (default-testResources) @ Config ---
[INFO] Using 'UTF-8' encoding to copy filtered resources.
[INFO] skip non existing resourceDirectory /Users/rinkugirdhar/Desktop/workspace/Config/src/test/resources
[INFO] 
[INFO] --- maven-compiler-plugin:3.7.0:testCompile (default-testCompile) @ Config ---
[INFO] Nothing to compile - all classes are up to date
[INFO] 
[INFO] <<< spring-boot-maven-plugin:2.0.1.RELEASE:run (default-cli) < test-compile @ Config <<<
[INFO] 
[INFO] 
[INFO] --- spring-boot-maven-plugin:2.0.1.RELEASE:run (default-cli) @ Config ---
2018-04-20 14:44:09.546  INFO 10380 --- [           main] s.c.a.AnnotationConfigApplicationContext : Refreshing org.springframework.context.annotation.AnnotationConfigApplicationContext@6eab4ba9: startup date [Fri Apr 20 14:44:09 IST 2018]; root of context hierarchy
2018-04-20 14:44:10.186  INFO 10380 --- [           main] trationDelegate$BeanPostProcessorChecker : Bean 'configurationPropertiesRebinderAutoConfiguration' of type [org.springframework.cloud.autoconfigure.ConfigurationPropertiesRebinderAutoConfiguration$$EnhancerBySpringCGLIB$$cbd7af43] is not eligible for getting processed by all BeanPostProcessors (for example: not eligible for auto-proxying)

  .   ____          _            __ _ _
 /\\ / ___'_ __ _ _(_)_ __  __ _ \ \ \ \
( ( )\___ | '_ | '_| | '_ \/ _` | \ \ \ \
 \\/  ___)| |_)| | | | | || (_| |  ) ) ) )
  '  |____| .__|_| |_|_| |_\__, | / / / /
 =========|_|==============|___/=/_/_/_/
 :: Spring Boot ::        (v2.0.1.RELEASE)

2018-04-20 14:44:10.407  INFO 10380 --- [           main] com.test.Config.ConfigApplication        : No active profile set, falling back to default profiles: default
2018-04-20 14:44:10.420  INFO 10380 --- [           main] ConfigServletWebServerApplicationContext : Refreshing org.springframework.boot.web.servlet.context.AnnotationConfigServletWebServerApplicationContext@16406b12: startup date [Fri Apr 20 14:44:10 IST 2018]; parent: org.springframework.context.annotation.AnnotationConfigApplicationContext@6eab4ba9
2018-04-20 14:44:10.986  INFO 10380 --- [           main] o.s.b.f.s.DefaultListableBeanFactory     : Overriding bean definition for bean 'environmentWebEndpointExtension' with a different definition: replacing [Root bean: class [null]; scope=; abstract=false; lazyInit=false; autowireMode=3; dependencyCheck=0; autowireCandidate=true; primary=false; factoryBeanName=org.springframework.boot.actuate.autoconfigure.env.EnvironmentEndpointAutoConfiguration; factoryMethodName=environmentWebEndpointExtension; initMethodName=null; destroyMethodName=(inferred); defined in class path resource [org/springframework/boot/actuate/autoconfigure/env/EnvironmentEndpointAutoConfiguration.class]] with [Root bean: class [null]; scope=; abstract=false; lazyInit=false; autowireMode=3; dependencyCheck=0; autowireCandidate=true; primary=false; factoryBeanName=org.springframework.cloud.autoconfigure.LifecycleMvcEndpointAutoConfiguration$EndpointConfiguration; factoryMethodName=environmentWebEndpointExtension; initMethodName=null; destroyMethodName=(inferred); defined in class path resource [org/springframework/cloud/autoconfigure/LifecycleMvcEndpointAutoConfiguration$EndpointConfiguration.class]]
2018-04-20 14:44:11.256  INFO 10380 --- [           main] o.s.cloud.context.scope.GenericScope     : BeanFactory id=8ba91cba-7b68-363b-b157-e42f8622e10a
2018-04-20 14:44:11.330  INFO 10380 --- [           main] trationDelegate$BeanPostProcessorChecker : Bean 'org.springframework.cloud.autoconfigure.ConfigurationPropertiesRebinderAutoConfiguration' of type [org.springframework.cloud.autoconfigure.ConfigurationPropertiesRebinderAutoConfiguration$$EnhancerBySpringCGLIB$$cbd7af43] is not eligible for getting processed by all BeanPostProcessors (for example: not eligible for auto-proxying)
2018-04-20 14:44:11.608  INFO 10380 --- [           main] o.s.b.w.embedded.tomcat.TomcatWebServer  : Tomcat initialized with port(s): 9111 (http)
2018-04-20 14:44:11.689  INFO 10380 --- [           main] o.apache.catalina.core.StandardService   : Starting service [Tomcat]
2018-04-20 14:44:11.689  INFO 10380 --- [           main] org.apache.catalina.core.StandardEngine  : Starting Servlet Engine: Apache Tomcat/8.5.29
2018-04-20 14:44:11.700  INFO 10380 --- [ost-startStop-1] o.a.catalina.core.AprLifecycleListener   : The APR based Apache Tomcat Native library which allows optimal performance in production environments was not found on the java.library.path: [/Users/rinkugirdhar/Library/Java/Extensions:/Library/Java/Extensions:/Network/Library/Java/Extensions:/System/Library/Java/Extensions:/usr/lib/java:.]
2018-04-20 14:44:11.790  INFO 10380 --- [ost-startStop-1] o.a.c.c.C.[Tomcat].[localhost].[/]       : Initializing Spring embedded WebApplicationContext
2018-04-20 14:44:11.790  INFO 10380 --- [ost-startStop-1] o.s.web.context.ContextLoader            : Root WebApplicationContext: initialization completed in 1370 ms
2018-04-20 14:44:12.777  INFO 10380 --- [ost-startStop-1] o.s.b.w.servlet.ServletRegistrationBean  : Servlet dispatcherServlet mapped to [/]
2018-04-20 14:44:12.781  INFO 10380 --- [ost-startStop-1] o.s.b.w.servlet.FilterRegistrationBean   : Mapping filter: 'characterEncodingFilter' to: [/*]
2018-04-20 14:44:12.782  INFO 10380 --- [ost-startStop-1] o.s.b.w.servlet.FilterRegistrationBean   : Mapping filter: 'hiddenHttpMethodFilter' to: [/*]
2018-04-20 14:44:12.782  INFO 10380 --- [ost-startStop-1] o.s.b.w.servlet.FilterRegistrationBean   : Mapping filter: 'httpPutFormContentFilter' to: [/*]
2018-04-20 14:44:12.782  INFO 10380 --- [ost-startStop-1] o.s.b.w.servlet.FilterRegistrationBean   : Mapping filter: 'requestContextFilter' to: [/*]
2018-04-20 14:44:12.782  INFO 10380 --- [ost-startStop-1] o.s.b.w.servlet.FilterRegistrationBean   : Mapping filter: 'httpTraceFilter' to: [/*]
2018-04-20 14:44:12.782  INFO 10380 --- [ost-startStop-1] o.s.b.w.servlet.FilterRegistrationBean   : Mapping filter: 'webMvcMetricsFilter' to: [/*]
2018-04-20 14:44:12.882  INFO 10380 --- [           main] o.s.w.s.handler.SimpleUrlHandlerMapping  : Mapped URL path [/**/favicon.ico] onto handler of type [class org.springframework.web.servlet.resource.ResourceHttpRequestHandler]
2018-04-20 14:44:13.067  INFO 10380 --- [           main] s.w.s.m.m.a.RequestMappingHandlerAdapter : Looking for @ControllerAdvice: org.springframework.boot.web.servlet.context.AnnotationConfigServletWebServerApplicationContext@16406b12: startup date [Fri Apr 20 14:44:10 IST 2018]; parent: org.springframework.context.annotation.AnnotationConfigApplicationContext@6eab4ba9
2018-04-20 14:44:13.163  INFO 10380 --- [           main] s.w.s.m.m.a.RequestMappingHandlerMapping : Mapped "{[/error]}" onto public org.springframework.http.ResponseEntity<java.util.Map<java.lang.String, java.lang.Object>> org.springframework.boot.autoconfigure.web.servlet.error.BasicErrorController.error(javax.servlet.http.HttpServletRequest)
2018-04-20 14:44:13.164  INFO 10380 --- [           main] s.w.s.m.m.a.RequestMappingHandlerMapping : Mapped "{[/error],produces=[text/html]}" onto public org.springframework.web.servlet.ModelAndView org.springframework.boot.autoconfigure.web.servlet.error.BasicErrorController.errorHtml(javax.servlet.http.HttpServletRequest,javax.servlet.http.HttpServletResponse)
2018-04-20 14:44:13.173  INFO 10380 --- [           main] s.w.s.m.m.a.RequestMappingHandlerMapping : Mapped "{[/encrypt],methods=[POST]}" onto public java.lang.String org.springframework.cloud.config.server.encryption.EncryptionController.encrypt(java.lang.String,org.springframework.http.MediaType)
2018-04-20 14:44:13.173  INFO 10380 --- [           main] s.w.s.m.m.a.RequestMappingHandlerMapping : Mapped "{[/encrypt/{name}/{profiles}],methods=[POST]}" onto public java.lang.String org.springframework.cloud.config.server.encryption.EncryptionController.encrypt(java.lang.String,java.lang.String,java.lang.String,org.springframework.http.MediaType)
2018-04-20 14:44:13.174  INFO 10380 --- [           main] s.w.s.m.m.a.RequestMappingHandlerMapping : Mapped "{[/decrypt/{name}/{profiles}],methods=[POST]}" onto public java.lang.String org.springframework.cloud.config.server.encryption.EncryptionController.decrypt(java.lang.String,java.lang.String,java.lang.String,org.springframework.http.MediaType)
2018-04-20 14:44:13.174  INFO 10380 --- [           main] s.w.s.m.m.a.RequestMappingHandlerMapping : Mapped "{[/decrypt],methods=[POST]}" onto public java.lang.String org.springframework.cloud.config.server.encryption.EncryptionController.decrypt(java.lang.String,org.springframework.http.MediaType)
2018-04-20 14:44:13.174  INFO 10380 --- [           main] s.w.s.m.m.a.RequestMappingHandlerMapping : Mapped "{[/encrypt/status],methods=[GET]}" onto public java.util.Map<java.lang.String, java.lang.Object> org.springframework.cloud.config.server.encryption.EncryptionController.status()
2018-04-20 14:44:13.175  INFO 10380 --- [           main] s.w.s.m.m.a.RequestMappingHandlerMapping : Mapped "{[/key],methods=[GET]}" onto public java.lang.String org.springframework.cloud.config.server.encryption.EncryptionController.getPublicKey()
2018-04-20 14:44:13.175  INFO 10380 --- [           main] s.w.s.m.m.a.RequestMappingHandlerMapping : Mapped "{[/key/{name}/{profiles}],methods=[GET]}" onto public java.lang.String org.springframework.cloud.config.server.encryption.EncryptionController.getPublicKey(java.lang.String,java.lang.String)
2018-04-20 14:44:13.182  INFO 10380 --- [           main] s.w.s.m.m.a.RequestMappingHandlerMapping : Mapped "{[/{name}-{profiles}.properties],methods=[GET]}" onto public org.springframework.http.ResponseEntity<java.lang.String> org.springframework.cloud.config.server.environment.EnvironmentController.properties(java.lang.String,java.lang.String,boolean) throws java.io.IOException
2018-04-20 14:44:13.183  INFO 10380 --- [           main] s.w.s.m.m.a.RequestMappingHandlerMapping : Mapped "{[/{name}-{profiles}.yml || /{name}-{profiles}.yaml],methods=[GET]}" onto public org.springframework.http.ResponseEntity<java.lang.String> org.springframework.cloud.config.server.environment.EnvironmentController.yaml(java.lang.String,java.lang.String,boolean) throws java.lang.Exception
2018-04-20 14:44:13.183  INFO 10380 --- [           main] s.w.s.m.m.a.RequestMappingHandlerMapping : Mapped "{[/{name}/{profiles:.*[^-].*}],methods=[GET]}" onto public org.springframework.cloud.config.environment.Environment org.springframework.cloud.config.server.environment.EnvironmentController.defaultLabel(java.lang.String,java.lang.String)
2018-04-20 14:44:13.184  INFO 10380 --- [           main] s.w.s.m.m.a.RequestMappingHandlerMapping : Mapped "{[/{name}/{profiles}/{label:.*}],methods=[GET]}" onto public org.springframework.cloud.config.environment.Environment org.springframework.cloud.config.server.environment.EnvironmentController.labelled(java.lang.String,java.lang.String,java.lang.String)
2018-04-20 14:44:13.184  INFO 10380 --- [           main] s.w.s.m.m.a.RequestMappingHandlerMapping : Mapped "{[/{label}/{name}-{profiles}.properties],methods=[GET]}" onto public org.springframework.http.ResponseEntity<java.lang.String> org.springframework.cloud.config.server.environment.EnvironmentController.labelledProperties(java.lang.String,java.lang.String,java.lang.String,boolean) throws java.io.IOException
2018-04-20 14:44:13.185  INFO 10380 --- [           main] s.w.s.m.m.a.RequestMappingHandlerMapping : Mapped "{[/{name}-{profiles}.json],methods=[GET]}" onto public org.springframework.http.ResponseEntity<java.lang.String> org.springframework.cloud.config.server.environment.EnvironmentController.jsonProperties(java.lang.String,java.lang.String,boolean) throws java.lang.Exception
2018-04-20 14:44:13.185  INFO 10380 --- [           main] s.w.s.m.m.a.RequestMappingHandlerMapping : Mapped "{[/{label}/{name}-{profiles}.json],methods=[GET]}" onto public org.springframework.http.ResponseEntity<java.lang.String> org.springframework.cloud.config.server.environment.EnvironmentController.labelledJsonProperties(java.lang.String,java.lang.String,java.lang.String,boolean) throws java.lang.Exception
2018-04-20 14:44:13.186  INFO 10380 --- [           main] s.w.s.m.m.a.RequestMappingHandlerMapping : Mapped "{[/{label}/{name}-{profiles}.yml || /{label}/{name}-{profiles}.yaml],methods=[GET]}" onto public org.springframework.http.ResponseEntity<java.lang.String> org.springframework.cloud.config.server.environment.EnvironmentController.labelledYaml(java.lang.String,java.lang.String,java.lang.String,boolean) throws java.lang.Exception
2018-04-20 14:44:13.194  INFO 10380 --- [           main] s.w.s.m.m.a.RequestMappingHandlerMapping : Mapped "{[/{name}/{profile}/{label}/**],methods=[GET]}" onto public java.lang.String org.springframework.cloud.config.server.resource.ResourceController.retrieve(java.lang.String,java.lang.String,java.lang.String,javax.servlet.http.HttpServletRequest,boolean) throws java.io.IOException
2018-04-20 14:44:13.194  INFO 10380 --- [           main] s.w.s.m.m.a.RequestMappingHandlerMapping : Mapped "{[/{name}/{profile}/**],methods=[GET],params=[useDefaultLabel]}" onto public java.lang.String org.springframework.cloud.config.server.resource.ResourceController.retrieve(java.lang.String,java.lang.String,javax.servlet.http.HttpServletRequest,boolean) throws java.io.IOException
2018-04-20 14:44:13.195  INFO 10380 --- [           main] s.w.s.m.m.a.RequestMappingHandlerMapping : Mapped "{[/{name}/{profile}/{label}/**],methods=[GET],produces=[application/octet-stream]}" onto public synchronized byte[] org.springframework.cloud.config.server.resource.ResourceController.binary(java.lang.String,java.lang.String,java.lang.String,javax.servlet.http.HttpServletRequest) throws java.io.IOException
2018-04-20 14:44:13.225  INFO 10380 --- [           main] o.s.w.s.handler.SimpleUrlHandlerMapping  : Mapped URL path [/webjars/**] onto handler of type [class org.springframework.web.servlet.resource.ResourceHttpRequestHandler]
2018-04-20 14:44:13.226  INFO 10380 --- [           main] o.s.w.s.handler.SimpleUrlHandlerMapping  : Mapped URL path [/**] onto handler of type [class org.springframework.web.servlet.resource.ResourceHttpRequestHandler]
2018-04-20 14:44:13.762  INFO 10380 --- [           main] o.s.b.a.e.web.EndpointLinksResolver      : Exposing 2 endpoint(s) beneath base path '/actuator'
2018-04-20 14:44:13.772  INFO 10380 --- [           main] s.b.a.e.w.s.WebMvcEndpointHandlerMapping : Mapped "{[/actuator/health],methods=[GET],produces=[application/vnd.spring-boot.actuator.v2+json || application/json]}" onto public java.lang.Object org.springframework.boot.actuate.endpoint.web.servlet.AbstractWebMvcEndpointHandlerMapping$OperationHandler.handle(javax.servlet.http.HttpServletRequest,java.util.Map<java.lang.String, java.lang.String>)
2018-04-20 14:44:13.772  INFO 10380 --- [           main] s.b.a.e.w.s.WebMvcEndpointHandlerMapping : Mapped "{[/actuator/info],methods=[GET],produces=[application/vnd.spring-boot.actuator.v2+json || application/json]}" onto public java.lang.Object org.springframework.boot.actuate.endpoint.web.servlet.AbstractWebMvcEndpointHandlerMapping$OperationHandler.handle(javax.servlet.http.HttpServletRequest,java.util.Map<java.lang.String, java.lang.String>)
2018-04-20 14:44:13.773  INFO 10380 --- [           main] s.b.a.e.w.s.WebMvcEndpointHandlerMapping : Mapped "{[/actuator],methods=[GET],produces=[application/vnd.spring-boot.actuator.v2+json || application/json]}" onto protected java.util.Map<java.lang.String, java.util.Map<java.lang.String, org.springframework.boot.actuate.endpoint.web.Link>> org.springframework.boot.actuate.endpoint.web.servlet.WebMvcEndpointHandlerMapping.links(javax.servlet.http.HttpServletRequest,javax.servlet.http.HttpServletResponse)
2018-04-20 14:44:13.821  INFO 10380 --- [           main] o.s.j.e.a.AnnotationMBeanExporter        : Registering beans for JMX exposure on startup
2018-04-20 14:44:13.833  INFO 10380 --- [           main] o.s.j.e.a.AnnotationMBeanExporter        : Bean with name 'configurationPropertiesRebinder' has been autodetected for JMX exposure
2018-04-20 14:44:13.834  INFO 10380 --- [           main] o.s.j.e.a.AnnotationMBeanExporter        : Bean with name 'environmentManager' has been autodetected for JMX exposure
2018-04-20 14:44:13.836  INFO 10380 --- [           main] o.s.j.e.a.AnnotationMBeanExporter        : Bean with name 'refreshScope' has been autodetected for JMX exposure
2018-04-20 14:44:13.839  INFO 10380 --- [           main] o.s.j.e.a.AnnotationMBeanExporter        : Located managed bean 'environmentManager': registering with JMX server as MBean [org.springframework.cloud.context.environment:name=environmentManager,type=EnvironmentManager]
2018-04-20 14:44:13.851  INFO 10380 --- [           main] o.s.j.e.a.AnnotationMBeanExporter        : Located managed bean 'refreshScope': registering with JMX server as MBean [org.springframework.cloud.context.scope.refresh:name=refreshScope,type=RefreshScope]
2018-04-20 14:44:13.862  INFO 10380 --- [           main] o.s.j.e.a.AnnotationMBeanExporter        : Located managed bean 'configurationPropertiesRebinder': registering with JMX server as MBean [org.springframework.cloud.context.properties:name=configurationPropertiesRebinder,context=16406b12,type=ConfigurationPropertiesRebinder]
2018-04-20 14:44:13.937  INFO 10380 --- [           main] o.s.b.w.embedded.tomcat.TomcatWebServer  : Tomcat started on port(s): 9111 (http) with context path ''
2018-04-20 14:44:13.955  INFO 10380 --- [           main] com.test.Config.ConfigApplication        : Started ConfigApplication in 4.896 seconds (JVM running for 8.267)
2018-04-20 14:47:12.646  INFO 10380 --- [nio-9111-exec-1] o.a.c.c.C.[Tomcat].[localhost].[/]       : Initializing Spring FrameworkServlet 'dispatcherServlet'
2018-04-20 14:47:12.648  INFO 10380 --- [nio-9111-exec-1] o.s.web.servlet.DispatcherServlet        : FrameworkServlet 'dispatcherServlet': initialization started
2018-04-20 14:47:12.693  INFO 10380 --- [nio-9111-exec-1] o.s.web.servlet.DispatcherServlet        : FrameworkServlet 'dispatcherServlet': initialization completed in 45 ms
2018-04-20 14:58:24.689  INFO 10380 --- [nio-9111-exec-2] s.c.a.AnnotationConfigApplicationContext : Refreshing org.springframework.context.annotation.AnnotationConfigApplicationContext@da2fe07: startup date [Fri Apr 20 14:58:24 IST 2018]; root of context hierarchy
2018-04-20 14:58:24.852  INFO 10380 --- [nio-9111-exec-2] o.s.c.c.s.e.NativeEnvironmentRepository  : Adding property source: file:/var/folders/z9/yc57xt814c7fz5qhl4hbyscm0000gn/T/config-repo-4233924754529918213/ms1.properties
2018-04-20 14:58:24.852  INFO 10380 --- [nio-9111-exec-2] s.c.a.AnnotationConfigApplicationContext : Closing org.springframework.context.annotation.AnnotationConfigApplicationContext@da2fe07: startup date [Fri Apr 20 14:58:24 IST 2018]; root of context hierarchy
2018-04-20 14:58:26.373  INFO 10380 --- [nio-9111-exec-3] s.c.a.AnnotationConfigApplicationContext : Refreshing org.springframework.context.annotation.AnnotationConfigApplicationContext@4ceae65a: startup date [Fri Apr 20 14:58:26 IST 2018]; root of context hierarchy
2018-04-20 14:58:26.388  INFO 10380 --- [nio-9111-exec-3] o.s.c.c.s.e.NativeEnvironmentRepository  : Adding property source: file:/var/folders/z9/yc57xt814c7fz5qhl4hbyscm0000gn/T/config-repo-4233924754529918213/ms1.properties
2018-04-20 14:58:26.389  INFO 10380 --- [nio-9111-exec-3] s.c.a.AnnotationConfigApplicationContext : Closing org.springframework.context.annotation.AnnotationConfigApplicationContext@4ceae65a: startup date [Fri Apr 20 14:58:26 IST 2018]; root of context hierarchy
2018-04-20 14:58:26.686  INFO 10380 --- [nio-9111-exec-4] s.c.a.AnnotationConfigApplicationContext : Refreshing org.springframework.context.annotation.AnnotationConfigApplicationContext@7664efad: startup date [Fri Apr 20 14:58:26 IST 2018]; root of context hierarchy
2018-04-20 14:58:26.697  INFO 10380 --- [nio-9111-exec-4] o.s.c.c.s.e.NativeEnvironmentRepository  : Adding property source: file:/var/folders/z9/yc57xt814c7fz5qhl4hbyscm0000gn/T/config-repo-4233924754529918213/ms1.properties
2018-04-20 14:58:26.697  INFO 10380 --- [nio-9111-exec-4] s.c.a.AnnotationConfigApplicationContext : Closing org.springframework.context.annotation.AnnotationConfigApplicationContext@7664efad: startup date [Fri Apr 20 14:58:26 IST 2018]; root of context hierarchy
2018-04-20 14:58:31.031  INFO 10380 --- [nio-9111-exec-5] s.c.a.AnnotationConfigApplicationContext : Refreshing org.springframework.context.annotation.AnnotationConfigApplicationContext@723f9ee4: startup date [Fri Apr 20 14:58:31 IST 2018]; root of context hierarchy
2018-04-20 14:58:31.041  INFO 10380 --- [nio-9111-exec-5] o.s.c.c.s.e.NativeEnvironmentRepository  : Adding property source: file:/var/folders/z9/yc57xt814c7fz5qhl4hbyscm0000gn/T/config-repo-4233924754529918213/ms1.properties
2018-04-20 14:58:31.041  INFO 10380 --- [nio-9111-exec-5] s.c.a.AnnotationConfigApplicationContext : Closing org.springframework.context.annotation.AnnotationConfigApplicationContext@723f9ee4: startup date [Fri Apr 20 14:58:31 IST 2018]; root of context hierarchy
2018-04-20 14:58:33.661  INFO 10380 --- [nio-9111-exec-6] s.c.a.AnnotationConfigApplicationContext : Refreshing org.springframework.context.annotation.AnnotationConfigApplicationContext@7e39597f: startup date [Fri Apr 20 14:58:33 IST 2018]; root of context hierarchy
2018-04-20 14:58:33.669  INFO 10380 --- [nio-9111-exec-6] o.s.c.c.s.e.NativeEnvironmentRepository  : Adding property source: file:/var/folders/z9/yc57xt814c7fz5qhl4hbyscm0000gn/T/config-repo-4233924754529918213/ms1.properties
2018-04-20 14:58:33.669  INFO 10380 --- [nio-9111-exec-6] s.c.a.AnnotationConfigApplicationContext : Closing org.springframework.context.annotation.AnnotationConfigApplicationContext@7e39597f: startup date [Fri Apr 20 14:58:33 IST 2018]; root of context hierarchy
2018-04-20 14:58:37.331  INFO 10380 --- [nio-9111-exec-7] s.c.a.AnnotationConfigApplicationContext : Refreshing org.springframework.context.annotation.AnnotationConfigApplicationContext@3ab7af46: startup date [Fri Apr 20 14:58:37 IST 2018]; root of context hierarchy
2018-04-20 14:58:37.338  INFO 10380 --- [nio-9111-exec-7] o.s.c.c.s.e.NativeEnvironmentRepository  : Adding property source: file:/var/folders/z9/yc57xt814c7fz5qhl4hbyscm0000gn/T/config-repo-4233924754529918213/ms1.properties
2018-04-20 14:58:37.338  INFO 10380 --- [nio-9111-exec-7] s.c.a.AnnotationConfigApplicationContext : Closing org.springframework.context.annotation.AnnotationConfigApplicationContext@3ab7af46: startup date [Fri Apr 20 14:58:37 IST 2018]; root of context hierarchy
2018-04-20 14:58:38.336  INFO 10380 --- [nio-9111-exec-8] s.c.a.AnnotationConfigApplicationContext : Refreshing org.springframework.context.annotation.AnnotationConfigApplicationContext@40d6d9da: startup date [Fri Apr 20 14:58:38 IST 2018]; root of context hierarchy
2018-04-20 14:58:38.343  INFO 10380 --- [nio-9111-exec-8] o.s.c.c.s.e.NativeEnvironmentRepository  : Adding property source: file:/var/folders/z9/yc57xt814c7fz5qhl4hbyscm0000gn/T/config-repo-4233924754529918213/ms1.properties
2018-04-20 14:58:38.343  INFO 10380 --- [nio-9111-exec-8] s.c.a.AnnotationConfigApplicationContext : Closing org.springframework.context.annotation.AnnotationConfigApplicationContext@40d6d9da: startup date [Fri Apr 20 14:58:38 IST 2018]; root of context hierarchy
2018-04-20 15:08:31.505  INFO 10380 --- [nio-9111-exec-1] s.c.a.AnnotationConfigApplicationContext : Refreshing org.springframework.context.annotation.AnnotationConfigApplicationContext@28074ef4: startup date [Fri Apr 20 15:08:31 IST 2018]; root of context hierarchy
2018-04-20 15:08:31.540  INFO 10380 --- [nio-9111-exec-1] o.s.c.c.s.e.NativeEnvironmentRepository  : Adding property source: file:/var/folders/z9/yc57xt814c7fz5qhl4hbyscm0000gn/T/config-repo-4233924754529918213/ms1.properties
2018-04-20 15:08:31.541  INFO 10380 --- [nio-9111-exec-1] s.c.a.AnnotationConfigApplicationContext : Closing org.springframework.context.annotation.AnnotationConfigApplicationContext@28074ef4: startup date [Fri Apr 20 15:08:31 IST 2018]; root of context hierarchy
2018-04-20 15:09:13.819  INFO 10380 --- [nio-9111-exec-2] s.c.a.AnnotationConfigApplicationContext : Refreshing org.springframework.context.annotation.AnnotationConfigApplicationContext@5e51235: startup date [Fri Apr 20 15:09:13 IST 2018]; root of context hierarchy
2018-04-20 15:09:13.833  INFO 10380 --- [nio-9111-exec-2] o.s.c.c.s.e.NativeEnvironmentRepository  : Adding property source: file:/var/folders/z9/yc57xt814c7fz5qhl4hbyscm0000gn/T/config-repo-4233924754529918213/ms1.properties
2018-04-20 15:09:13.834  INFO 10380 --- [nio-9111-exec-2] s.c.a.AnnotationConfigApplicationContext : Closing org.springframework.context.annotation.AnnotationConfigApplicationContext@5e51235: startup date [Fri Apr 20 15:09:13 IST 2018]; root of context hierarchy
2018-04-20 15:09:14.592  INFO 10380 --- [nio-9111-exec-3] s.c.a.AnnotationConfigApplicationContext : Refreshing org.springframework.context.annotation.AnnotationConfigApplicationContext@6f82af5: startup date [Fri Apr 20 15:09:14 IST 2018]; root of context hierarchy
2018-04-20 15:09:14.603  INFO 10380 --- [nio-9111-exec-3] o.s.c.c.s.e.NativeEnvironmentRepository  : Adding property source: file:/var/folders/z9/yc57xt814c7fz5qhl4hbyscm0000gn/T/config-repo-4233924754529918213/ms1.properties
2018-04-20 15:09:14.604  INFO 10380 --- [nio-9111-exec-3] s.c.a.AnnotationConfigApplicationContext : Closing org.springframework.context.annotation.AnnotationConfigApplicationContext@6f82af5: startup date [Fri Apr 20 15:09:14 IST 2018]; root of context hierarchy
2018-04-20 15:09:15.132  INFO 10380 --- [nio-9111-exec-4] s.c.a.AnnotationConfigApplicationContext : Refreshing org.springframework.context.annotation.AnnotationConfigApplicationContext@464df2d7: startup date [Fri Apr 20 15:09:15 IST 2018]; root of context hierarchy
2018-04-20 15:09:15.142  INFO 10380 --- [nio-9111-exec-4] o.s.c.c.s.e.NativeEnvironmentRepository  : Adding property source: file:/var/folders/z9/yc57xt814c7fz5qhl4hbyscm0000gn/T/config-repo-4233924754529918213/ms1.properties
2018-04-20 15:09:15.142  INFO 10380 --- [nio-9111-exec-4] s.c.a.AnnotationConfigApplicationContext : Closing org.springframework.context.annotation.AnnotationConfigApplicationContext@464df2d7: startup date [Fri Apr 20 15:09:15 IST 2018]; root of context hierarchy
2018-04-20 15:09:15.704  INFO 10380 --- [nio-9111-exec-5] s.c.a.AnnotationConfigApplicationContext : Refreshing org.springframework.context.annotation.AnnotationConfigApplicationContext@2f62718e: startup date [Fri Apr 20 15:09:15 IST 2018]; root of context hierarchy
2018-04-20 15:09:15.713  INFO 10380 --- [nio-9111-exec-5] o.s.c.c.s.e.NativeEnvironmentRepository  : Adding property source: file:/var/folders/z9/yc57xt814c7fz5qhl4hbyscm0000gn/T/config-repo-4233924754529918213/ms1.properties
2018-04-20 15:09:15.713  INFO 10380 --- [nio-9111-exec-5] s.c.a.AnnotationConfigApplicationContext : Closing org.springframework.context.annotation.AnnotationConfigApplicationContext@2f62718e: startup date [Fri Apr 20 15:09:15 IST 2018]; root of context hierarchy
2018-04-20 15:11:19.441  INFO 10380 --- [nio-9111-exec-9] s.c.a.AnnotationConfigApplicationContext : Refreshing org.springframework.context.annotation.AnnotationConfigApplicationContext@4d843ab1: startup date [Fri Apr 20 15:11:19 IST 2018]; root of context hierarchy
2018-04-20 15:11:19.468  INFO 10380 --- [nio-9111-exec-9] o.s.c.c.s.e.NativeEnvironmentRepository  : Adding property source: file:/var/folders/z9/yc57xt814c7fz5qhl4hbyscm0000gn/T/config-repo-4233924754529918213/ms1.properties
2018-04-20 15:11:19.468  INFO 10380 --- [nio-9111-exec-9] s.c.a.AnnotationConfigApplicationContext : Closing org.springframework.context.annotation.AnnotationConfigApplicationContext@4d843ab1: startup date [Fri Apr 20 15:11:19 IST 2018]; root of context hierarchy
2018-04-20 15:11:20.240  INFO 10380 --- [io-9111-exec-10] s.c.a.AnnotationConfigApplicationContext : Refreshing org.springframework.context.annotation.AnnotationConfigApplicationContext@2353ca9d: startup date [Fri Apr 20 15:11:20 IST 2018]; root of context hierarchy
2018-04-20 15:11:20.252  INFO 10380 --- [io-9111-exec-10] o.s.c.c.s.e.NativeEnvironmentRepository  : Adding property source: file:/var/folders/z9/yc57xt814c7fz5qhl4hbyscm0000gn/T/config-repo-4233924754529918213/ms1.properties
2018-04-20 15:11:20.252  INFO 10380 --- [io-9111-exec-10] s.c.a.AnnotationConfigApplicationContext : Closing org.springframework.context.annotation.AnnotationConfigApplicationContext@2353ca9d: startup date [Fri Apr 20 15:11:20 IST 2018]; root of context hierarchy
2018-04-20 15:11:20.867  INFO 10380 --- [nio-9111-exec-1] s.c.a.AnnotationConfigApplicationContext : Refreshing org.springframework.context.annotation.AnnotationConfigApplicationContext@10db158: startup date [Fri Apr 20 15:11:20 IST 2018]; root of context hierarchy
2018-04-20 15:11:20.876  INFO 10380 --- [nio-9111-exec-1] o.s.c.c.s.e.NativeEnvironmentRepository  : Adding property source: file:/var/folders/z9/yc57xt814c7fz5qhl4hbyscm0000gn/T/config-repo-4233924754529918213/ms1.properties
2018-04-20 15:11:20.876  INFO 10380 --- [nio-9111-exec-1] s.c.a.AnnotationConfigApplicationContext : Closing org.springframework.context.annotation.AnnotationConfigApplicationContext@10db158: startup date [Fri Apr 20 15:11:20 IST 2018]; root of context hierarchy
2018-04-20 15:11:21.925  INFO 10380 --- [nio-9111-exec-2] s.c.a.AnnotationConfigApplicationContext : Refreshing org.springframework.context.annotation.AnnotationConfigApplicationContext@22f16da9: startup date [Fri Apr 20 15:11:21 IST 2018]; root of context hierarchy
2018-04-20 15:11:21.937  INFO 10380 --- [nio-9111-exec-2] o.s.c.c.s.e.NativeEnvironmentRepository  : Adding property source: file:/var/folders/z9/yc57xt814c7fz5qhl4hbyscm0000gn/T/config-repo-4233924754529918213/ms1.properties
2018-04-20 15:11:21.937  INFO 10380 --- [nio-9111-exec-2] s.c.a.AnnotationConfigApplicationContext : Closing org.springframework.context.annotation.AnnotationConfigApplicationContext@22f16da9: startup date [Fri Apr 20 15:11:21 IST 2018]; root of context hierarchy
2018-04-20 15:11:22.196  INFO 10380 --- [nio-9111-exec-3] s.c.a.AnnotationConfigApplicationContext : Refreshing org.springframework.context.annotation.AnnotationConfigApplicationContext@2a90bbdf: startup date [Fri Apr 20 15:11:22 IST 2018]; root of context hierarchy
2018-04-20 15:11:22.206  INFO 10380 --- [nio-9111-exec-3] o.s.c.c.s.e.NativeEnvironmentRepository  : Adding property source: file:/var/folders/z9/yc57xt814c7fz5qhl4hbyscm0000gn/T/config-repo-4233924754529918213/ms1.properties
2018-04-20 15:11:22.207  INFO 10380 --- [nio-9111-exec-3] s.c.a.AnnotationConfigApplicationContext : Closing org.springframework.context.annotation.AnnotationConfigApplicationContext@2a90bbdf: startup date [Fri Apr 20 15:11:22 IST 2018]; root of context hierarchy
2018-04-20 15:11:22.391  INFO 10380 --- [nio-9111-exec-4] s.c.a.AnnotationConfigApplicationContext : Refreshing org.springframework.context.annotation.AnnotationConfigApplicationContext@580b33d5: startup date [Fri Apr 20 15:11:22 IST 2018]; root of context hierarchy
2018-04-20 15:11:22.402  INFO 10380 --- [nio-9111-exec-4] o.s.c.c.s.e.NativeEnvironmentRepository  : Adding property source: file:/var/folders/z9/yc57xt814c7fz5qhl4hbyscm0000gn/T/config-repo-4233924754529918213/ms1.properties
2018-04-20 15:11:22.402  INFO 10380 --- [nio-9111-exec-4] s.c.a.AnnotationConfigApplicationContext : Closing org.springframework.context.annotation.AnnotationConfigApplicationContext@580b33d5: startup date [Fri Apr 20 15:11:22 IST 2018]; root of context hierarchy
2018-04-20 15:11:22.580  INFO 10380 --- [nio-9111-exec-5] s.c.a.AnnotationConfigApplicationContext : Refreshing org.springframework.context.annotation.AnnotationConfigApplicationContext@2bbe477f: startup date [Fri Apr 20 15:11:22 IST 2018]; root of context hierarchy
2018-04-20 15:11:22.589  INFO 10380 --- [nio-9111-exec-5] o.s.c.c.s.e.NativeEnvironmentRepository  : Adding property source: file:/var/folders/z9/yc57xt814c7fz5qhl4hbyscm0000gn/T/config-repo-4233924754529918213/ms1.properties
2018-04-20 15:11:22.590  INFO 10380 --- [nio-9111-exec-5] s.c.a.AnnotationConfigApplicationContext : Closing org.springframework.context.annotation.AnnotationConfigApplicationContext@2bbe477f: startup date [Fri Apr 20 15:11:22 IST 2018]; root of context hierarchy
2018-04-20 15:11:32.795  INFO 10380 --- [nio-9111-exec-6] s.c.a.AnnotationConfigApplicationContext : Refreshing org.springframework.context.annotation.AnnotationConfigApplicationContext@1e3b1996: startup date [Fri Apr 20 15:11:32 IST 2018]; root of context hierarchy
2018-04-20 15:11:32.810  INFO 10380 --- [nio-9111-exec-6] o.s.c.c.s.e.NativeEnvironmentRepository  : Adding property source: file:/var/folders/z9/yc57xt814c7fz5qhl4hbyscm0000gn/T/config-repo-4233924754529918213/ms1.properties
2018-04-20 15:11:32.811  INFO 10380 --- [nio-9111-exec-6] s.c.a.AnnotationConfigApplicationContext : Closing org.springframework.context.annotation.AnnotationConfigApplicationContext@1e3b1996: startup date [Fri Apr 20 15:11:32 IST 2018]; root of context hierarchy
2018-04-20 15:11:35.790  INFO 10380 --- [nio-9111-exec-7] s.c.a.AnnotationConfigApplicationContext : Refreshing org.springframework.context.annotation.AnnotationConfigApplicationContext@72c3f75e: startup date [Fri Apr 20 15:11:35 IST 2018]; root of context hierarchy
2018-04-20 15:11:35.798  INFO 10380 --- [nio-9111-exec-7] o.s.c.c.s.e.NativeEnvironmentRepository  : Adding property source: file:/var/folders/z9/yc57xt814c7fz5qhl4hbyscm0000gn/T/config-repo-4233924754529918213/ms2.properties
2018-04-20 15:11:35.799  INFO 10380 --- [nio-9111-exec-7] s.c.a.AnnotationConfigApplicationContext : Closing org.springframework.context.annotation.AnnotationConfigApplicationContext@72c3f75e: startup date [Fri Apr 20 15:11:35 IST 2018]; root of context hierarchy
2018-04-20 15:12:43.413  INFO 10380 --- [io-9111-exec-10] s.c.a.AnnotationConfigApplicationContext : Refreshing org.springframework.context.annotation.AnnotationConfigApplicationContext@2adeb4e3: startup date [Fri Apr 20 15:12:43 IST 2018]; root of context hierarchy
2018-04-20 15:12:43.424  INFO 10380 --- [io-9111-exec-10] o.s.c.c.s.e.NativeEnvironmentRepository  : Adding property source: file:/var/folders/z9/yc57xt814c7fz5qhl4hbyscm0000gn/T/config-repo-4233924754529918213/ms1.properties
2018-04-20 15:12:43.424  INFO 10380 --- [io-9111-exec-10] s.c.a.AnnotationConfigApplicationContext : Closing org.springframework.context.annotation.AnnotationConfigApplicationContext@2adeb4e3: startup date [Fri Apr 20 15:12:43 IST 2018]; root of context hierarchy
2018-04-20 15:12:43.837  INFO 10380 --- [nio-9111-exec-1] s.c.a.AnnotationConfigApplicationContext : Refreshing org.springframework.context.annotation.AnnotationConfigApplicationContext@7bbc0c68: startup date [Fri Apr 20 15:12:43 IST 2018]; root of context hierarchy
2018-04-20 15:12:43.846  INFO 10380 --- [nio-9111-exec-1] o.s.c.c.s.e.NativeEnvironmentRepository  : Adding property source: file:/var/folders/z9/yc57xt814c7fz5qhl4hbyscm0000gn/T/config-repo-4233924754529918213/ms1.properties
2018-04-20 15:12:43.846  INFO 10380 --- [nio-9111-exec-1] s.c.a.AnnotationConfigApplicationContext : Closing org.springframework.context.annotation.AnnotationConfigApplicationContext@7bbc0c68: startup date [Fri Apr 20 15:12:43 IST 2018]; root of context hierarchy
2018-04-20 15:12:46.767  INFO 10380 --- [nio-9111-exec-2] s.c.a.AnnotationConfigApplicationContext : Refreshing org.springframework.context.annotation.AnnotationConfigApplicationContext@238fdf75: startup date [Fri Apr 20 15:12:46 IST 2018]; root of context hierarchy
2018-04-20 15:12:46.780  INFO 10380 --- [nio-9111-exec-2] s.c.a.AnnotationConfigApplicationContext : Closing org.springframework.context.annotation.AnnotationConfigApplicationContext@238fdf75: startup date [Fri Apr 20 15:12:46 IST 2018]; root of context hierarchy
2018-04-20 15:12:47.384  INFO 10380 --- [nio-9111-exec-3] s.c.a.AnnotationConfigApplicationContext : Refreshing org.springframework.context.annotation.AnnotationConfigApplicationContext@14bb5ca4: startup date [Fri Apr 20 15:12:47 IST 2018]; root of context hierarchy
2018-04-20 15:12:47.391  INFO 10380 --- [nio-9111-exec-3] s.c.a.AnnotationConfigApplicationContext : Closing org.springframework.context.annotation.AnnotationConfigApplicationContext@14bb5ca4: startup date [Fri Apr 20 15:12:47 IST 2018]; root of context hierarchy
2018-04-20 15:12:48.527  INFO 10380 --- [nio-9111-exec-5] s.c.a.AnnotationConfigApplicationContext : Refreshing org.springframework.context.annotation.AnnotationConfigApplicationContext@631f129e: startup date [Fri Apr 20 15:12:48 IST 2018]; root of context hierarchy
2018-04-20 15:12:48.535  INFO 10380 --- [nio-9111-exec-5] o.s.c.c.s.e.NativeEnvironmentRepository  : Adding property source: file:/var/folders/z9/yc57xt814c7fz5qhl4hbyscm0000gn/T/config-repo-4233924754529918213/ms1.properties
2018-04-20 15:12:48.535  INFO 10380 --- [nio-9111-exec-5] s.c.a.AnnotationConfigApplicationContext : Closing org.springframework.context.annotation.AnnotationConfigApplicationContext@631f129e: startup date [Fri Apr 20 15:12:48 IST 2018]; root of context hierarchy
2018-04-20 15:12:49.262  INFO 10380 --- [nio-9111-exec-6] s.c.a.AnnotationConfigApplicationContext : Refreshing org.springframework.context.annotation.AnnotationConfigApplicationContext@4763b4e5: startup date [Fri Apr 20 15:12:49 IST 2018]; root of context hierarchy
2018-04-20 15:12:49.274  INFO 10380 --- [nio-9111-exec-6] o.s.c.c.s.e.NativeEnvironmentRepository  : Adding property source: file:/var/folders/z9/yc57xt814c7fz5qhl4hbyscm0000gn/T/config-repo-4233924754529918213/ms1.properties
2018-04-20 15:12:49.274  INFO 10380 --- [nio-9111-exec-6] s.c.a.AnnotationConfigApplicationContext : Closing org.springframework.context.annotation.AnnotationConfigApplicationContext@4763b4e5: startup date [Fri Apr 20 15:12:49 IST 2018]; root of context hierarchy
2018-04-20 15:12:52.435  INFO 10380 --- [nio-9111-exec-7] s.c.a.AnnotationConfigApplicationContext : Refreshing org.springframework.context.annotation.AnnotationConfigApplicationContext@7043f29c: startup date [Fri Apr 20 15:12:52 IST 2018]; root of context hierarchy
2018-04-20 15:12:52.458  INFO 10380 --- [nio-9111-exec-7] s.c.a.AnnotationConfigApplicationContext : Closing org.springframework.context.annotation.AnnotationConfigApplicationContext@7043f29c: startup date [Fri Apr 20 15:12:52 IST 2018]; root of context hierarchy
2018-04-20 15:12:53.778  INFO 10380 --- [nio-9111-exec-8] s.c.a.AnnotationConfigApplicationContext : Refreshing org.springframework.context.annotation.AnnotationConfigApplicationContext@195a18f5: startup date [Fri Apr 20 15:12:53 IST 2018]; root of context hierarchy
2018-04-20 15:12:53.790  INFO 10380 --- [nio-9111-exec-8] s.c.a.AnnotationConfigApplicationContext : Closing org.springframework.context.annotation.AnnotationConfigApplicationContext@195a18f5: startup date [Fri Apr 20 15:12:53 IST 2018]; root of context hierarchy
2018-04-20 15:12:57.321  INFO 10380 --- [nio-9111-exec-9] s.c.a.AnnotationConfigApplicationContext : Refreshing org.springframework.context.annotation.AnnotationConfigApplicationContext@6267dd6: startup date [Fri Apr 20 15:12:57 IST 2018]; root of context hierarchy
2018-04-20 15:12:57.332  INFO 10380 --- [nio-9111-exec-9] s.c.a.AnnotationConfigApplicationContext : Closing org.springframework.context.annotation.AnnotationConfigApplicationContext@6267dd6: startup date [Fri Apr 20 15:12:57 IST 2018]; root of context hierarchy
2018-04-20 15:12:58.504  INFO 10380 --- [io-9111-exec-10] s.c.a.AnnotationConfigApplicationContext : Refreshing org.springframework.context.annotation.AnnotationConfigApplicationContext@698efc1f: startup date [Fri Apr 20 15:12:58 IST 2018]; root of context hierarchy
2018-04-20 15:12:58.515  INFO 10380 --- [io-9111-exec-10] s.c.a.AnnotationConfigApplicationContext : Closing org.springframework.context.annotation.AnnotationConfigApplicationContext@698efc1f: startup date [Fri Apr 20 15:12:58 IST 2018]; root of context hierarchy
2018-04-20 15:12:59.273  INFO 10380 --- [nio-9111-exec-1] s.c.a.AnnotationConfigApplicationContext : Refreshing org.springframework.context.annotation.AnnotationConfigApplicationContext@72734972: startup date [Fri Apr 20 15:12:59 IST 2018]; root of context hierarchy
2018-04-20 15:12:59.289  INFO 10380 --- [nio-9111-exec-1] s.c.a.AnnotationConfigApplicationContext : Closing org.springframework.context.annotation.AnnotationConfigApplicationContext@72734972: startup date [Fri Apr 20 15:12:59 IST 2018]; root of context hierarchy
2018-04-20 15:12:59.985  INFO 10380 --- [nio-9111-exec-2] s.c.a.AnnotationConfigApplicationContext : Refreshing org.springframework.context.annotation.AnnotationConfigApplicationContext@5d2573c6: startup date [Fri Apr 20 15:12:59 IST 2018]; root of context hierarchy
2018-04-20 15:12:59.997  INFO 10380 --- [nio-9111-exec-2] s.c.a.AnnotationConfigApplicationContext : Closing org.springframework.context.annotation.AnnotationConfigApplicationContext@5d2573c6: startup date [Fri Apr 20 15:12:59 IST 2018]; root of context hierarchy
2018-04-20 15:13:00.260  INFO 10380 --- [nio-9111-exec-3] s.c.a.AnnotationConfigApplicationContext : Refreshing org.springframework.context.annotation.AnnotationConfigApplicationContext@7ec7bcc0: startup date [Fri Apr 20 15:13:00 IST 2018]; root of context hierarchy
2018-04-20 15:13:00.270  INFO 10380 --- [nio-9111-exec-3] s.c.a.AnnotationConfigApplicationContext : Closing org.springframework.context.annotation.AnnotationConfigApplicationContext@7ec7bcc0: startup date [Fri Apr 20 15:13:00 IST 2018]; root of context hierarchy
2018-04-20 15:13:00.476  INFO 10380 --- [nio-9111-exec-4] s.c.a.AnnotationConfigApplicationContext : Refreshing org.springframework.context.annotation.AnnotationConfigApplicationContext@2f7a0f5c: startup date [Fri Apr 20 15:13:00 IST 2018]; root of context hierarchy
2018-04-20 15:13:00.490  INFO 10380 --- [nio-9111-exec-4] s.c.a.AnnotationConfigApplicationContext : Closing org.springframework.context.annotation.AnnotationConfigApplicationContext@2f7a0f5c: startup date [Fri Apr 20 15:13:00 IST 2018]; root of context hierarchy
2018-04-20 15:13:00.668  INFO 10380 --- [nio-9111-exec-5] s.c.a.AnnotationConfigApplicationContext : Refreshing org.springframework.context.annotation.AnnotationConfigApplicationContext@a4d8203: startup date [Fri Apr 20 15:13:00 IST 2018]; root of context hierarchy
2018-04-20 15:13:00.680  INFO 10380 --- [nio-9111-exec-5] s.c.a.AnnotationConfigApplicationContext : Closing org.springframework.context.annotation.AnnotationConfigApplicationContext@a4d8203: startup date [Fri Apr 20 15:13:00 IST 2018]; root of context hierarchy
2018-04-20 15:13:00.875  INFO 10380 --- [nio-9111-exec-6] s.c.a.AnnotationConfigApplicationContext : Refreshing org.springframework.context.annotation.AnnotationConfigApplicationContext@56a37055: startup date [Fri Apr 20 15:13:00 IST 2018]; root of context hierarchy
2018-04-20 15:13:00.886  INFO 10380 --- [nio-9111-exec-6] s.c.a.AnnotationConfigApplicationContext : Closing org.springframework.context.annotation.AnnotationConfigApplicationContext@56a37055: startup date [Fri Apr 20 15:13:00 IST 2018]; root of context hierarchy
2018-04-20 15:13:01.085  INFO 10380 --- [nio-9111-exec-7] s.c.a.AnnotationConfigApplicationContext : Refreshing org.springframework.context.annotation.AnnotationConfigApplicationContext@13f913d4: startup date [Fri Apr 20 15:13:01 IST 2018]; root of context hierarchy
2018-04-20 15:13:01.094  INFO 10380 --- [nio-9111-exec-7] s.c.a.AnnotationConfigApplicationContext : Closing org.springframework.context.annotation.AnnotationConfigApplicationContext@13f913d4: startup date [Fri Apr 20 15:13:01 IST 2018]; root of context hierarchy
2018-04-20 15:13:01.226  INFO 10380 --- [nio-9111-exec-8] s.c.a.AnnotationConfigApplicationContext : Refreshing org.springframework.context.annotation.AnnotationConfigApplicationContext@7cc6e4f0: startup date [Fri Apr 20 15:13:01 IST 2018]; root of context hierarchy
2018-04-20 15:13:01.230  INFO 10380 --- [nio-9111-exec-8] s.c.a.AnnotationConfigApplicationContext : Closing org.springframework.context.annotation.AnnotationConfigApplicationContext@7cc6e4f0: startup date [Fri Apr 20 15:13:01 IST 2018]; root of context hierarchy
2018-04-20 15:13:05.455  INFO 10380 --- [nio-9111-exec-9] s.c.a.AnnotationConfigApplicationContext : Refreshing org.springframework.context.annotation.AnnotationConfigApplicationContext@196d1913: startup date [Fri Apr 20 15:13:05 IST 2018]; root of context hierarchy
2018-04-20 15:13:05.460  INFO 10380 --- [nio-9111-exec-9] s.c.a.AnnotationConfigApplicationContext : Closing org.springframework.context.annotation.AnnotationConfigApplicationContext@196d1913: startup date [Fri Apr 20 15:13:05 IST 2018]; root of context hierarchy
2018-04-20 15:13:06.315  INFO 10380 --- [io-9111-exec-10] s.c.a.AnnotationConfigApplicationContext : Refreshing org.springframework.context.annotation.AnnotationConfigApplicationContext@205f3790: startup date [Fri Apr 20 15:13:06 IST 2018]; root of context hierarchy
2018-04-20 15:13:06.336  INFO 10380 --- [io-9111-exec-10] s.c.a.AnnotationConfigApplicationContext : Closing org.springframework.context.annotation.AnnotationConfigApplicationContext@205f3790: startup date [Fri Apr 20 15:13:06 IST 2018]; root of context hierarchy
2018-04-20 15:13:07.004  INFO 10380 --- [nio-9111-exec-1] s.c.a.AnnotationConfigApplicationContext : Refreshing org.springframework.context.annotation.AnnotationConfigApplicationContext@29cd4954: startup date [Fri Apr 20 15:13:07 IST 2018]; root of context hierarchy
2018-04-20 15:13:07.008  INFO 10380 --- [nio-9111-exec-1] s.c.a.AnnotationConfigApplicationContext : Closing org.springframework.context.annotation.AnnotationConfigApplicationContext@29cd4954: startup date [Fri Apr 20 15:13:07 IST 2018]; root of context hierarchy
2018-04-20 15:13:12.716  INFO 10380 --- [nio-9111-exec-3] s.c.a.AnnotationConfigApplicationContext : Refreshing org.springframework.context.annotation.AnnotationConfigApplicationContext@54888213: startup date [Fri Apr 20 15:13:12 IST 2018]; root of context hierarchy
2018-04-20 15:13:12.725  INFO 10380 --- [nio-9111-exec-3] o.s.c.c.s.e.NativeEnvironmentRepository  : Adding property source: file:/var/folders/z9/yc57xt814c7fz5qhl4hbyscm0000gn/T/config-repo-4233924754529918213/ms1.properties
2018-04-20 15:13:12.725  INFO 10380 --- [nio-9111-exec-3] s.c.a.AnnotationConfigApplicationContext : Closing org.springframework.context.annotation.AnnotationConfigApplicationContext@54888213: startup date [Fri Apr 20 15:13:12 IST 2018]; root of context hierarchy
2018-04-20 15:13:13.552  INFO 10380 --- [nio-9111-exec-4] s.c.a.AnnotationConfigApplicationContext : Refreshing org.springframework.context.annotation.AnnotationConfigApplicationContext@3f91ab2: startup date [Fri Apr 20 15:13:13 IST 2018]; root of context hierarchy
2018-04-20 15:13:13.560  INFO 10380 --- [nio-9111-exec-4] o.s.c.c.s.e.NativeEnvironmentRepository  : Adding property source: file:/var/folders/z9/yc57xt814c7fz5qhl4hbyscm0000gn/T/config-repo-4233924754529918213/ms1.properties
2018-04-20 15:13:13.560  INFO 10380 --- [nio-9111-exec-4] s.c.a.AnnotationConfigApplicationContext : Closing org.springframework.context.annotation.AnnotationConfigApplicationContext@3f91ab2: startup date [Fri Apr 20 15:13:13 IST 2018]; root of context hierarchy
2018-04-20 15:13:14.512  INFO 10380 --- [nio-9111-exec-5] s.c.a.AnnotationConfigApplicationContext : Refreshing org.springframework.context.annotation.AnnotationConfigApplicationContext@4633839e: startup date [Fri Apr 20 15:13:14 IST 2018]; root of context hierarchy
2018-04-20 15:13:14.518  INFO 10380 --- [nio-9111-exec-5] o.s.c.c.s.e.NativeEnvironmentRepository  : Adding property source: file:/var/folders/z9/yc57xt814c7fz5qhl4hbyscm0000gn/T/config-repo-4233924754529918213/ms1.properties
2018-04-20 15:13:14.518  INFO 10380 --- [nio-9111-exec-5] s.c.a.AnnotationConfigApplicationContext : Closing org.springframework.context.annotation.AnnotationConfigApplicationContext@4633839e: startup date [Fri Apr 20 15:13:14 IST 2018]; root of context hierarchy
2018-04-20 15:13:14.778  INFO 10380 --- [nio-9111-exec-6] s.c.a.AnnotationConfigApplicationContext : Refreshing org.springframework.context.annotation.AnnotationConfigApplicationContext@17351c6c: startup date [Fri Apr 20 15:13:14 IST 2018]; root of context hierarchy
2018-04-20 15:13:14.784  INFO 10380 --- [nio-9111-exec-6] o.s.c.c.s.e.NativeEnvironmentRepository  : Adding property source: file:/var/folders/z9/yc57xt814c7fz5qhl4hbyscm0000gn/T/config-repo-4233924754529918213/ms1.properties
2018-04-20 15:13:14.784  INFO 10380 --- [nio-9111-exec-6] s.c.a.AnnotationConfigApplicationContext : Closing org.springframework.context.annotation.AnnotationConfigApplicationContext@17351c6c: startup date [Fri Apr 20 15:13:14 IST 2018]; root of context hierarchy
2018-04-20 15:13:14.963  INFO 10380 --- [nio-9111-exec-7] s.c.a.AnnotationConfigApplicationContext : Refreshing org.springframework.context.annotation.AnnotationConfigApplicationContext@71a8106: startup date [Fri Apr 20 15:13:14 IST 2018]; root of context hierarchy
2018-04-20 15:13:14.973  INFO 10380 --- [nio-9111-exec-7] o.s.c.c.s.e.NativeEnvironmentRepository  : Adding property source: file:/var/folders/z9/yc57xt814c7fz5qhl4hbyscm0000gn/T/config-repo-4233924754529918213/ms1.properties
2018-04-20 15:13:14.973  INFO 10380 --- [nio-9111-exec-7] s.c.a.AnnotationConfigApplicationContext : Closing org.springframework.context.annotation.AnnotationConfigApplicationContext@71a8106: startup date [Fri Apr 20 15:13:14 IST 2018]; root of context hierarchy
2018-04-20 15:24:37.861  INFO 10380 --- [io-9111-exec-10] .c.s.e.MultipleJGitEnvironmentRepository : Fetched for remote master and found 1 updates
2018-04-20 15:24:37.938  INFO 10380 --- [io-9111-exec-10] s.c.a.AnnotationConfigApplicationContext : Refreshing org.springframework.context.annotation.AnnotationConfigApplicationContext@10d7637a: startup date [Fri Apr 20 15:24:37 IST 2018]; root of context hierarchy
2018-04-20 15:24:37.960  INFO 10380 --- [io-9111-exec-10] s.c.a.AnnotationConfigApplicationContext : Closing org.springframework.context.annotation.AnnotationConfigApplicationContext@10d7637a: startup date [Fri Apr 20 15:24:37 IST 2018]; root of context hierarchy
2018-04-20 15:24:39.388  INFO 10380 --- [nio-9111-exec-1] s.c.a.AnnotationConfigApplicationContext : Refreshing org.springframework.context.annotation.AnnotationConfigApplicationContext@462bf516: startup date [Fri Apr 20 15:24:39 IST 2018]; root of context hierarchy
2018-04-20 15:24:39.395  INFO 10380 --- [nio-9111-exec-1] s.c.a.AnnotationConfigApplicationContext : Closing org.springframework.context.annotation.AnnotationConfigApplicationContext@462bf516: startup date [Fri Apr 20 15:24:39 IST 2018]; root of context hierarchy
2018-04-20 15:24:41.037  INFO 10380 --- [nio-9111-exec-3] s.c.a.AnnotationConfigApplicationContext : Refreshing org.springframework.context.annotation.AnnotationConfigApplicationContext@1597bfb5: startup date [Fri Apr 20 15:24:41 IST 2018]; root of context hierarchy
2018-04-20 15:24:41.044  INFO 10380 --- [nio-9111-exec-3] o.s.c.c.s.e.NativeEnvironmentRepository  : Adding property source: file:/var/folders/z9/yc57xt814c7fz5qhl4hbyscm0000gn/T/config-repo-4233924754529918213/ms1.properties
2018-04-20 15:24:41.044  INFO 10380 --- [nio-9111-exec-3] s.c.a.AnnotationConfigApplicationContext : Closing org.springframework.context.annotation.AnnotationConfigApplicationContext@1597bfb5: startup date [Fri Apr 20 15:24:41 IST 2018]; root of context hierarchy
2018-04-20 15:24:41.761  INFO 10380 --- [nio-9111-exec-4] s.c.a.AnnotationConfigApplicationContext : Refreshing org.springframework.context.annotation.AnnotationConfigApplicationContext@206c2f85: startup date [Fri Apr 20 15:24:41 IST 2018]; root of context hierarchy
2018-04-20 15:24:41.768  INFO 10380 --- [nio-9111-exec-4] o.s.c.c.s.e.NativeEnvironmentRepository  : Adding property source: file:/var/folders/z9/yc57xt814c7fz5qhl4hbyscm0000gn/T/config-repo-4233924754529918213/ms1.properties
2018-04-20 15:24:41.769  INFO 10380 --- [nio-9111-exec-4] s.c.a.AnnotationConfigApplicationContext : Closing org.springframework.context.annotation.AnnotationConfigApplicationContext@206c2f85: startup date [Fri Apr 20 15:24:41 IST 2018]; root of context hierarchy
2018-04-20 15:24:42.797  INFO 10380 --- [nio-9111-exec-5] s.c.a.AnnotationConfigApplicationContext : Refreshing org.springframework.context.annotation.AnnotationConfigApplicationContext@5ef5c479: startup date [Fri Apr 20 15:24:42 IST 2018]; root of context hierarchy
2018-04-20 15:24:42.806  INFO 10380 --- [nio-9111-exec-5] o.s.c.c.s.e.NativeEnvironmentRepository  : Adding property source: file:/var/folders/z9/yc57xt814c7fz5qhl4hbyscm0000gn/T/config-repo-4233924754529918213/ms1.properties
2018-04-20 15:24:42.806  INFO 10380 --- [nio-9111-exec-5] s.c.a.AnnotationConfigApplicationContext : Closing org.springframework.context.annotation.AnnotationConfigApplicationContext@5ef5c479: startup date [Fri Apr 20 15:24:42 IST 2018]; root of context hierarchy
2018-04-20 15:24:43.046  INFO 10380 --- [nio-9111-exec-6] s.c.a.AnnotationConfigApplicationContext : Refreshing org.springframework.context.annotation.AnnotationConfigApplicationContext@6e5e6062: startup date [Fri Apr 20 15:24:43 IST 2018]; root of context hierarchy
2018-04-20 15:24:43.059  INFO 10380 --- [nio-9111-exec-6] o.s.c.c.s.e.NativeEnvironmentRepository  : Adding property source: file:/var/folders/z9/yc57xt814c7fz5qhl4hbyscm0000gn/T/config-repo-4233924754529918213/ms1.properties
2018-04-20 15:24:43.060  INFO 10380 --- [nio-9111-exec-6] s.c.a.AnnotationConfigApplicationContext : Closing org.springframework.context.annotation.AnnotationConfigApplicationContext@6e5e6062: startup date [Fri Apr 20 15:24:43 IST 2018]; root of context hierarchy
2018-04-20 15:24:43.260  INFO 10380 --- [nio-9111-exec-7] s.c.a.AnnotationConfigApplicationContext : Refreshing org.springframework.context.annotation.AnnotationConfigApplicationContext@26b39c1c: startup date [Fri Apr 20 15:24:43 IST 2018]; root of context hierarchy
2018-04-20 15:24:43.265  INFO 10380 --- [nio-9111-exec-7] o.s.c.c.s.e.NativeEnvironmentRepository  : Adding property source: file:/var/folders/z9/yc57xt814c7fz5qhl4hbyscm0000gn/T/config-repo-4233924754529918213/ms1.properties
2018-04-20 15:24:43.266  INFO 10380 --- [nio-9111-exec-7] s.c.a.AnnotationConfigApplicationContext : Closing org.springframework.context.annotation.AnnotationConfigApplicationContext@26b39c1c: startup date [Fri Apr 20 15:24:43 IST 2018]; root of context hierarchy
2018-04-20 15:24:43.433  INFO 10380 --- [nio-9111-exec-8] s.c.a.AnnotationConfigApplicationContext : Refreshing org.springframework.context.annotation.AnnotationConfigApplicationContext@1b5a21fa: startup date [Fri Apr 20 15:24:43 IST 2018]; root of context hierarchy
2018-04-20 15:24:43.439  INFO 10380 --- [nio-9111-exec-8] o.s.c.c.s.e.NativeEnvironmentRepository  : Adding property source: file:/var/folders/z9/yc57xt814c7fz5qhl4hbyscm0000gn/T/config-repo-4233924754529918213/ms1.properties
2018-04-20 15:24:43.439  INFO 10380 --- [nio-9111-exec-8] s.c.a.AnnotationConfigApplicationContext : Closing org.springframework.context.annotation.AnnotationConfigApplicationContext@1b5a21fa: startup date [Fri Apr 20 15:24:43 IST 2018]; root of context hierarchy
2018-04-20 15:24:43.617  INFO 10380 --- [nio-9111-exec-9] s.c.a.AnnotationConfigApplicationContext : Refreshing org.springframework.context.annotation.AnnotationConfigApplicationContext@730f84bb: startup date [Fri Apr 20 15:24:43 IST 2018]; root of context hierarchy
2018-04-20 15:24:43.623  INFO 10380 --- [nio-9111-exec-9] o.s.c.c.s.e.NativeEnvironmentRepository  : Adding property source: file:/var/folders/z9/yc57xt814c7fz5qhl4hbyscm0000gn/T/config-repo-4233924754529918213/ms1.properties
2018-04-20 15:24:43.624  INFO 10380 --- [nio-9111-exec-9] s.c.a.AnnotationConfigApplicationContext : Closing org.springframework.context.annotation.AnnotationConfigApplicationContext@730f84bb: startup date [Fri Apr 20 15:24:43 IST 2018]; root of context hierarchy
2018-04-20 15:24:43.773  INFO 10380 --- [io-9111-exec-10] s.c.a.AnnotationConfigApplicationContext : Refreshing org.springframework.context.annotation.AnnotationConfigApplicationContext@ce5fadb: startup date [Fri Apr 20 15:24:43 IST 2018]; root of context hierarchy
2018-04-20 15:24:43.781  INFO 10380 --- [io-9111-exec-10] o.s.c.c.s.e.NativeEnvironmentRepository  : Adding property source: file:/var/folders/z9/yc57xt814c7fz5qhl4hbyscm0000gn/T/config-repo-4233924754529918213/ms1.properties
2018-04-20 15:24:43.781  INFO 10380 --- [io-9111-exec-10] s.c.a.AnnotationConfigApplicationContext : Closing org.springframework.context.annotation.AnnotationConfigApplicationContext@ce5fadb: startup date [Fri Apr 20 15:24:43 IST 2018]; root of context hierarchy
2018-04-20 15:24:43.919  INFO 10380 --- [nio-9111-exec-1] s.c.a.AnnotationConfigApplicationContext : Refreshing org.springframework.context.annotation.AnnotationConfigApplicationContext@2511783b: startup date [Fri Apr 20 15:24:43 IST 2018]; root of context hierarchy
2018-04-20 15:24:43.930  INFO 10380 --- [nio-9111-exec-1] o.s.c.c.s.e.NativeEnvironmentRepository  : Adding property source: file:/var/folders/z9/yc57xt814c7fz5qhl4hbyscm0000gn/T/config-repo-4233924754529918213/ms1.properties
2018-04-20 15:24:43.930  INFO 10380 --- [nio-9111-exec-1] s.c.a.AnnotationConfigApplicationContext : Closing org.springframework.context.annotation.AnnotationConfigApplicationContext@2511783b: startup date [Fri Apr 20 15:24:43 IST 2018]; root of context hierarchy
2018-04-20 15:24:44.069  INFO 10380 --- [nio-9111-exec-2] s.c.a.AnnotationConfigApplicationContext : Refreshing org.springframework.context.annotation.AnnotationConfigApplicationContext@84bcd2b: startup date [Fri Apr 20 15:24:44 IST 2018]; root of context hierarchy
2018-04-20 15:24:44.080  INFO 10380 --- [nio-9111-exec-2] o.s.c.c.s.e.NativeEnvironmentRepository  : Adding property source: file:/var/folders/z9/yc57xt814c7fz5qhl4hbyscm0000gn/T/config-repo-4233924754529918213/ms1.properties
2018-04-20 15:24:44.080  INFO 10380 --- [nio-9111-exec-2] s.c.a.AnnotationConfigApplicationContext : Closing org.springframework.context.annotation.AnnotationConfigApplicationContext@84bcd2b: startup date [Fri Apr 20 15:24:44 IST 2018]; root of context hierarchy
2018-04-20 15:24:44.352  INFO 10380 --- [nio-9111-exec-3] s.c.a.AnnotationConfigApplicationContext : Refreshing org.springframework.context.annotation.AnnotationConfigApplicationContext@271dd5ce: startup date [Fri Apr 20 15:24:44 IST 2018]; root of context hierarchy
2018-04-20 15:24:44.363  INFO 10380 --- [nio-9111-exec-3] o.s.c.c.s.e.NativeEnvironmentRepository  : Adding property source: file:/var/folders/z9/yc57xt814c7fz5qhl4hbyscm0000gn/T/config-repo-4233924754529918213/ms1.properties
2018-04-20 15:24:44.364  INFO 10380 --- [nio-9111-exec-3] s.c.a.AnnotationConfigApplicationContext : Closing org.springframework.context.annotation.AnnotationConfigApplicationContext@271dd5ce: startup date [Fri Apr 20 15:24:44 IST 2018]; root of context hierarchy
2018-04-20 15:24:44.534  INFO 10380 --- [nio-9111-exec-4] s.c.a.AnnotationConfigApplicationContext : Refreshing org.springframework.context.annotation.AnnotationConfigApplicationContext@102ce4d3: startup date [Fri Apr 20 15:24:44 IST 2018]; root of context hierarchy
2018-04-20 15:24:44.546  INFO 10380 --- [nio-9111-exec-4] o.s.c.c.s.e.NativeEnvironmentRepository  : Adding property source: file:/var/folders/z9/yc57xt814c7fz5qhl4hbyscm0000gn/T/config-repo-4233924754529918213/ms1.properties
2018-04-20 15:24:44.547  INFO 10380 --- [nio-9111-exec-4] s.c.a.AnnotationConfigApplicationContext : Closing org.springframework.context.annotation.AnnotationConfigApplicationContext@102ce4d3: startup date [Fri Apr 20 15:24:44 IST 2018]; root of context hierarchy
2018-04-20 15:24:44.708  INFO 10380 --- [nio-9111-exec-5] s.c.a.AnnotationConfigApplicationContext : Refreshing org.springframework.context.annotation.AnnotationConfigApplicationContext@1c616e77: startup date [Fri Apr 20 15:24:44 IST 2018]; root of context hierarchy
2018-04-20 15:24:44.713  INFO 10380 --- [nio-9111-exec-5] o.s.c.c.s.e.NativeEnvironmentRepository  : Adding property source: file:/var/folders/z9/yc57xt814c7fz5qhl4hbyscm0000gn/T/config-repo-4233924754529918213/ms1.properties
2018-04-20 15:24:44.713  INFO 10380 --- [nio-9111-exec-5] s.c.a.AnnotationConfigApplicationContext : Closing org.springframework.context.annotation.AnnotationConfigApplicationContext@1c616e77: startup date [Fri Apr 20 15:24:44 IST 2018]; root of context hierarchy
2018-04-20 15:24:44.929  INFO 10380 --- [nio-9111-exec-6] s.c.a.AnnotationConfigApplicationContext : Refreshing org.springframework.context.annotation.AnnotationConfigApplicationContext@2473b57f: startup date [Fri Apr 20 15:24:44 IST 2018]; root of context hierarchy
2018-04-20 15:24:44.935  INFO 10380 --- [nio-9111-exec-6] o.s.c.c.s.e.NativeEnvironmentRepository  : Adding property source: file:/var/folders/z9/yc57xt814c7fz5qhl4hbyscm0000gn/T/config-repo-4233924754529918213/ms1.properties
2018-04-20 15:24:44.935  INFO 10380 --- [nio-9111-exec-6] s.c.a.AnnotationConfigApplicationContext : Closing org.springframework.context.annotation.AnnotationConfigApplicationContext@2473b57f: startup date [Fri Apr 20 15:24:44 IST 2018]; root of context hierarchy
2018-04-20 15:24:45.108  INFO 10380 --- [nio-9111-exec-7] s.c.a.AnnotationConfigApplicationContext : Refreshing org.springframework.context.annotation.AnnotationConfigApplicationContext@1f9c0164: startup date [Fri Apr 20 15:24:45 IST 2018]; root of context hierarchy
2018-04-20 15:24:45.113  INFO 10380 --- [nio-9111-exec-7] o.s.c.c.s.e.NativeEnvironmentRepository  : Adding property source: file:/var/folders/z9/yc57xt814c7fz5qhl4hbyscm0000gn/T/config-repo-4233924754529918213/ms1.properties
2018-04-20 15:24:45.114  INFO 10380 --- [nio-9111-exec-7] s.c.a.AnnotationConfigApplicationContext : Closing org.springframework.context.annotation.AnnotationConfigApplicationContext@1f9c0164: startup date [Fri Apr 20 15:24:45 IST 2018]; root of context hierarchy
2018-04-20 15:24:45.315  INFO 10380 --- [nio-9111-exec-8] s.c.a.AnnotationConfigApplicationContext : Refreshing org.springframework.context.annotation.AnnotationConfigApplicationContext@2fdf6fe8: startup date [Fri Apr 20 15:24:45 IST 2018]; root of context hierarchy
2018-04-20 15:24:45.325  INFO 10380 --- [nio-9111-exec-8] o.s.c.c.s.e.NativeEnvironmentRepository  : Adding property source: file:/var/folders/z9/yc57xt814c7fz5qhl4hbyscm0000gn/T/config-repo-4233924754529918213/ms1.properties
2018-04-20 15:24:45.326  INFO 10380 --- [nio-9111-exec-8] s.c.a.AnnotationConfigApplicationContext : Closing org.springframework.context.annotation.AnnotationConfigApplicationContext@2fdf6fe8: startup date [Fri Apr 20 15:24:45 IST 2018]; root of context hierarchy
2018-04-20 15:24:45.548  INFO 10380 --- [nio-9111-exec-9] s.c.a.AnnotationConfigApplicationContext : Refreshing org.springframework.context.annotation.AnnotationConfigApplicationContext@6a2b02ee: startup date [Fri Apr 20 15:24:45 IST 2018]; root of context hierarchy
2018-04-20 15:24:45.555  INFO 10380 --- [nio-9111-exec-9] o.s.c.c.s.e.NativeEnvironmentRepository  : Adding property source: file:/var/folders/z9/yc57xt814c7fz5qhl4hbyscm0000gn/T/config-repo-4233924754529918213/ms1.properties
2018-04-20 15:24:45.555  INFO 10380 --- [nio-9111-exec-9] s.c.a.AnnotationConfigApplicationContext : Closing org.springframework.context.annotation.AnnotationConfigApplicationContext@6a2b02ee: startup date [Fri Apr 20 15:24:45 IST 2018]; root of context hierarchy
2018-04-20 15:24:45.756  INFO 10380 --- [io-9111-exec-10] s.c.a.AnnotationConfigApplicationContext : Refreshing org.springframework.context.annotation.AnnotationConfigApplicationContext@336ff755: startup date [Fri Apr 20 15:24:45 IST 2018]; root of context hierarchy
2018-04-20 15:24:45.772  INFO 10380 --- [io-9111-exec-10] o.s.c.c.s.e.NativeEnvironmentRepository  : Adding property source: file:/var/folders/z9/yc57xt814c7fz5qhl4hbyscm0000gn/T/config-repo-4233924754529918213/ms1.properties
2018-04-20 15:24:45.772  INFO 10380 --- [io-9111-exec-10] s.c.a.AnnotationConfigApplicationContext : Closing org.springframework.context.annotation.AnnotationConfigApplicationContext@336ff755: startup date [Fri Apr 20 15:24:45 IST 2018]; root of context hierarchy
2018-04-20 15:24:45.894  INFO 10380 --- [nio-9111-exec-1] s.c.a.AnnotationConfigApplicationContext : Refreshing org.springframework.context.annotation.AnnotationConfigApplicationContext@5294950d: startup date [Fri Apr 20 15:24:45 IST 2018]; root of context hierarchy
2018-04-20 15:24:45.906  INFO 10380 --- [nio-9111-exec-1] o.s.c.c.s.e.NativeEnvironmentRepository  : Adding property source: file:/var/folders/z9/yc57xt814c7fz5qhl4hbyscm0000gn/T/config-repo-4233924754529918213/ms1.properties
2018-04-20 15:24:45.906  INFO 10380 --- [nio-9111-exec-1] s.c.a.AnnotationConfigApplicationContext : Closing org.springframework.context.annotation.AnnotationConfigApplicationContext@5294950d: startup date [Fri Apr 20 15:24:45 IST 2018]; root of context hierarchy
2018-04-20 15:25:07.267  INFO 10380 --- [nio-9111-exec-2] s.c.a.AnnotationConfigApplicationContext : Refreshing org.springframework.context.annotation.AnnotationConfigApplicationContext@6e1f62a6: startup date [Fri Apr 20 15:25:07 IST 2018]; root of context hierarchy
2018-04-20 15:25:07.275  INFO 10380 --- [nio-9111-exec-2] o.s.c.c.s.e.NativeEnvironmentRepository  : Adding property source: file:/var/folders/z9/yc57xt814c7fz5qhl4hbyscm0000gn/T/config-repo-4233924754529918213/ms1.properties
2018-04-20 15:25:07.276  INFO 10380 --- [nio-9111-exec-2] s.c.a.AnnotationConfigApplicationContext : Closing org.springframework.context.annotation.AnnotationConfigApplicationContext@6e1f62a6: startup date [Fri Apr 20 15:25:07 IST 2018]; root of context hierarchy
2018-04-20 15:26:13.520  INFO 10380 --- [nio-9111-exec-5] s.c.a.AnnotationConfigApplicationContext : Refreshing org.springframework.context.annotation.AnnotationConfigApplicationContext@7e9765d9: startup date [Fri Apr 20 15:26:13 IST 2018]; root of context hierarchy
2018-04-20 15:26:13.532  INFO 10380 --- [nio-9111-exec-5] o.s.c.c.s.e.NativeEnvironmentRepository  : Adding property source: file:/var/folders/z9/yc57xt814c7fz5qhl4hbyscm0000gn/T/config-repo-4233924754529918213/ms1.properties
2018-04-20 15:26:13.533  INFO 10380 --- [nio-9111-exec-5] s.c.a.AnnotationConfigApplicationContext : Closing org.springframework.context.annotation.AnnotationConfigApplicationContext@7e9765d9: startup date [Fri Apr 20 15:26:13 IST 2018]; root of context hierarchy
2018-04-20 15:26:18.588  INFO 10380 --- [nio-9111-exec-6] s.c.a.AnnotationConfigApplicationContext : Refreshing org.springframework.context.annotation.AnnotationConfigApplicationContext@21b47050: startup date [Fri Apr 20 15:26:18 IST 2018]; root of context hierarchy
2018-04-20 15:26:18.595  INFO 10380 --- [nio-9111-exec-6] o.s.c.c.s.e.NativeEnvironmentRepository  : Adding property source: file:/var/folders/z9/yc57xt814c7fz5qhl4hbyscm0000gn/T/config-repo-4233924754529918213/ms1.properties
2018-04-20 15:26:18.595  INFO 10380 --- [nio-9111-exec-6] s.c.a.AnnotationConfigApplicationContext : Closing org.springframework.context.annotation.AnnotationConfigApplicationContext@21b47050: startup date [Fri Apr 20 15:26:18 IST 2018]; root of context hierarchy
2018-04-20 15:26:46.101  INFO 10380 --- [nio-9111-exec-7] s.c.a.AnnotationConfigApplicationContext : Refreshing org.springframework.context.annotation.AnnotationConfigApplicationContext@1cef22c5: startup date [Fri Apr 20 15:26:46 IST 2018]; root of context hierarchy
2018-04-20 15:26:46.116  INFO 10380 --- [nio-9111-exec-7] o.s.c.c.s.e.NativeEnvironmentRepository  : Adding property source: file:/var/folders/z9/yc57xt814c7fz5qhl4hbyscm0000gn/T/config-repo-4233924754529918213/ms1.properties
2018-04-20 15:26:46.117  INFO 10380 --- [nio-9111-exec-7] s.c.a.AnnotationConfigApplicationContext : Closing org.springframework.context.annotation.AnnotationConfigApplicationContext@1cef22c5: startup date [Fri Apr 20 15:26:46 IST 2018]; root of context hierarchy
2018-04-20 15:26:50.428  INFO 10380 --- [nio-9111-exec-8] s.c.a.AnnotationConfigApplicationContext : Refreshing org.springframework.context.annotation.AnnotationConfigApplicationContext@4b7d1f69: startup date [Fri Apr 20 15:26:50 IST 2018]; root of context hierarchy
2018-04-20 15:26:50.436  INFO 10380 --- [nio-9111-exec-8] o.s.c.c.s.e.NativeEnvironmentRepository  : Adding property source: file:/var/folders/z9/yc57xt814c7fz5qhl4hbyscm0000gn/T/config-repo-4233924754529918213/ms2.properties
2018-04-20 15:26:50.436  INFO 10380 --- [nio-9111-exec-8] s.c.a.AnnotationConfigApplicationContext : Closing org.springframework.context.annotation.AnnotationConfigApplicationContext@4b7d1f69: startup date [Fri Apr 20 15:26:50 IST 2018]; root of context hierarchy
2018-04-20 15:26:50.787  INFO 10380 --- [nio-9111-exec-9] s.c.a.AnnotationConfigApplicationContext : Refreshing org.springframework.context.annotation.AnnotationConfigApplicationContext@1ee87fb3: startup date [Fri Apr 20 15:26:50 IST 2018]; root of context hierarchy
2018-04-20 15:26:50.796  INFO 10380 --- [nio-9111-exec-9] o.s.c.c.s.e.NativeEnvironmentRepository  : Adding property source: file:/var/folders/z9/yc57xt814c7fz5qhl4hbyscm0000gn/T/config-repo-4233924754529918213/ms2.properties
2018-04-20 15:26:50.796  INFO 10380 --- [nio-9111-exec-9] s.c.a.AnnotationConfigApplicationContext : Closing org.springframework.context.annotation.AnnotationConfigApplicationContext@1ee87fb3: startup date [Fri Apr 20 15:26:50 IST 2018]; root of context hierarchy
2018-04-20 15:34:04.415  INFO 10380 --- [nio-9111-exec-2] .c.s.e.MultipleJGitEnvironmentRepository : Fetched for remote master and found 1 updates
2018-04-20 15:34:04.514  INFO 10380 --- [nio-9111-exec-2] s.c.a.AnnotationConfigApplicationContext : Refreshing org.springframework.context.annotation.AnnotationConfigApplicationContext@21b45e47: startup date [Fri Apr 20 15:34:04 IST 2018]; root of context hierarchy
2018-04-20 15:34:04.546  INFO 10380 --- [nio-9111-exec-2] o.s.c.c.s.e.NativeEnvironmentRepository  : Adding property source: file:/var/folders/z9/yc57xt814c7fz5qhl4hbyscm0000gn/T/config-repo-4233924754529918213/ms2.properties
2018-04-20 15:34:04.547  INFO 10380 --- [nio-9111-exec-2] s.c.a.AnnotationConfigApplicationContext : Closing org.springframework.context.annotation.AnnotationConfigApplicationContext@21b45e47: startup date [Fri Apr 20 15:34:04 IST 2018]; root of context hierarchy
2018-04-20 15:34:09.299  INFO 10380 --- [nio-9111-exec-3] s.c.a.AnnotationConfigApplicationContext : Refreshing org.springframework.context.annotation.AnnotationConfigApplicationContext@27ff3881: startup date [Fri Apr 20 15:34:09 IST 2018]; root of context hierarchy
2018-04-20 15:34:09.308  INFO 10380 --- [nio-9111-exec-3] o.s.c.c.s.e.NativeEnvironmentRepository  : Adding property source: file:/var/folders/z9/yc57xt814c7fz5qhl4hbyscm0000gn/T/config-repo-4233924754529918213/ms1.properties
2018-04-20 15:34:09.308  INFO 10380 --- [nio-9111-exec-3] s.c.a.AnnotationConfigApplicationContext : Closing org.springframework.context.annotation.AnnotationConfigApplicationContext@27ff3881: startup date [Fri Apr 20 15:34:09 IST 2018]; root of context hierarchy
2018-04-20 15:40:25.214  INFO 10380 --- [nio-9111-exec-9] s.c.a.AnnotationConfigApplicationContext : Refreshing org.springframework.context.annotation.AnnotationConfigApplicationContext@5874bff6: startup date [Fri Apr 20 15:40:25 IST 2018]; root of context hierarchy
2018-04-20 15:40:25.252  INFO 10380 --- [nio-9111-exec-9] s.c.a.AnnotationConfigApplicationContext : Closing org.springframework.context.annotation.AnnotationConfigApplicationContext@5874bff6: startup date [Fri Apr 20 15:40:25 IST 2018]; root of context hierarchy
2018-04-20 15:40:25.642  INFO 10380 --- [io-9111-exec-10] s.c.a.AnnotationConfigApplicationContext : Refreshing org.springframework.context.annotation.AnnotationConfigApplicationContext@7324df4d: startup date [Fri Apr 20 15:40:25 IST 2018]; root of context hierarchy
2018-04-20 15:40:25.650  INFO 10380 --- [io-9111-exec-10] s.c.a.AnnotationConfigApplicationContext : Closing org.springframework.context.annotation.AnnotationConfigApplicationContext@7324df4d: startup date [Fri Apr 20 15:40:25 IST 2018]; root of context hierarchy
2018-04-20 15:40:28.709  INFO 10380 --- [nio-9111-exec-1] s.c.a.AnnotationConfigApplicationContext : Refreshing org.springframework.context.annotation.AnnotationConfigApplicationContext@55d3d402: startup date [Fri Apr 20 15:40:28 IST 2018]; root of context hierarchy
2018-04-20 15:40:28.739  INFO 10380 --- [nio-9111-exec-1] o.s.c.c.s.e.NativeEnvironmentRepository  : Adding property source: file:/var/folders/z9/yc57xt814c7fz5qhl4hbyscm0000gn/T/config-repo-4233924754529918213/ms1.properties
2018-04-20 15:40:28.744  INFO 10380 --- [nio-9111-exec-1] s.c.a.AnnotationConfigApplicationContext : Closing org.springframework.context.annotation.AnnotationConfigApplicationContext@55d3d402: startup date [Fri Apr 20 15:40:28 IST 2018]; root of context hierarchy
2018-04-20 15:40:31.210  INFO 10380 --- [nio-9111-exec-2] s.c.a.AnnotationConfigApplicationContext : Refreshing org.springframework.context.annotation.AnnotationConfigApplicationContext@7e5dd6f1: startup date [Fri Apr 20 15:40:31 IST 2018]; root of context hierarchy
2018-04-20 15:40:31.220  INFO 10380 --- [nio-9111-exec-2] o.s.c.c.s.e.NativeEnvironmentRepository  : Adding property source: file:/var/folders/z9/yc57xt814c7fz5qhl4hbyscm0000gn/T/config-repo-4233924754529918213/ms1.properties
2018-04-20 15:40:31.220  INFO 10380 --- [nio-9111-exec-2] s.c.a.AnnotationConfigApplicationContext : Closing org.springframework.context.annotation.AnnotationConfigApplicationContext@7e5dd6f1: startup date [Fri Apr 20 15:40:31 IST 2018]; root of context hierarchy
2018-04-20 15:40:31.302  INFO 10380 --- [nio-9111-exec-3] s.c.a.AnnotationConfigApplicationContext : Refreshing org.springframework.context.annotation.AnnotationConfigApplicationContext@50daa2e3: startup date [Fri Apr 20 15:40:31 IST 2018]; root of context hierarchy
2018-04-20 15:40:31.312  INFO 10380 --- [nio-9111-exec-3] o.s.c.c.s.e.NativeEnvironmentRepository  : Adding property source: file:/var/folders/z9/yc57xt814c7fz5qhl4hbyscm0000gn/T/config-repo-4233924754529918213/ms1.properties
2018-04-20 15:40:31.313  INFO 10380 --- [nio-9111-exec-3] s.c.a.AnnotationConfigApplicationContext : Closing org.springframework.context.annotation.AnnotationConfigApplicationContext@50daa2e3: startup date [Fri Apr 20 15:40:31 IST 2018]; root of context hierarchy
2018-04-20 15:40:35.852  INFO 10380 --- [nio-9111-exec-4] s.c.a.AnnotationConfigApplicationContext : Refreshing org.springframework.context.annotation.AnnotationConfigApplicationContext@386992e1: startup date [Fri Apr 20 15:40:35 IST 2018]; root of context hierarchy
2018-04-20 15:40:35.880  INFO 10380 --- [nio-9111-exec-4] o.s.c.c.s.e.NativeEnvironmentRepository  : Adding property source: file:/var/folders/z9/yc57xt814c7fz5qhl4hbyscm0000gn/T/config-repo-4233924754529918213/ms1.properties
2018-04-20 15:40:35.880  INFO 10380 --- [nio-9111-exec-4] s.c.a.AnnotationConfigApplicationContext : Closing org.springframework.context.annotation.AnnotationConfigApplicationContext@386992e1: startup date [Fri Apr 20 15:40:35 IST 2018]; root of context hierarchy
