[INFO] Scanning for projects...
[INFO] 
[INFO] ---------------------------< com.test:Admin >---------------------------
[INFO] Building Admin 0.0.1-SNAPSHOT
[INFO] --------------------------------[ jar ]---------------------------------
[INFO] 
[INFO] >>> spring-boot-maven-plugin:2.0.1.RELEASE:run (default-cli) > test-compile @ Admin >>>
[INFO] 
[INFO] --- maven-resources-plugin:3.0.1:resources (default-resources) @ Admin ---
[INFO] Using 'UTF-8' encoding to copy filtered resources.
[INFO] Copying 1 resource
[INFO] Copying 0 resource
[INFO] 
[INFO] --- maven-compiler-plugin:3.7.0:compile (default-compile) @ Admin ---
[INFO] Nothing to compile - all classes are up to date
[INFO] 
[INFO] --- maven-resources-plugin:3.0.1:testResources (default-testResources) @ Admin ---
[INFO] Using 'UTF-8' encoding to copy filtered resources.
[INFO] skip non existing resourceDirectory /Users/rinkugirdhar/Desktop/workspace/Admin/src/test/resources
[INFO] 
[INFO] --- maven-compiler-plugin:3.7.0:testCompile (default-testCompile) @ Admin ---
[INFO] Nothing to compile - all classes are up to date
[INFO] 
[INFO] <<< spring-boot-maven-plugin:2.0.1.RELEASE:run (default-cli) < test-compile @ Admin <<<
[INFO] 
[INFO] 
[INFO] --- spring-boot-maven-plugin:2.0.1.RELEASE:run (default-cli) @ Admin ---
14:45:55.852 [background-preinit] DEBUG org.jboss.logging - Logging Provider: org.jboss.logging.Log4j2LoggerProvider
14:45:55.855 [background-preinit] INFO org.hibernate.validator.internal.util.Version - HV000001: Hibernate Validator 6.0.9.Final
14:45:55.861 [background-preinit] DEBUG org.hibernate.validator.internal.engine.resolver.TraversableResolvers - Cannot find javax.persistence.Persistence on classpath. Assuming non JPA 2 environment. All properties will per default be traversable.
14:45:55.864 [background-preinit] DEBUG org.hibernate.validator.internal.xml.ValidationXmlParser - Trying to load META-INF/validation.xml for XML based Validator configuration.
14:45:55.865 [background-preinit] DEBUG org.hibernate.validator.internal.xml.ResourceLoaderHelper - Trying to load META-INF/validation.xml via TCCL
14:45:55.865 [background-preinit] DEBUG org.hibernate.validator.internal.xml.ResourceLoaderHelper - Trying to load META-INF/validation.xml via Hibernate Validator's class loader
14:45:55.866 [background-preinit] DEBUG org.hibernate.validator.internal.xml.ValidationXmlParser - No META-INF/validation.xml found. Using annotation based configuration only.
14:45:55.990 [background-preinit] DEBUG org.hibernate.validator.messageinterpolation.ResourceBundleMessageInterpolator - Loaded expression factory via original TCCL
14:45:55.994 [background-preinit] DEBUG org.hibernate.validator.internal.engine.ValidatorFactoryImpl - HV000234: Using org.hibernate.validator.messageinterpolation.ResourceBundleMessageInterpolator as ValidatorFactory-scoped message interpolator.
14:45:55.994 [background-preinit] DEBUG org.hibernate.validator.internal.engine.ValidatorFactoryImpl - HV000234: Using org.hibernate.validator.internal.engine.resolver.TraverseAllTraversableResolver as ValidatorFactory-scoped traversable resolver.
14:45:55.995 [background-preinit] DEBUG org.hibernate.validator.internal.engine.ValidatorFactoryImpl - HV000234: Using org.hibernate.validator.internal.util.ExecutableParameterNameProvider as ValidatorFactory-scoped parameter name provider.
14:45:55.995 [background-preinit] DEBUG org.hibernate.validator.internal.engine.ValidatorFactoryImpl - HV000234: Using org.hibernate.validator.internal.engine.DefaultClockProvider as ValidatorFactory-scoped clock provider.
14:45:55.995 [background-preinit] DEBUG org.hibernate.validator.internal.engine.ValidatorFactoryImpl - HV000234: Using org.hibernate.validator.internal.engine.scripting.DefaultScriptEvaluatorFactory as ValidatorFactory-scoped script evaluator factory.
[WARNING] 
java.lang.reflect.InvocationTargetException
    at sun.reflect.NativeMethodAccessorImpl.invoke0 (Native Method)
    at sun.reflect.NativeMethodAccessorImpl.invoke (NativeMethodAccessorImpl.java:62)
    at sun.reflect.DelegatingMethodAccessorImpl.invoke (DelegatingMethodAccessorImpl.java:43)
    at java.lang.reflect.Method.invoke (Method.java:498)
    at org.springframework.boot.maven.AbstractRunMojo$LaunchRunner.run (AbstractRunMojo.java:496)
    at java.lang.Thread.run (Thread.java:748)
Caused by: java.lang.NoSuchMethodError: org.springframework.boot.builder.SpringApplicationBuilder.<init>([Ljava/lang/Object;)V
    at org.springframework.cloud.bootstrap.BootstrapApplicationListener.bootstrapServiceContext (BootstrapApplicationListener.java:161)
    at org.springframework.cloud.bootstrap.BootstrapApplicationListener.onApplicationEvent (BootstrapApplicationListener.java:102)
    at org.springframework.cloud.bootstrap.BootstrapApplicationListener.onApplicationEvent (BootstrapApplicationListener.java:68)
    at org.springframework.context.event.SimpleApplicationEventMulticaster.doInvokeListener (SimpleApplicationEventMulticaster.java:172)
    at org.springframework.context.event.SimpleApplicationEventMulticaster.invokeListener (SimpleApplicationEventMulticaster.java:165)
    at org.springframework.context.event.SimpleApplicationEventMulticaster.multicastEvent (SimpleApplicationEventMulticaster.java:139)
    at org.springframework.context.event.SimpleApplicationEventMulticaster.multicastEvent (SimpleApplicationEventMulticaster.java:127)
    at org.springframework.boot.context.event.EventPublishingRunListener.environmentPrepared (EventPublishingRunListener.java:74)
    at org.springframework.boot.SpringApplicationRunListeners.environmentPrepared (SpringApplicationRunListeners.java:54)
    at org.springframework.boot.SpringApplication.prepareEnvironment (SpringApplication.java:358)
    at org.springframework.boot.SpringApplication.run (SpringApplication.java:317)
    at org.springframework.boot.SpringApplication.run (SpringApplication.java:1255)
    at org.springframework.boot.SpringApplication.run (SpringApplication.java:1243)
    at com.test.Admin.AdminApplication.main (AdminApplication.java:16)
    at sun.reflect.NativeMethodAccessorImpl.invoke0 (Native Method)
    at sun.reflect.NativeMethodAccessorImpl.invoke (NativeMethodAccessorImpl.java:62)
    at sun.reflect.DelegatingMethodAccessorImpl.invoke (DelegatingMethodAccessorImpl.java:43)
    at java.lang.reflect.Method.invoke (Method.java:498)
    at org.springframework.boot.maven.AbstractRunMojo$LaunchRunner.run (AbstractRunMojo.java:496)
    at java.lang.Thread.run (Thread.java:748)
[INFO] ------------------------------------------------------------------------
[INFO] BUILD FAILURE
[INFO] ------------------------------------------------------------------------
[INFO] Total time: 3.358 s
[INFO] Finished at: 2018-04-20T14:45:56+05:30
[INFO] ------------------------------------------------------------------------
[ERROR] Failed to execute goal org.springframework.boot:spring-boot-maven-plugin:2.0.1.RELEASE:run (default-cli) on project Admin: An exception occurred while running. null: InvocationTargetException: org.springframework.boot.builder.SpringApplicationBuilder.<init>([Ljava/lang/Object;)V -> [Help 1]
[ERROR] 
[ERROR] To see the full stack trace of the errors, re-run Maven with the -e switch.
[ERROR] Re-run Maven using the -X switch to enable full debug logging.
[ERROR] 
[ERROR] For more information about the errors and possible solutions, please read the following articles:
[ERROR] [Help 1] http://cwiki.apache.org/confluence/display/MAVEN/MojoExecutionException
